Log file open, 04/25/20 18:16:26
LogWindows: Failed to load 'aqProf.dll' (GetLastError=126)
LogWindows: File 'aqProf.dll' does not exist
LogWindows: Failed to load 'VtuneApi.dll' (GetLastError=126)
LogWindows: File 'VtuneApi.dll' does not exist
LogWindows: Failed to load 'VtuneApi32e.dll' (GetLastError=126)
LogWindows: File 'VtuneApi32e.dll' does not exist
LogConsoleResponse: Display: Failed to find resolution value strings in scalability ini. Falling back to default.
LogInit: Display: Running engine for game: RogueLike
LogPlatformFile: Not using cached read wrapper
LogTaskGraph: Started task graph with 5 named threads and 23 total threads with 3 sets of task threads.
LogStats: Stats thread started at 0.347291
LogD3D11RHI: Loaded GFSDK_Aftermath_Lib.x64.dll
LogICUInternationalization: ICU TimeZone Detection - Raw Offset: +0:00, Platform Override: ''
LogPluginManager: Mounting plugin Paper2D
LogPluginManager: Mounting plugin AISupport
LogPluginManager: Mounting plugin LightPropagationVolume
LogPluginManager: Mounting plugin ActorLayerUtilities
LogPluginManager: Mounting plugin AnimationSharing
LogPluginManager: Mounting plugin CLionSourceCodeAccess
LogPluginManager: Mounting plugin CodeLiteSourceCodeAccess
LogPluginManager: Mounting plugin GitSourceControl
LogPluginManager: Mounting plugin KDevelopSourceCodeAccess
LogPluginManager: Mounting plugin NullSourceCodeAccess
LogPluginManager: Mounting plugin PerforceSourceControl
LogPluginManager: Mounting plugin SubversionSourceControl
LogPluginManager: Mounting plugin UObjectPlugin
LogPluginManager: Mounting plugin VisualStudioCodeSourceCodeAccess
LogPluginManager: Mounting plugin VisualStudioSourceCodeAccess
LogPluginManager: Mounting plugin XCodeSourceCodeAccess
LogPluginManager: Mounting plugin AssetManagerEditor
LogPluginManager: Mounting plugin CryptoKeys
LogPluginManager: Mounting plugin CurveEditorTools
LogPluginManager: Mounting plugin DataValidation
LogPluginManager: Mounting plugin FacialAnimation
LogPluginManager: Mounting plugin GameplayTagsEditor
LogPluginManager: Mounting plugin MacGraphicsSwitching
LogPluginManager: Mounting plugin MaterialAnalyzer
LogPluginManager: Mounting plugin MobileLauncherProfileWizard
LogPluginManager: Mounting plugin PluginBrowser
LogPluginManager: Mounting plugin SpeedTreeImporter
LogPluginManager: Mounting plugin DatasmithContent
LogPluginManager: Mounting plugin VariantManagerContent
LogPluginManager: Mounting plugin AlembicImporter
LogPluginManager: Mounting plugin AutomationUtils
LogPluginManager: Mounting plugin BackChannel
LogPluginManager: Mounting plugin CharacterAI
LogPluginManager: Mounting plugin GeometryCache
LogPluginManager: Mounting plugin HTML5Networking
LogPluginManager: Mounting plugin PlatformCrypto
LogPluginManager: Mounting plugin ProxyLODPlugin
LogPluginManager: Mounting plugin SkeletalReduction
LogPluginManager: Mounting plugin MagicLeap
LogPluginManager: Mounting plugin MagicLeapMedia
LogPluginManager: Mounting plugin AndroidMedia
LogPluginManager: Mounting plugin AvfMedia
LogPluginManager: Mounting plugin ImgMedia
LogPluginManager: Mounting plugin MediaCompositing
LogPluginManager: Mounting plugin MediaPlayerEditor
LogPluginManager: Mounting plugin WebMMedia
LogPluginManager: Mounting plugin WmfMedia
LogPluginManager: Mounting plugin TcpMessaging
LogPluginManager: Mounting plugin UdpMessaging
LogPluginManager: Mounting plugin ActorSequence
LogPluginManager: Mounting plugin LevelSequenceEditor
LogPluginManager: Mounting plugin MatineeToLevelSequence
LogPluginManager: Mounting plugin NetcodeUnitTest
LogPluginManager: Mounting plugin NUTUnrealEngine4
LogPluginManager: Mounting plugin OnlineSubsystemGooglePlay
LogPluginManager: Mounting plugin OnlineSubsystemIOS
LogPluginManager: Mounting plugin OnlineSubsystem
LogPluginManager: Mounting plugin OnlineSubsystemNull
LogPluginManager: Mounting plugin OnlineSubsystemUtils
LogPluginManager: Mounting plugin LauncherChunkInstaller
LogPluginManager: Mounting plugin AndroidDeviceProfileSelector
LogPluginManager: Mounting plugin AndroidMoviePlayer
LogPluginManager: Mounting plugin AndroidPermission
LogPluginManager: Mounting plugin AppleImageUtils
LogPluginManager: Mounting plugin AppleMoviePlayer
LogPluginManager: Mounting plugin ArchVisCharacter
LogPluginManager: Mounting plugin AudioCapture
LogPluginManager: Mounting plugin CableComponent
LogPluginManager: Mounting plugin CustomMeshComponent
LogPluginManager: Mounting plugin EditableMesh
LogPluginManager: Mounting plugin ExampleDeviceProfileSelector
LogPluginManager: Mounting plugin GoogleCloudMessaging
LogPluginManager: Mounting plugin IOSDeviceProfileSelector
LogPluginManager: Mounting plugin LinuxDeviceProfileSelector
LogPluginManager: Mounting plugin LocationServicesBPLibrary
LogPluginManager: Mounting plugin MobilePatchingUtils
LogPluginManager: Mounting plugin OculusVR
LogPluginManager: Mounting plugin PhysXVehicles
LogPluginManager: Mounting plugin ProceduralMeshComponent
LogPluginManager: Mounting plugin RuntimePhysXCooking
LogPluginManager: Mounting plugin SignificanceManager
LogPluginManager: Mounting plugin SteamVR
LogPluginManager: Mounting plugin WebMMoviePlayer
LogPluginManager: Mounting plugin WindowsMoviePlayer
LogPluginManager: Mounting plugin ScreenshotTools
LogInit: Using libcurl 7.55.1-DEV
LogInit:  - built for x86_64-pc-win32
LogInit:  - supports SSL with OpenSSL/1.1.1
LogInit:  - supports HTTP deflate (compression) using libz 1.2.8
LogInit:  - other features:
LogInit:      CURL_VERSION_SSL
LogInit:      CURL_VERSION_LIBZ
LogInit:      CURL_VERSION_IPV6
LogInit:      CURL_VERSION_ASYNCHDNS
LogInit:      CURL_VERSION_LARGEFILE
LogInit:      CURL_VERSION_IDN
LogInit:  CurlRequestOptions (configurable via config and command line):
LogInit:  - bVerifyPeer = true  - Libcurl will verify peer certificate
LogInit:  - bUseHttpProxy = false  - Libcurl will NOT use HTTP proxy
LogInit:  - bDontReuseConnections = false  - Libcurl will reuse connections
LogInit:  - MaxHostConnections = 16  - Libcurl will limit the number of connections to a host
LogInit:  - LocalHostAddr = Default
LogInit:  - BufferSize = 65536
LogOnline: OSS: Creating online subsystem instance for: NULL
LogInit: WinSock: version 1.1 (2.2), MaxSocks=32767, MaxUdp=65467
LogInit: Build: ++UE4+Release-4.23-CL-9631420
LogInit: Engine Version: 4.23.1-9631420+++UE4+Release-4.23
LogInit: Compatible Engine Version: 4.23.0-8386587+++UE4+Release-4.23
LogInit: Net CL: 8386587
LogInit: OS: Windows 10 (Release 1903) (), CPU: Intel(R) Core(TM) i7-4790K CPU @ 4.00GHz, GPU: NVIDIA GeForce GTX 970
LogInit: Compiled (64-bit): Oct 18 2019 02:07:44
LogInit: Compiled with Visual C++: 19.16.27030.01
LogInit: Build Configuration: Development
LogInit: Branch Name: ++UE4+Release-4.23
LogInit: Command Line: 
LogInit: Base Directory: C:/Program Files/Epic Games/UE_4.23/Engine/Binaries/Win64/
LogInit: Installed Engine Build: 1
LogDevObjectVersion: Number of dev versions registered: 23
LogDevObjectVersion:   Dev-Blueprints (B0D832E4-1F89-4F0D-ACCF-7EB736FD4AA2): 10
LogDevObjectVersion:   Dev-Build (E1C64328-A22C-4D53-A36C-8E866417BD8C): 0
LogDevObjectVersion:   Dev-Core (375EC13C-06E4-48FB-B500-84F0262A717E): 3
LogDevObjectVersion:   Dev-Editor (E4B068ED-F494-42E9-A231-DA0B2E46BB41): 34
LogDevObjectVersion:   Dev-Framework (CFFC743F-43B0-4480-9391-14DF171D2073): 35
LogDevObjectVersion:   Dev-Mobile (B02B49B5-BB20-44E9-A304-32B752E40360): 2
LogDevObjectVersion:   Dev-Networking (A4E4105C-59A1-49B5-A7C5-40C4547EDFEE): 0
LogDevObjectVersion:   Dev-Online (39C831C9-5AE6-47DC-9A44-9C173E1C8E7C): 0
LogDevObjectVersion:   Dev-Physics (78F01B33-EBEA-4F98-B9B4-84EACCB95AA2): 0
LogDevObjectVersion:   Dev-Platform (6631380F-2D4D-43E0-8009-CF276956A95A): 0
LogDevObjectVersion:   Dev-Rendering (12F88B9F-8875-4AFC-A67C-D90C383ABD29): 31
LogDevObjectVersion:   Dev-Sequencer (7B5AE74C-D270-4C10-A958-57980B212A5A): 11
LogDevObjectVersion:   Dev-VR (D7296918-1DD6-4BDD-9DE2-64A83CC13884): 2
LogDevObjectVersion:   Dev-LoadTimes (C2A15278-BFE7-4AFE-6C17-90FF531DF755): 1
LogDevObjectVersion:   Private-Geometry (6EACA3D4-40EC-4CC1-B786-8BED09428FC5): 3
LogDevObjectVersion:   Dev-AnimPhys (29E575DD-E0A3-4627-9D10-D276232CDCEA): 17
LogDevObjectVersion:   Dev-Anim (AF43A65D-7FD3-4947-9873-3E8ED9C1BB05): 2
LogDevObjectVersion:   Dev-ReflectionCapture (6B266CEC-1EC7-4B8F-A30B-E4D90942FC07): 1
LogDevObjectVersion:   Dev-Automation (0DF73D61-A23F-47EA-B727-89E90C41499A): 1
LogDevObjectVersion:   FortniteMain (601D1886-AC64-4F84-AA16-D3DE0DEAC7D6): 27
LogDevObjectVersion:   Dev-Enterprise (9DFFBCD6-494F-0158-E221-12823C92A888): 6
LogDevObjectVersion:   Dev-Niagara (F2AED0AC-9AFE-416F-8664-AA7FFA26D6FC): 1
LogDevObjectVersion:   Dev-Destruction (174F1F0B-B4C6-45A5-B13F-2EE8D0FB917D): 9
LogInit: Presizing for max 16777216 objects, including 0 objects not considered by GC, pre-allocating 0 bytes for permanent pool.
LogInit: Object subsystem initialized
LogConfig: Setting CVar [[con.DebugEarlyDefault:1]]
LogConfig: Setting CVar [[r.setres:1280x720]]
[2020.04.25-17.16.28:349][  0]LogConfig: Setting CVar [[r.VSync:0]]
[2020.04.25-17.16.28:349][  0]LogConfig: Setting CVar [[r.RHICmdBypass:0]]
[2020.04.25-17.16.28:349][  0]LogConfig: Applying CVar settings from Section [/Script/Engine.RendererSettings] File [C:/Users/Jordan/Documents/GitHub/KV6002-Rogue-Like/RogueLike/Saved/Config/Windows/Engine.ini]
[2020.04.25-17.16.28:349][  0]LogConfig: Setting CVar [[r.GPUCrashDebugging:0]]
[2020.04.25-17.16.28:349][  0]LogConfig: Applying CVar settings from Section [/Script/Engine.RendererOverrideSettings] File [C:/Users/Jordan/Documents/GitHub/KV6002-Rogue-Like/RogueLike/Saved/Config/Windows/Engine.ini]
[2020.04.25-17.16.28:349][  0]LogConfig: Applying CVar settings from Section [/Script/Engine.StreamingSettings] File [C:/Users/Jordan/Documents/GitHub/KV6002-Rogue-Like/RogueLike/Saved/Config/Windows/Engine.ini]
[2020.04.25-17.16.28:349][  0]LogConfig: Setting CVar [[s.MinBulkDataSizeForAsyncLoading:131072]]
[2020.04.25-17.16.28:349][  0]LogConfig: Setting CVar [[s.AsyncLoadingThreadEnabled:0]]
[2020.04.25-17.16.28:349][  0]LogConfig: Setting CVar [[s.EventDrivenLoaderEnabled:1]]
[2020.04.25-17.16.28:349][  0]LogConfig: Setting CVar [[s.WarnIfTimeLimitExceeded:0]]
[2020.04.25-17.16.28:349][  0]LogConfig: Setting CVar [[s.TimeLimitExceededMultiplier:1.5]]
[2020.04.25-17.16.28:349][  0]LogConfig: Setting CVar [[s.TimeLimitExceededMinTime:0.005]]
[2020.04.25-17.16.28:349][  0]LogConfig: Setting CVar [[s.UseBackgroundLevelStreaming:1]]
[2020.04.25-17.16.28:349][  0]LogConfig: Setting CVar [[s.PriorityAsyncLoadingExtraTime:15.0]]
[2020.04.25-17.16.28:349][  0]LogConfig: Setting CVar [[s.LevelStreamingActorsUpdateTimeLimit:5.0]]
[2020.04.25-17.16.28:349][  0]LogConfig: Setting CVar [[s.PriorityLevelStreamingActorsUpdateExtraTime:5.0]]
[2020.04.25-17.16.28:349][  0]LogConfig: Setting CVar [[s.LevelStreamingComponentsRegistrationGranularity:10]]
[2020.04.25-17.16.28:349][  0]LogConfig: Setting CVar [[s.UnregisterComponentsTimeLimit:1.0]]
[2020.04.25-17.16.28:349][  0]LogConfig: Setting CVar [[s.LevelStreamingComponentsUnregistrationGranularity:5]]
[2020.04.25-17.16.28:349][  0]LogConfig: Applying CVar settings from Section [/Script/Engine.GarbageCollectionSettings] File [C:/Users/Jordan/Documents/GitHub/KV6002-Rogue-Like/RogueLike/Saved/Config/Windows/Engine.ini]
[2020.04.25-17.16.28:349][  0]LogConfig: Setting CVar [[gc.MaxObjectsNotConsideredByGC:1]]
[2020.04.25-17.16.28:349][  0]LogConfig: Setting CVar [[gc.SizeOfPermanentObjectPool:0]]
[2020.04.25-17.16.28:349][  0]LogConfig: Setting CVar [[gc.FlushStreamingOnGC:0]]
[2020.04.25-17.16.28:349][  0]LogConfig: Setting CVar [[gc.NumRetriesBeforeForcingGC:10]]
[2020.04.25-17.16.28:349][  0]LogConfig: Setting CVar [[gc.AllowParallelGC:1]]
[2020.04.25-17.16.28:349][  0]LogConfig: Setting CVar [[gc.TimeBetweenPurgingPendingKillObjects:61.1]]
[2020.04.25-17.16.28:349][  0]LogConfig: Setting CVar [[gc.MaxObjectsInEditor:16777216]]
[2020.04.25-17.16.28:349][  0]LogConfig: Setting CVar [[gc.IncrementalBeginDestroyEnabled:1]]
[2020.04.25-17.16.28:349][  0]LogConfig: Setting CVar [[gc.CreateGCClusters:1]]
[2020.04.25-17.16.28:349][  0]LogConfig: Setting CVar [[gc.MinGCClusterSize:5]]
[2020.04.25-17.16.28:349][  0]LogConfig: Setting CVar [[gc.ActorClusteringEnabled:0]]
[2020.04.25-17.16.28:349][  0]LogConfig: Setting CVar [[gc.BlueprintClusteringEnabled:0]]
[2020.04.25-17.16.28:349][  0]LogConfig: Setting CVar [[gc.UseDisregardForGCOnDedicatedServers:0]]
[2020.04.25-17.16.28:349][  0]LogConfig: Applying CVar settings from Section [/Script/Engine.NetworkSettings] File [C:/Users/Jordan/Documents/GitHub/KV6002-Rogue-Like/RogueLike/Saved/Config/Windows/Engine.ini]
[2020.04.25-17.16.28:349][  0]LogConfig: Applying CVar settings from Section [/Script/UnrealEd.CookerSettings] File [C:/Users/Jordan/Documents/GitHub/KV6002-Rogue-Like/RogueLike/Saved/Config/Windows/Engine.ini]
[2020.04.25-17.16.28:352][  0]LogConfig: Applying CVar settings from Section [ViewDistanceQuality@3] File [C:/Users/Jordan/Documents/GitHub/KV6002-Rogue-Like/RogueLike/Saved/Config/Windows/Scalability.ini]
[2020.04.25-17.16.28:352][  0]LogConfig: Setting CVar [[r.SkeletalMeshLODBias:0]]
[2020.04.25-17.16.28:352][  0]LogConfig: Setting CVar [[r.ViewDistanceScale:1.0]]
[2020.04.25-17.16.28:353][  0]LogConfig: Applying CVar settings from Section [AntiAliasingQuality@3] File [C:/Users/Jordan/Documents/GitHub/KV6002-Rogue-Like/RogueLike/Saved/Config/Windows/Scalability.ini]
[2020.04.25-17.16.28:353][  0]LogConfig: Setting CVar [[r.PostProcessAAQuality:4]]
[2020.04.25-17.16.28:353][  0]LogConfig: Applying CVar settings from Section [ShadowQuality@3] File [C:/Users/Jordan/Documents/GitHub/KV6002-Rogue-Like/RogueLike/Saved/Config/Windows/Scalability.ini]
[2020.04.25-17.16.28:353][  0]LogConfig: Setting CVar [[r.LightFunctionQuality:1]]
[2020.04.25-17.16.28:353][  0]LogConfig: Setting CVar [[r.ShadowQuality:5]]
[2020.04.25-17.16.28:353][  0]LogConfig: Setting CVar [[r.Shadow.CSM.MaxCascades:10]]
[2020.04.25-17.16.28:353][  0]LogConfig: Setting CVar [[r.Shadow.MaxResolution:2048]]
[2020.04.25-17.16.28:353][  0]LogConfig: Setting CVar [[r.Shadow.MaxCSMResolution:2048]]
[2020.04.25-17.16.28:353][  0]LogConfig: Setting CVar [[r.Shadow.RadiusThreshold:0.01]]
[2020.04.25-17.16.28:353][  0]LogConfig: Setting CVar [[r.Shadow.DistanceScale:1.0]]
[2020.04.25-17.16.28:353][  0]LogConfig: Setting CVar [[r.Shadow.CSM.TransitionScale:1.0]]
[2020.04.25-17.16.28:353][  0]LogConfig: Setting CVar [[r.Shadow.PreShadowResolutionFactor:1.0]]
[2020.04.25-17.16.28:353][  0]LogConfig: Setting CVar [[r.DistanceFieldShadowing:1]]
[2020.04.25-17.16.28:353][  0]LogConfig: Setting CVar [[r.DistanceFieldAO:1]]
[2020.04.25-17.16.28:353][  0]LogConfig: Setting CVar [[r.AOQuality:2]]
[2020.04.25-17.16.28:353][  0]LogConfig: Setting CVar [[r.VolumetricFog:1]]
[2020.04.25-17.16.28:353][  0]LogConfig: Setting CVar [[r.VolumetricFog.GridPixelSize:8]]
[2020.04.25-17.16.28:353][  0]LogConfig: Setting CVar [[r.VolumetricFog.GridSizeZ:128]]
[2020.04.25-17.16.28:353][  0]LogConfig: Setting CVar [[r.VolumetricFog.HistoryMissSupersampleCount:4]]
[2020.04.25-17.16.28:353][  0]LogConfig: Setting CVar [[r.LightMaxDrawDistanceScale:1]]
[2020.04.25-17.16.28:353][  0]LogConfig: Setting CVar [[r.CapsuleShadows:1]]
[2020.04.25-17.16.28:353][  0]LogConfig: Applying CVar settings from Section [PostProcessQuality@3] File [C:/Users/Jordan/Documents/GitHub/KV6002-Rogue-Like/RogueLike/Saved/Config/Windows/Scalability.ini]
[2020.04.25-17.16.28:353][  0]LogConfig: Setting CVar [[r.MotionBlurQuality:4]]
[2020.04.25-17.16.28:353][  0]LogConfig: Setting CVar [[r.AmbientOcclusionMipLevelFactor:0.4]]
[2020.04.25-17.16.28:353][  0]LogConfig: Setting CVar [[r.AmbientOcclusionMaxQuality:100]]
[2020.04.25-17.16.28:353][  0]LogConfig: Setting CVar [[r.AmbientOcclusionLevels:-1]]
[2020.04.25-17.16.28:353][  0]LogConfig: Setting CVar [[r.AmbientOcclusionRadiusScale:1.0]]
[2020.04.25-17.16.28:353][  0]LogConfig: Setting CVar [[r.DepthOfFieldQuality:2]]
[2020.04.25-17.16.28:353][  0]LogConfig: Setting CVar [[r.RenderTargetPoolMin:400]]
[2020.04.25-17.16.28:353][  0]LogConfig: Setting CVar [[r.LensFlareQuality:2]]
[2020.04.25-17.16.28:353][  0]LogConfig: Setting CVar [[r.SceneColorFringeQuality:1]]
[2020.04.25-17.16.28:353][  0]LogConfig: Setting CVar [[r.EyeAdaptationQuality:2]]
[2020.04.25-17.16.28:353][  0]LogConfig: Setting CVar [[r.BloomQuality:5]]
[2020.04.25-17.16.28:353][  0]LogConfig: Setting CVar [[r.FastBlurThreshold:100]]
[2020.04.25-17.16.28:353][  0]LogConfig: Setting CVar [[r.Upscale.Quality:3]]
[2020.04.25-17.16.28:353][  0]LogConfig: Setting CVar [[r.Tonemapper.GrainQuantization:1]]
[2020.04.25-17.16.28:353][  0]LogConfig: Setting CVar [[r.LightShaftQuality:1]]
[2020.04.25-17.16.28:353][  0]LogConfig: Setting CVar [[r.Filter.SizeScale:1]]
[2020.04.25-17.16.28:353][  0]LogConfig: Setting CVar [[r.Tonemapper.Quality:5]]
[2020.04.25-17.16.28:353][  0]LogConfig: Setting CVar [[r.DOF.Gather.AccumulatorQuality:1        ; higher gathering accumulator quality]]
[2020.04.25-17.16.28:353][  0]LogConfig: Setting CVar [[r.DOF.Gather.PostfilterMethod:1          ; Median3x3 postfilering method]]
[2020.04.25-17.16.28:353][  0]LogConfig: Setting CVar [[r.DOF.Gather.EnableBokehSettings:0       ; no bokeh simulation when gathering]]
[2020.04.25-17.16.28:353][  0]LogConfig: Setting CVar [[r.DOF.Gather.RingCount:4                 ; medium number of samples when gathering]]
[2020.04.25-17.16.28:353][  0]LogConfig: Setting CVar [[r.DOF.Scatter.ForegroundCompositing:1    ; additive foreground scattering]]
[2020.04.25-17.16.28:353][  0]LogConfig: Setting CVar [[r.DOF.Scatter.BackgroundCompositing:2    ; additive background scattering]]
[2020.04.25-17.16.28:353][  0]LogConfig: Setting CVar [[r.DOF.Scatter.EnableBokehSettings:1      ; bokeh simulation when scattering]]
[2020.04.25-17.16.28:353][  0]LogConfig: Setting CVar [[r.DOF.Scatter.MaxSpriteRatio:0.1         ; only a maximum of 10% of scattered bokeh]]
[2020.04.25-17.16.28:353][  0]LogConfig: Setting CVar [[r.DOF.Recombine.Quality:1                ; cheap slight out of focus]]
[2020.04.25-17.16.28:353][  0]LogConfig: Setting CVar [[r.DOF.Recombine.EnableBokehSettings:0    ; no bokeh simulation on slight out of focus]]
[2020.04.25-17.16.28:353][  0]LogConfig: Setting CVar [[r.DOF.TemporalAAQuality:1                ; more stable temporal accumulation]]
[2020.04.25-17.16.28:353][  0]LogConfig: Setting CVar [[r.DOF.Kernel.MaxForegroundRadius:0.025]]
[2020.04.25-17.16.28:353][  0]LogConfig: Setting CVar [[r.DOF.Kernel.MaxBackgroundRadius:0.025]]
[2020.04.25-17.16.28:353][  0]LogConfig: Applying CVar settings from Section [TextureQuality@3] File [C:/Users/Jordan/Documents/GitHub/KV6002-Rogue-Like/RogueLike/Saved/Config/Windows/Scalability.ini]
[2020.04.25-17.16.28:353][  0]LogConfig: Setting CVar [[r.Streaming.MipBias:0]]
[2020.04.25-17.16.28:353][  0]LogConfig: Setting CVar [[r.Streaming.AmortizeCPUToGPUCopy:0]]
[2020.04.25-17.16.28:353][  0]LogConfig: Setting CVar [[r.Streaming.MaxNumTexturesToStreamPerFrame:0]]
[2020.04.25-17.16.28:353][  0]LogConfig: Setting CVar [[r.Streaming.Boost:1]]
[2020.04.25-17.16.28:353][  0]LogConfig: Setting CVar [[r.MaxAnisotropy:8]]
[2020.04.25-17.16.28:353][  0]LogConfig: Setting CVar [[r.Streaming.LimitPoolSizeToVRAM:0]]
[2020.04.25-17.16.28:353][  0]LogConfig: Setting CVar [[r.Streaming.PoolSize:1000]]
[2020.04.25-17.16.28:353][  0]LogConfig: Setting CVar [[r.Streaming.MaxEffectiveScreenSize:0]]
[2020.04.25-17.16.28:353][  0]LogConfig: Applying CVar settings from Section [EffectsQuality@3] File [C:/Users/Jordan/Documents/GitHub/KV6002-Rogue-Like/RogueLike/Saved/Config/Windows/Scalability.ini]
[2020.04.25-17.16.28:353][  0]LogConfig: Setting CVar [[r.TranslucencyLightingVolumeDim:64]]
[2020.04.25-17.16.28:353][  0]LogConfig: Setting CVar [[r.RefractionQuality:2]]
[2020.04.25-17.16.28:353][  0]LogConfig: Setting CVar [[r.SSR.Quality:3]]
[2020.04.25-17.16.28:353][  0]LogConfig: Setting CVar [[r.SceneColorFormat:4]]
[2020.04.25-17.16.28:353][  0]LogConfig: Setting CVar [[r.DetailMode:2]]
[2020.04.25-17.16.28:353][  0]LogConfig: Setting CVar [[r.TranslucencyVolumeBlur:1]]
[2020.04.25-17.16.28:353][  0]LogConfig: Setting CVar [[r.MaterialQualityLevel:1 ; High quality]]
[2020.04.25-17.16.28:353][  0]LogConfig: Setting CVar [[r.SSS.Scale:1]]
[2020.04.25-17.16.28:353][  0]LogConfig: Setting CVar [[r.SSS.SampleSet:2]]
[2020.04.25-17.16.28:353][  0]LogConfig: Setting CVar [[r.SSS.Quality:1]]
[2020.04.25-17.16.28:353][  0]LogConfig: Setting CVar [[r.SSS.HalfRes:1]]
[2020.04.25-17.16.28:353][  0]LogConfig: Setting CVar [[r.EmitterSpawnRateScale:1.0]]
[2020.04.25-17.16.28:353][  0]LogConfig: Setting CVar [[r.ParticleLightQuality:2]]
[2020.04.25-17.16.28:353][  0]LogConfig: Applying CVar settings from Section [FoliageQuality@3] File [C:/Users/Jordan/Documents/GitHub/KV6002-Rogue-Like/RogueLike/Saved/Config/Windows/Scalability.ini]
[2020.04.25-17.16.28:353][  0]LogConfig: Setting CVar [[foliage.DensityScale:1.0]]
[2020.04.25-17.16.28:353][  0]LogConfig: Setting CVar [[grass.DensityScale:1.0]]
[2020.04.25-17.16.28:353][  0]LogInit: Selected Device Profile: [Windows]
[2020.04.25-17.16.28:353][  0]LogInit: Applying CVar settings loaded from the selected device profile: [Windows]
[2020.04.25-17.16.28:367][  0]LogHAL: Display: Platform has ~ 16 GB [17126060032 / 17179869184 / 16], which maps to Larger [LargestMinGB=32, LargerMinGB=12, DefaultMinGB=8, SmallerMinGB=6, SmallestMinGB=0)
[2020.04.25-17.16.28:367][  0]LogInit: Going up to parent DeviceProfile []
[2020.04.25-17.16.28:367][  0]LogConfig: Applying CVar settings from Section [ViewDistanceQuality@3] File [C:/Users/Jordan/Documents/GitHub/KV6002-Rogue-Like/RogueLike/Saved/Config/Windows/Scalability.ini]
[2020.04.25-17.16.28:367][  0]LogConfig: Setting CVar [[r.SkeletalMeshLODBias:0]]
[2020.04.25-17.16.28:367][  0]LogConfig: Setting CVar [[r.ViewDistanceScale:1.0]]
[2020.04.25-17.16.28:367][  0]LogConfig: Applying CVar settings from Section [AntiAliasingQuality@3] File [C:/Users/Jordan/Documents/GitHub/KV6002-Rogue-Like/RogueLike/Saved/Config/Windows/Scalability.ini]
[2020.04.25-17.16.28:367][  0]LogConfig: Setting CVar [[r.PostProcessAAQuality:4]]
[2020.04.25-17.16.28:367][  0]LogConfig: Applying CVar settings from Section [ShadowQuality@3] File [C:/Users/Jordan/Documents/GitHub/KV6002-Rogue-Like/RogueLike/Saved/Config/Windows/Scalability.ini]
[2020.04.25-17.16.28:367][  0]LogConfig: Setting CVar [[r.LightFunctionQuality:1]]
[2020.04.25-17.16.28:367][  0]LogConfig: Setting CVar [[r.ShadowQuality:5]]
[2020.04.25-17.16.28:367][  0]LogConfig: Setting CVar [[r.Shadow.CSM.MaxCascades:10]]
[2020.04.25-17.16.28:367][  0]LogConfig: Setting CVar [[r.Shadow.MaxResolution:2048]]
[2020.04.25-17.16.28:367][  0]LogConfig: Setting CVar [[r.Shadow.MaxCSMResolution:2048]]
[2020.04.25-17.16.28:367][  0]LogConfig: Setting CVar [[r.Shadow.RadiusThreshold:0.01]]
[2020.04.25-17.16.28:367][  0]LogConfig: Setting CVar [[r.Shadow.DistanceScale:1.0]]
[2020.04.25-17.16.28:367][  0]LogConfig: Setting CVar [[r.Shadow.CSM.TransitionScale:1.0]]
[2020.04.25-17.16.28:367][  0]LogConfig: Setting CVar [[r.Shadow.PreShadowResolutionFactor:1.0]]
[2020.04.25-17.16.28:367][  0]LogConfig: Setting CVar [[r.DistanceFieldShadowing:1]]
[2020.04.25-17.16.28:367][  0]LogConfig: Setting CVar [[r.DistanceFieldAO:1]]
[2020.04.25-17.16.28:367][  0]LogConfig: Setting CVar [[r.AOQuality:2]]
[2020.04.25-17.16.28:367][  0]LogConfig: Setting CVar [[r.VolumetricFog:1]]
[2020.04.25-17.16.28:367][  0]LogConfig: Setting CVar [[r.VolumetricFog.GridPixelSize:8]]
[2020.04.25-17.16.28:367][  0]LogConfig: Setting CVar [[r.VolumetricFog.GridSizeZ:128]]
[2020.04.25-17.16.28:367][  0]LogConfig: Setting CVar [[r.VolumetricFog.HistoryMissSupersampleCount:4]]
[2020.04.25-17.16.28:367][  0]LogConfig: Setting CVar [[r.LightMaxDrawDistanceScale:1]]
[2020.04.25-17.16.28:367][  0]LogConfig: Setting CVar [[r.CapsuleShadows:1]]
[2020.04.25-17.16.28:367][  0]LogConfig: Applying CVar settings from Section [PostProcessQuality@3] File [C:/Users/Jordan/Documents/GitHub/KV6002-Rogue-Like/RogueLike/Saved/Config/Windows/Scalability.ini]
[2020.04.25-17.16.28:367][  0]LogConfig: Setting CVar [[r.MotionBlurQuality:4]]
[2020.04.25-17.16.28:367][  0]LogConfig: Setting CVar [[r.AmbientOcclusionMipLevelFactor:0.4]]
[2020.04.25-17.16.28:367][  0]LogConfig: Setting CVar [[r.AmbientOcclusionMaxQuality:100]]
[2020.04.25-17.16.28:367][  0]LogConfig: Setting CVar [[r.AmbientOcclusionLevels:-1]]
[2020.04.25-17.16.28:367][  0]LogConfig: Setting CVar [[r.AmbientOcclusionRadiusScale:1.0]]
[2020.04.25-17.16.28:367][  0]LogConfig: Setting CVar [[r.DepthOfFieldQuality:2]]
[2020.04.25-17.16.28:367][  0]LogConfig: Setting CVar [[r.RenderTargetPoolMin:400]]
[2020.04.25-17.16.28:367][  0]LogConfig: Setting CVar [[r.LensFlareQuality:2]]
[2020.04.25-17.16.28:367][  0]LogConfig: Setting CVar [[r.SceneColorFringeQuality:1]]
[2020.04.25-17.16.28:367][  0]LogConfig: Setting CVar [[r.EyeAdaptationQuality:2]]
[2020.04.25-17.16.28:367][  0]LogConfig: Setting CVar [[r.BloomQuality:5]]
[2020.04.25-17.16.28:367][  0]LogConfig: Setting CVar [[r.FastBlurThreshold:100]]
[2020.04.25-17.16.28:367][  0]LogConfig: Setting CVar [[r.Upscale.Quality:3]]
[2020.04.25-17.16.28:367][  0]LogConfig: Setting CVar [[r.Tonemapper.GrainQuantization:1]]
[2020.04.25-17.16.28:367][  0]LogConfig: Setting CVar [[r.LightShaftQuality:1]]
[2020.04.25-17.16.28:367][  0]LogConfig: Setting CVar [[r.Filter.SizeScale:1]]
[2020.04.25-17.16.28:367][  0]LogConfig: Setting CVar [[r.Tonemapper.Quality:5]]
[2020.04.25-17.16.28:367][  0]LogConfig: Setting CVar [[r.DOF.Gather.AccumulatorQuality:1        ; higher gathering accumulator quality]]
[2020.04.25-17.16.28:367][  0]LogConfig: Setting CVar [[r.DOF.Gather.PostfilterMethod:1          ; Median3x3 postfilering method]]
[2020.04.25-17.16.28:367][  0]LogConfig: Setting CVar [[r.DOF.Gather.EnableBokehSettings:0       ; no bokeh simulation when gathering]]
[2020.04.25-17.16.28:367][  0]LogConfig: Setting CVar [[r.DOF.Gather.RingCount:4                 ; medium number of samples when gathering]]
[2020.04.25-17.16.28:367][  0]LogConfig: Setting CVar [[r.DOF.Scatter.ForegroundCompositing:1    ; additive foreground scattering]]
[2020.04.25-17.16.28:367][  0]LogConfig: Setting CVar [[r.DOF.Scatter.BackgroundCompositing:2    ; additive background scattering]]
[2020.04.25-17.16.28:367][  0]LogConfig: Setting CVar [[r.DOF.Scatter.EnableBokehSettings:1      ; bokeh simulation when scattering]]
[2020.04.25-17.16.28:367][  0]LogConfig: Setting CVar [[r.DOF.Scatter.MaxSpriteRatio:0.1         ; only a maximum of 10% of scattered bokeh]]
[2020.04.25-17.16.28:367][  0]LogConfig: Setting CVar [[r.DOF.Recombine.Quality:1                ; cheap slight out of focus]]
[2020.04.25-17.16.28:367][  0]LogConfig: Setting CVar [[r.DOF.Recombine.EnableBokehSettings:0    ; no bokeh simulation on slight out of focus]]
[2020.04.25-17.16.28:367][  0]LogConfig: Setting CVar [[r.DOF.TemporalAAQuality:1                ; more stable temporal accumulation]]
[2020.04.25-17.16.28:367][  0]LogConfig: Setting CVar [[r.DOF.Kernel.MaxForegroundRadius:0.025]]
[2020.04.25-17.16.28:367][  0]LogConfig: Setting CVar [[r.DOF.Kernel.MaxBackgroundRadius:0.025]]
[2020.04.25-17.16.28:367][  0]LogConfig: Applying CVar settings from Section [TextureQuality@3] File [C:/Users/Jordan/Documents/GitHub/KV6002-Rogue-Like/RogueLike/Saved/Config/Windows/Scalability.ini]
[2020.04.25-17.16.28:367][  0]LogConfig: Setting CVar [[r.Streaming.MipBias:0]]
[2020.04.25-17.16.28:367][  0]LogConfig: Setting CVar [[r.Streaming.AmortizeCPUToGPUCopy:0]]
[2020.04.25-17.16.28:367][  0]LogConfig: Setting CVar [[r.Streaming.MaxNumTexturesToStreamPerFrame:0]]
[2020.04.25-17.16.28:367][  0]LogConfig: Setting CVar [[r.Streaming.Boost:1]]
[2020.04.25-17.16.28:367][  0]LogConfig: Setting CVar [[r.MaxAnisotropy:8]]
[2020.04.25-17.16.28:367][  0]LogConfig: Setting CVar [[r.Streaming.LimitPoolSizeToVRAM:0]]
[2020.04.25-17.16.28:367][  0]LogConfig: Setting CVar [[r.Streaming.PoolSize:1000]]
[2020.04.25-17.16.28:367][  0]LogConfig: Setting CVar [[r.Streaming.MaxEffectiveScreenSize:0]]
[2020.04.25-17.16.28:367][  0]LogConfig: Applying CVar settings from Section [EffectsQuality@3] File [C:/Users/Jordan/Documents/GitHub/KV6002-Rogue-Like/RogueLike/Saved/Config/Windows/Scalability.ini]
[2020.04.25-17.16.28:367][  0]LogConfig: Setting CVar [[r.TranslucencyLightingVolumeDim:64]]
[2020.04.25-17.16.28:367][  0]LogConfig: Setting CVar [[r.RefractionQuality:2]]
[2020.04.25-17.16.28:367][  0]LogConfig: Setting CVar [[r.SSR.Quality:3]]
[2020.04.25-17.16.28:367][  0]LogConfig: Setting CVar [[r.SceneColorFormat:4]]
[2020.04.25-17.16.28:368][  0]LogConfig: Setting CVar [[r.DetailMode:2]]
[2020.04.25-17.16.28:368][  0]LogConfig: Setting CVar [[r.TranslucencyVolumeBlur:1]]
[2020.04.25-17.16.28:368][  0]LogConfig: Setting CVar [[r.MaterialQualityLevel:1 ; High quality]]
[2020.04.25-17.16.28:368][  0]LogConfig: Setting CVar [[r.SSS.Scale:1]]
[2020.04.25-17.16.28:368][  0]LogConfig: Setting CVar [[r.SSS.SampleSet:2]]
[2020.04.25-17.16.28:368][  0]LogConfig: Setting CVar [[r.SSS.Quality:1]]
[2020.04.25-17.16.28:368][  0]LogConfig: Setting CVar [[r.SSS.HalfRes:1]]
[2020.04.25-17.16.28:368][  0]LogConfig: Setting CVar [[r.EmitterSpawnRateScale:1.0]]
[2020.04.25-17.16.28:368][  0]LogConfig: Setting CVar [[r.ParticleLightQuality:2]]
[2020.04.25-17.16.28:368][  0]LogConfig: Applying CVar settings from Section [FoliageQuality@3] File [C:/Users/Jordan/Documents/GitHub/KV6002-Rogue-Like/RogueLike/Saved/Config/Windows/Scalability.ini]
[2020.04.25-17.16.28:368][  0]LogConfig: Setting CVar [[foliage.DensityScale:1.0]]
[2020.04.25-17.16.28:368][  0]LogConfig: Setting CVar [[grass.DensityScale:1.0]]
[2020.04.25-17.16.28:368][  0]LogConfig: Applying CVar settings from Section [Startup] File [../../../Engine/Config/ConsoleVariables.ini]
[2020.04.25-17.16.28:381][  0]LogConfig: Setting CVar [[net.UseAdaptiveNetUpdateFrequency:0]]
[2020.04.25-17.16.28:381][  0]LogConfig: Setting CVar [[p.chaos.AllowCreatePhysxBodies:1]]
[2020.04.25-17.16.28:381][  0]LogConfig: Applying CVar settings from Section [ConsoleVariables] File [C:/Users/Jordan/Documents/GitHub/KV6002-Rogue-Like/RogueLike/Saved/Config/Windows/Engine.ini]
[2020.04.25-17.16.28:382][  0]LogInit: Computer: JTPC
[2020.04.25-17.16.28:382][  0]LogInit: User: Jordan
[2020.04.25-17.16.28:382][  0]LogInit: CPU Page size=4096, Cores=4
[2020.04.25-17.16.28:382][  0]LogInit: High frequency timer resolution =10.000000 MHz
[2020.04.25-17.16.28:382][  0]LogMemory: Memory total: Physical=15.9GB (16GB approx)
[2020.04.25-17.16.28:382][  0]LogMemory: Platform Memory Stats for Windows
[2020.04.25-17.16.28:382][  0]LogMemory: Process Physical Memory: 102.23 MB used, 102.23 MB peak
[2020.04.25-17.16.28:382][  0]LogMemory: Process Virtual Memory: 101.45 MB used, 101.45 MB peak
[2020.04.25-17.16.28:382][  0]LogMemory: Physical Memory: 8533.06 MB used,  7799.62 MB free, 16332.68 MB total
[2020.04.25-17.16.28:382][  0]LogMemory: Virtual Memory: 4668.46 MB used,  134213056.00 MB free, 134217728.00 MB total
[2020.04.25-17.16.28:396][  0]LogWindows: WindowsPlatformFeatures enabled
[2020.04.25-17.16.28:908][  0]LogInit: Using OS detected language (en-GB).
[2020.04.25-17.16.28:908][  0]LogInit: Using OS detected locale (en-GB).
[2020.04.25-17.16.28:909][  0]LogTextLocalizationManager: No specific localization for 'en-GB' exists, so the 'en' localization will be used.
[2020.04.25-17.16.29:705][  0]LogInit: Setting process to per monitor DPI aware
[2020.04.25-17.16.29:884][  0]LogSlate: New Slate User Created.  User Index 0, Is Virtual User: 0
[2020.04.25-17.16.29:884][  0]LogSlate: Slate User Registered.  User Index 0, Is Virtual User: 0
[2020.04.25-17.16.31:478][  0]LogHMD: Failed to initialize OpenVR with code 110
[2020.04.25-17.16.31:478][  0]LogD3D11RHI: D3D11 adapters:
[2020.04.25-17.16.31:666][  0]LogD3D11RHI:    0. 'NVIDIA GeForce GTX 970' (Feature Level 11_0)
[2020.04.25-17.16.31:666][  0]LogD3D11RHI:       4043/0/8166 MB DedicatedVideo/DedicatedSystem/SharedSystem, Outputs:1, VendorId:0x10de
[2020.04.25-17.16.31:668][  0]LogD3D11RHI:    1. 'Microsoft Basic Render Driver' (Feature Level 11_0)
[2020.04.25-17.16.31:668][  0]LogD3D11RHI:       0/0/8166 MB DedicatedVideo/DedicatedSystem/SharedSystem, Outputs:0, VendorId:0x1414
[2020.04.25-17.16.31:668][  0]LogD3D11RHI: Chosen D3D11 Adapter: 0
[2020.04.25-17.16.31:677][  0]LogD3D11RHI: Creating new Direct3DDevice
[2020.04.25-17.16.31:677][  0]LogD3D11RHI:     GPU DeviceId: 0x13c2 (for the marketing name, search the web for "GPU Device Id")
[2020.04.25-17.16.31:677][  0]LogWindows: EnumDisplayDevices:
[2020.04.25-17.16.31:677][  0]LogWindows:    0. 'NVIDIA GeForce GTX 970' (P:1 D:1)
[2020.04.25-17.16.31:678][  0]LogWindows:    1. 'NVIDIA GeForce GTX 970' (P:0 D:0)
[2020.04.25-17.16.31:679][  0]LogWindows:    2. 'NVIDIA GeForce GTX 970' (P:0 D:0)
[2020.04.25-17.16.31:680][  0]LogWindows:    3. 'NVIDIA GeForce GTX 970' (P:0 D:0)
[2020.04.25-17.16.31:680][  0]LogWindows: DebugString: FoundDriverCount:4 
[2020.04.25-17.16.31:680][  0]LogD3D11RHI:     Adapter Name: NVIDIA GeForce GTX 970
[2020.04.25-17.16.31:680][  0]LogD3D11RHI:   Driver Version: 442.74 (internal:26.21.14.4274, unified:442.74)
[2020.04.25-17.16.31:680][  0]LogD3D11RHI:      Driver Date: 3-13-2020
[2020.04.25-17.16.31:680][  0]LogRHI: Texture pool is 2830 MB (70% of 4043 MB)
[2020.04.25-17.16.31:726][  0]LogD3D11RHI: Async texture creation enabled
[2020.04.25-17.16.31:879][  0]LogD3D11RHI: GPU Timing Frequency: 1000.000000 (Debug: 2 1)
[2020.04.25-17.16.32:656][  0]LogTemp: Display: Module 'AllDesktopTargetPlatform' loaded TargetPlatform 'AllDesktop'
[2020.04.25-17.16.32:677][  0]LogTemp: Display: Module 'MacClientTargetPlatform' loaded TargetPlatform 'MacClient'
[2020.04.25-17.16.32:690][  0]LogTemp: Display: Module 'MacNoEditorTargetPlatform' loaded TargetPlatform 'MacNoEditor'
[2020.04.25-17.16.32:702][  0]LogTemp: Display: Module 'MacServerTargetPlatform' loaded TargetPlatform 'MacServer'
[2020.04.25-17.16.32:732][  0]LogTemp: Display: Module 'MacTargetPlatform' loaded TargetPlatform 'Mac'
[2020.04.25-17.16.32:781][  0]LogTemp: Display: Module 'WindowsClientTargetPlatform' loaded TargetPlatform 'WindowsClient'
[2020.04.25-17.16.32:796][  0]LogTemp: Display: Module 'WindowsNoEditorTargetPlatform' loaded TargetPlatform 'WindowsNoEditor'
[2020.04.25-17.16.32:814][  0]LogTemp: Display: Module 'WindowsServerTargetPlatform' loaded TargetPlatform 'WindowsServer'
[2020.04.25-17.16.32:826][  0]LogTemp: Display: Module 'WindowsTargetPlatform' loaded TargetPlatform 'Windows'
[2020.04.25-17.16.32:904][  0]LogTemp: Display: Module 'AndroidTargetPlatform' loaded TargetPlatform 'Android'
[2020.04.25-17.16.32:904][  0]LogTemp: Display: Module 'AndroidTargetPlatform' loaded TargetPlatform 'Android_ASTC'
[2020.04.25-17.16.32:904][  0]LogTemp: Display: Module 'AndroidTargetPlatform' loaded TargetPlatform 'Android_ATC'
[2020.04.25-17.16.32:904][  0]LogTemp: Display: Module 'AndroidTargetPlatform' loaded TargetPlatform 'Android_DXT'
[2020.04.25-17.16.32:904][  0]LogTemp: Display: Module 'AndroidTargetPlatform' loaded TargetPlatform 'Android_ETC1'
[2020.04.25-17.16.32:904][  0]LogTemp: Display: Module 'AndroidTargetPlatform' loaded TargetPlatform 'Android_ETC1a'
[2020.04.25-17.16.32:904][  0]LogTemp: Display: Module 'AndroidTargetPlatform' loaded TargetPlatform 'Android_ETC2'
[2020.04.25-17.16.32:904][  0]LogTemp: Display: Module 'AndroidTargetPlatform' loaded TargetPlatform 'Android_PVRTC'
[2020.04.25-17.16.32:904][  0]LogTemp: Display: Module 'AndroidTargetPlatform' loaded TargetPlatform 'AndroidClient'
[2020.04.25-17.16.32:904][  0]LogTemp: Display: Module 'AndroidTargetPlatform' loaded TargetPlatform 'Android_ASTCClient'
[2020.04.25-17.16.32:904][  0]LogTemp: Display: Module 'AndroidTargetPlatform' loaded TargetPlatform 'Android_ATCClient'
[2020.04.25-17.16.32:904][  0]LogTemp: Display: Module 'AndroidTargetPlatform' loaded TargetPlatform 'Android_DXTClient'
[2020.04.25-17.16.32:904][  0]LogTemp: Display: Module 'AndroidTargetPlatform' loaded TargetPlatform 'Android_ETC1Client'
[2020.04.25-17.16.32:904][  0]LogTemp: Display: Module 'AndroidTargetPlatform' loaded TargetPlatform 'Android_ETC1aClient'
[2020.04.25-17.16.32:904][  0]LogTemp: Display: Module 'AndroidTargetPlatform' loaded TargetPlatform 'Android_ETC2Client'
[2020.04.25-17.16.32:904][  0]LogTemp: Display: Module 'AndroidTargetPlatform' loaded TargetPlatform 'Android_PVRTCClient'
[2020.04.25-17.16.32:904][  0]LogTemp: Display: Module 'AndroidTargetPlatform' loaded TargetPlatform 'Android_Multi'
[2020.04.25-17.16.32:904][  0]LogTemp: Display: Module 'AndroidTargetPlatform' loaded TargetPlatform 'Android_MultiClient'
[2020.04.25-17.16.32:907][  0]LogTemp: Display: Module 'HTML5TargetPlatform' loaded TargetPlatform 'HTML5'
[2020.04.25-17.16.32:962][  0]LogTemp: Display: Module 'IOSTargetPlatform' loaded TargetPlatform 'IOSClient'
[2020.04.25-17.16.32:962][  0]LogTemp: Display: Module 'IOSTargetPlatform' loaded TargetPlatform 'IOS'
[2020.04.25-17.16.32:986][  0]LogTemp: Display: Module 'TVOSTargetPlatform' loaded TargetPlatform 'TVOSClient'
[2020.04.25-17.16.32:986][  0]LogTemp: Display: Module 'TVOSTargetPlatform' loaded TargetPlatform 'TVOS'
[2020.04.25-17.16.33:045][  0]LogTemp: Display: Module 'LinuxClientTargetPlatform' loaded TargetPlatform 'LinuxClient'
[2020.04.25-17.16.33:076][  0]LogTemp: Display: Module 'LinuxNoEditorTargetPlatform' loaded TargetPlatform 'LinuxNoEditor'
[2020.04.25-17.16.33:100][  0]LogTemp: Display: Module 'LinuxServerTargetPlatform' loaded TargetPlatform 'LinuxServer'
[2020.04.25-17.16.33:128][  0]LogTemp: Display: Module 'LinuxTargetPlatform' loaded TargetPlatform 'Linux'
[2020.04.25-17.16.33:180][  0]LogTemp: Display: Module 'LuminTargetPlatform' loaded TargetPlatform 'Lumin'
[2020.04.25-17.16.33:180][  0]LogTemp: Display: Module 'LuminTargetPlatform' loaded TargetPlatform 'LuminClient'
[2020.04.25-17.16.33:180][  0]LogTargetPlatformManager: Display: Building Assets For Windows
[2020.04.25-17.16.33:282][  0]LogAudioDebug: Display: Lib vorbis DLL was dynamically loaded.
[2020.04.25-17.16.33:735][  0]LogShaderCompilers: Guid format shader working directory is -28 characters bigger than the processId version (../../../../../../Users/Jordan/Documents/GitHub/KV6002-Rogue-Like/RogueLike/Intermediate/Shaders/WorkingDirectory/7756/).
[2020.04.25-17.16.33:735][  0]LogShaderCompilers: Cleaned the shader compiler working directory 'C:/Users/Jordan/AppData/Local/Temp/UnrealShaderWorkingDir/6DB1764A413B192B067D7A894D130434/'.
[2020.04.25-17.16.33:750][  0]LogXGEController: Cannot use XGE Controller as Incredibuild is not installed on this machine.
[2020.04.25-17.16.33:750][  0]LogShaderCompilers: Cannot use XGE Shader Compiler as Incredibuild is not installed on this machine.
[2020.04.25-17.16.33:750][  0]LogShaderCompilers: Display: Using Local Shader Compiler.
[2020.04.25-17.16.34:953][  0]LogDerivedDataCache: Display: Max Cache Size: 512 MB
[2020.04.25-17.16.35:687][  0]LogDerivedDataCache: Loaded boot cache 0.73s 73MB C:/Users/Jordan/AppData/Local/UnrealEngine/4.23/DerivedDataCache/Boot.ddc.
[2020.04.25-17.16.35:687][  0]LogDerivedDataCache: Display: Loaded Boot cache: C:/Users/Jordan/AppData/Local/UnrealEngine/4.23/DerivedDataCache/Boot.ddc
[2020.04.25-17.16.35:687][  0]LogDerivedDataCache: FDerivedDataBackendGraph:  Pak pak cache file ../../../../../../Users/Jordan/Documents/GitHub/KV6002-Rogue-Like/RogueLike/DerivedDataCache/DDC.ddp not found, will not use a pak cache.
[2020.04.25-17.16.35:687][  0]LogDerivedDataCache: Unable to find inner node Pak for hierarchical cache Hierarchy.
[2020.04.25-17.16.35:687][  0]LogDerivedDataCache: FDerivedDataBackendGraph:  CompressedPak pak cache file ../../../../../../Users/Jordan/Documents/GitHub/KV6002-Rogue-Like/RogueLike/DerivedDataCache/Compressed.ddp not found, will not use a pak cache.
[2020.04.25-17.16.35:687][  0]LogDerivedDataCache: Unable to find inner node CompressedPak for hierarchical cache Hierarchy.
[2020.04.25-17.16.35:787][  0]LogDerivedDataCache: Display: Pak cache opened for reading ../../../Engine/DerivedDataCache/Compressed.ddp.
[2020.04.25-17.16.35:787][  0]LogDerivedDataCache: FDerivedDataBackendGraph:  EnterprisePak pak cache file ../../../Enterprise/DerivedDataCache/Compressed.ddp not found, will not use a pak cache.
[2020.04.25-17.16.35:787][  0]LogDerivedDataCache: Unable to find inner node EnterprisePak for hierarchical cache Hierarchy.
[2020.04.25-17.16.35:788][  0]LogDerivedDataCache: Using Local data cache path C:/Users/Jordan/AppData/Local/UnrealEngine/Common/DerivedDataCache: Writable
[2020.04.25-17.16.35:788][  0]LogDerivedDataCache: Shared data cache path not found in *engine.ini, will not use an Shared cache.
[2020.04.25-17.16.35:788][  0]LogDerivedDataCache: Unable to find inner node Shared for hierarchical cache Hierarchy.
[2020.04.25-17.16.35:808][  0]LogMaterial: Verifying Global Shaders for PCD3D_SM5
[2020.04.25-17.16.35:811][  0]LogSlate: Using FreeType 2.6.0
[2020.04.25-17.16.35:817][  0]LogSlate: SlateFontServices - WITH_FREETYPE: 1, WITH_HARFBUZZ: 1
[2020.04.25-17.16.37:065][  0]LogAssetRegistry: FAssetRegistry took 0.0024 seconds to start up
[2020.04.25-17.16.37:344][  0]LogInit: Selected Device Profile: [Windows]
[2020.04.25-17.16.37:848][  0]LogMeshReduction: Using QuadricMeshReduction for automatic static mesh reduction
[2020.04.25-17.16.37:848][  0]LogMeshReduction: Using SimplygonMeshReduction for automatic skeletal mesh reduction
[2020.04.25-17.16.37:848][  0]LogMeshReduction: Using ProxyLODMeshReduction for automatic mesh merging
[2020.04.25-17.16.37:848][  0]LogMeshReduction: No distributed automatic mesh merging module available
[2020.04.25-17.16.37:849][  0]LogMeshMerging: No distributed automatic mesh merging module available
[2020.04.25-17.16.37:857][  0]LogNetVersion: RogueLike 1.0.0, NetCL: 8386587, EngineNetVer: 11, GameNetVer: 0 (Checksum: 2801938545)
[2020.04.25-17.16.38:327][  0]LogPackageLocalizationCache: Processed 12 localized package path(s) for 1 prioritized culture(s) in 0.058099 seconds
[2020.04.25-17.16.38:337][  0]LogUObjectArray: 43444 objects as part of root set at end of initial load.
[2020.04.25-17.16.38:337][  0]LogUObjectAllocator: 7548648 out of 0 bytes used by permanent object pool.
[2020.04.25-17.16.38:337][  0]LogUObjectArray: CloseDisregardForGC: 0/0 objects in disregard for GC pool
[2020.04.25-17.17.11:581][  0]LogTcpMessaging: Initializing TcpMessaging bridge
[2020.04.25-17.17.11:591][  0]LogUdpMessaging: Initializing bridge on interface 0.0.0.0:0 to multicast group 230.0.0.1:6666.
[2020.04.25-17.17.12:498][  0]SourceControl: Source control is disabled
[2020.04.25-17.17.12:499][  0]LogWindows: Warning: CreateProc failed: The system cannot find the file specified. (0x00000002)
[2020.04.25-17.17.12:499][  0]LogWindows: Warning: URL: C:/Program Files/Git/bin/git.exe version
[2020.04.25-17.17.12:541][  0]LogWindows: Warning: CreateProc failed: The system cannot find the file specified. (0x00000002)
[2020.04.25-17.17.12:541][  0]LogWindows: Warning: URL: C:/Program Files/Git/bin/git.exe version
[2020.04.25-17.17.12:666][  0]LogWindows: Warning: CreateProc failed: The system cannot find the file specified. (0x00000002)
[2020.04.25-17.17.12:666][  0]LogWindows: Warning: URL: C:/Program Files/Git/bin/git.exe version
[2020.04.25-17.17.14:574][  0]LogAndroidPermission: UAndroidPermissionCallbackProxy::GetInstance
[2020.04.25-17.17.15:447][  0]LogOcInput: OculusInput pre-init called
[2020.04.25-17.17.15:552][  0]LogWindows: Failed to load 'OVRPlugin.dll' (GetLastError=126)
[2020.04.25-17.17.15:552][  0]LogWindows: File 'OVRPlugin.dll' does not exist
[2020.04.25-17.17.16:053][  0]LogEngine: Initializing Engine...
[2020.04.25-17.17.16:055][  0]LogHMD: Failed to initialize OpenVR with code 110
[2020.04.25-17.17.16:056][  0]LogStats: UGameplayTagsManager::InitializeManager -  0.000 s
[2020.04.25-17.17.16:280][  0]LogInit: Initializing FReadOnlyCVARCache
[2020.04.25-17.17.16:496][  0]LogAIModule: Creating AISystem for world Untitled
[2020.04.25-17.17.16:614][  0]LogInit: XAudio2 using 'Headset Earphone (HyperX Virtual Surround Sound)' : 2 channels at 48 kHz using 16 bits per sample (channel mask 0x3)
[2020.04.25-17.17.16:679][  0]LogInit: FAudioDevice initialized.
[2020.04.25-17.17.16:679][  0]LogNetVersion: Set ProjectVersion to 1.0.0.0. Version Checksum will be recalculated on next use.
[2020.04.25-17.17.17:130][  0]LogDerivedDataCache: Saved boot cache 0.45s 73MB C:/Users/Jordan/AppData/Local/UnrealEngine/4.23/DerivedDataCache/Boot.ddc.
[2020.04.25-17.17.17:134][  0]LogInit: Texture streaming: Enabled
[2020.04.25-17.17.17:443][  0]LogEngineSessionManager: EngineSessionManager initialized
[2020.04.25-17.17.17:443][  0]LogEditorSessionSummary: Verbose: Initializing EditorSessionSummaryWriter for editor session tracking
[2020.04.25-17.17.17:457][  0]LogEditorSessionSummary: EditorSessionSummaryWriter initialized
[2020.04.25-17.17.17:820][  0]LogInit: Transaction tracking system initialized
[2020.04.25-17.17.18:396][  0]BlueprintLog: New page: Editor Load
[2020.04.25-17.17.19:193][  0]LocalizationService: Localization service is disabled
[2020.04.25-17.17.20:582][  0]LogFileCache: Scanning file cache for directory 'C:/Users/Jordan/Documents/GitHub/KV6002-Rogue-Like/RogueLike/Content/' took 0.02s
[2020.04.25-17.17.20:582][  0]LogCook: Display: Max memory allowance for cook 16384mb min free memory 0mb
[2020.04.25-17.17.20:583][  0]LogCook: Display: Mobile HDR setting 1
[2020.04.25-17.17.23:246][  0]LogWindows: Warning: CreateProc failed: The system cannot find the file specified. (0x00000002)
[2020.04.25-17.17.23:246][  0]LogWindows: Warning: URL: C:/Program Files/Git/bin/git.exe version
[2020.04.25-17.17.23:246][  0]Cmd: MAP LOAD FILE="../../../../../../Users/Jordan/Documents/GitHub/KV6002-Rogue-Like/RogueLike/Content/TopDownBP/Maps/TopDownExampleMap.umap" TEMPLATE=0 SHOWPROGRESS=1 FEATURELEVEL=3
[2020.04.25-17.17.23:246][  0]LightingResults: New page: Lighting Build
[2020.04.25-17.17.23:262][  0]LogWorld: UWorld::CleanupWorld for Untitled, bSessionEnded=true, bCleanupResources=true
[2020.04.25-17.17.23:263][  0]MapCheck: New page: Map Check
[2020.04.25-17.17.23:263][  0]LightingResults: New page: Lighting Build
[2020.04.25-17.17.23:284][  0]LogUObjectHash: Compacting FUObjectHashTables data took   1.66ms
[2020.04.25-17.17.25:552][  0]LogBlueprint: Warning: [Compiler GideonPlayerCharacter] InputAction Event references unknown Action 'Jump' for  InputAction Jump
[2020.04.25-17.17.25:552][  0]LogBlueprint: Warning: [Compiler GideonPlayerCharacter] Input Axis Event references unknown Axis 'LookUp' for  InputAxis LookUp
[2020.04.25-17.17.25:552][  0]LogBlueprint: Warning: [Compiler GideonPlayerCharacter] Input Axis Event references unknown Axis 'LookUpRate' for  InputAxis LookUpRate
[2020.04.25-17.17.25:553][  0]LogBlueprint: Warning: [Compiler GideonPlayerCharacter] Input Axis Event references unknown Axis 'Turn' for  InputAxis Turn
[2020.04.25-17.17.31:761][  0]LogAIModule: Creating AISystem for world TopDownExampleMap
[2020.04.25-17.17.31:768][  0]LogScript: Warning: Script Msg: Divide by zero detected: 0.000000 / 0
Script call stack:
	Function /Game/ParagonGideon/Characters/Heroes/Gideon/Gideon_AnimBlueprint.Gideon_AnimBlueprint_C:BlueprintUpdateAnimation
	Function /Game/ParagonGideon/Characters/Heroes/Gideon/Gideon_AnimBlueprint.Gideon_AnimBlueprint_C:ExecuteUbergraph_Gideon_AnimBlueprint

[2020.04.25-17.17.31:780][  0]LogEditorServer: Finished looking for orphan Actors (0.000 secs)
[2020.04.25-17.17.31:818][  0]LogUObjectHash: Compacting FUObjectHashTables data took   2.78ms
[2020.04.25-17.17.31:818][  0]Cmd: MAP CHECKDEP NOCLEARLOG
[2020.04.25-17.17.31:818][  0]MapCheck: Map check complete: 0 Error(s), 0 Warning(s), took 0.217ms to complete.
[2020.04.25-17.17.31:818][  0]LogFileHelpers: Loading map 'TopDownExampleMap' took 8.573
[2020.04.25-17.17.32:109][  0]LogSlate: Updating window title bar state: overlay mode, drag disabled, window buttons hidden, title bar hidden
[2020.04.25-17.17.32:118][  0]LogSlate: Updating window title bar state: overlay mode, drag disabled, window buttons hidden, title bar hidden
[2020.04.25-17.17.32:126][  0]LogSlate: Updating window title bar state: overlay mode, drag disabled, window buttons hidden, title bar hidden
[2020.04.25-17.17.32:133][  0]LogSlate: Updating window title bar state: overlay mode, drag disabled, window buttons hidden, title bar hidden
[2020.04.25-17.17.32:251][  0]LogCollectionManager: Loaded 0 collections in 0.002583 seconds
[2020.04.25-17.17.32:298][  0]LogFileCache: Scanning file cache for directory 'C:/Users/Jordan/Documents/GitHub/KV6002-Rogue-Like/RogueLike/Saved/Collections/' took 0.00s
[2020.04.25-17.17.32:298][  0]LogFileCache: Scanning file cache for directory 'C:/Users/Jordan/Documents/GitHub/KV6002-Rogue-Like/RogueLike/Content/Developers/Jordan/Collections/' took 0.00s
[2020.04.25-17.17.32:298][  0]LogFileCache: Scanning file cache for directory 'C:/Users/Jordan/Documents/GitHub/KV6002-Rogue-Like/RogueLike/Content/Collections/' took 0.00s
[2020.04.25-17.17.32:298][  0]LogCollectionManager: Rebuilt the GUID cache for 0 collections in 0.000002 seconds
[2020.04.25-17.17.32:309][  0]LogContentBrowser: Native class hierarchy populated in 0.0109 seconds. Added 2863 classes and 680 folders.
[2020.04.25-17.17.32:435][  0]LogContentBrowser: Native class hierarchy updated for 'WidgetCarousel' in 0.0003 seconds. Added 0 classes and 0 folders.
[2020.04.25-17.17.35:574][  0]LogContentBrowser: Native class hierarchy updated for 'AddContentDialog' in 0.0003 seconds. Added 0 classes and 0 folders.
[2020.04.25-17.17.35:669][  0]LogContentBrowser: Native class hierarchy updated for 'SceneOutliner' in 0.0003 seconds. Added 1 classes and 2 folders.
[2020.04.25-17.17.35:789][  0]LogSlate: Took 0.099010 seconds to synchronously load lazily loaded font '../../../Engine/Content/Slate/Fonts/Roboto-Regular.ttf' (155K)
[2020.04.25-17.17.35:827][  0]LogSlate: Took 0.036975 seconds to synchronously load lazily loaded font '../../../Engine/Content/Slate/Fonts/Roboto-Bold.ttf' (160K)
[2020.04.25-17.17.35:863][  0]LogSlate: Took 0.031966 seconds to synchronously load lazily loaded font '../../../Engine/Content/Editor/Slate/Fonts/FontAwesome.ttf' (139K)
[2020.04.25-17.17.35:964][  0]LogRenderer: Reallocating scene render targets to support 512x512 Format 10 NumSamples 1 (Frame:1).
[2020.04.25-17.17.35:992][  0]LogRenderer: Reallocating scene render targets to support 1144x632 Format 10 NumSamples 1 (Frame:1).
[2020.04.25-17.17.36:367][  0]LogContentBrowser: Native class hierarchy updated for 'HierarchicalLODOutliner' in 0.0002 seconds. Added 0 classes and 0 folders.
[2020.04.25-17.17.36:367][  0]LogLoad: (Engine Initialization) Total time: 85.22 seconds
[2020.04.25-17.17.36:367][  0]LogLoad: (Engine Initialization) Total Blueprint compile time: 0.00 seconds
[2020.04.25-17.17.36:422][  0]LogContentStreaming: Texture pool size now 1000 MB
[2020.04.25-17.17.37:440][ 60]LogSlate: Took 0.037878 seconds to synchronously load lazily loaded font '../../../Engine/Content/Slate/Fonts/Roboto-Light.ttf' (167K)
[2020.04.25-17.17.37:447][ 60]LogAssetEditorManager: Opening Asset editor for Blueprint /Game/TopDownBP/EnemiesAndAI/AI_Character.AI_Character
[2020.04.25-17.17.37:878][ 60]LogContentBrowser: Native class hierarchy updated for 'BlueprintGraph' in 0.0005 seconds. Added 121 classes and 0 folders.
[2020.04.25-17.17.39:061][ 60]LogSlate: Took 0.013766 seconds to synchronously load lazily loaded font '../../../Engine/Content/Slate/Fonts/Roboto-BoldCondensed.ttf' (158K)
[2020.04.25-17.17.39:529][ 61]LogSlate: Took 0.020168 seconds to synchronously load lazily loaded font '../../../Engine/Content/Slate/Fonts/Roboto-Italic.ttf' (157K)
[2020.04.25-17.17.41:576][285]LogSlate: FSceneViewport::OnFocusLost() reason 0
[2020.04.25-17.17.42:390][334]LogTemp: Repeating last play command: Selected Viewport
[2020.04.25-17.17.42:413][334]LogBlueprintUserMessages: Early PlayInEditor Detection: Level '/Game/TopDownBP/Maps/TopDownExampleMap.TopDownExampleMap:PersistentLevel' has LevelScriptBlueprint '/Game/TopDownBP/Maps/TopDownExampleMap.TopDownExampleMap:PersistentLevel.TopDownExampleMap' with GeneratedClass '/Game/TopDownBP/Maps/TopDownExampleMap.TopDownExampleMap_C' with ClassGeneratedBy '/Game/TopDownBP/Maps/TopDownExampleMap.TopDownExampleMap:PersistentLevel.TopDownExampleMap'
[2020.04.25-17.17.42:414][334]LogPlayLevel: PlayLevel: No blueprints needed recompiling
[2020.04.25-17.17.42:414][334]PIE: New page: PIE session: TopDownExampleMap (25 Apr 2020 19:17:42)
[2020.04.25-17.17.42:476][334]LogOnline: OSS: Creating online subsystem instance for: NULL
[2020.04.25-17.17.42:477][334]LogPlayLevel: Creating play world package: /Game/TopDownBP/Maps/UEDPIE_0_TopDownExampleMap
[2020.04.25-17.17.42:498][334]LogPlayLevel: PIE: StaticDuplicateObject took: (0.020962s)
[2020.04.25-17.17.42:542][334]LogAIModule: Creating AISystem for world TopDownExampleMap
[2020.04.25-17.17.42:543][334]LogPlayLevel: PIE: World Init took: (0.044065s)
[2020.04.25-17.17.42:543][334]LogPlayLevel: PIE: Created PIE world by copying editor world from /Game/TopDownBP/Maps/TopDownExampleMap.TopDownExampleMap to /Game/TopDownBP/Maps/UEDPIE_0_TopDownExampleMap.TopDownExampleMap (0.065376s)
[2020.04.25-17.17.42:595][334]LogUObjectHash: Compacting FUObjectHashTables data took   3.79ms
[2020.04.25-17.17.42:611][334]LogInit: XAudio2 using 'Headset Earphone (HyperX Virtual Surround Sound)' : 2 channels at 48 kHz using 16 bits per sample (channel mask 0x3)
[2020.04.25-17.17.42:629][334]LogInit: FAudioDevice initialized.
[2020.04.25-17.17.42:639][334]LogLoad: Game class is 'TopDownGameMode_C'
[2020.04.25-17.17.42:644][334]LogScript: Warning: Script Msg: Divide by zero detected: 0.000000 / 0
Script call stack:
	Function /Game/ParagonGideon/Characters/Heroes/Gideon/Gideon_AnimBlueprint.Gideon_AnimBlueprint_C:BlueprintUpdateAnimation
	Function /Game/ParagonGideon/Characters/Heroes/Gideon/Gideon_AnimBlueprint.Gideon_AnimBlueprint_C:ExecuteUbergraph_Gideon_AnimBlueprint

[2020.04.25-17.17.42:646][334]LogWorld: Bringing World /Game/TopDownBP/Maps/UEDPIE_0_TopDownExampleMap.TopDownExampleMap up for play (max tick rate 0) at 2020.04.25-18.17.42
[2020.04.25-17.17.42:646][334]LogWorld: Bringing up level for play took: 0.006269
[2020.04.25-17.17.42:647][334]LogOnline: OSS: Creating online subsystem instance for: :Context_2
[2020.04.25-17.17.42:837][334]LogContentBrowser: Native class hierarchy updated for 'MovieSceneCapture' in 0.0003 seconds. Added 20 classes and 0 folders.
[2020.04.25-17.17.42:841][334]PIE: Play in editor start time for /Game/TopDownBP/Maps/UEDPIE_0_TopDownExampleMap 0.596
[2020.04.25-17.17.42:842][334]LogBlueprintUserMessages: Late PlayInEditor Detection: Level '/Game/TopDownBP/Maps/TopDownExampleMap.TopDownExampleMap:PersistentLevel' has LevelScriptBlueprint '/Game/TopDownBP/Maps/TopDownExampleMap.TopDownExampleMap:PersistentLevel.TopDownExampleMap' with GeneratedClass '/Game/TopDownBP/Maps/TopDownExampleMap.TopDownExampleMap_C' with ClassGeneratedBy '/Game/TopDownBP/Maps/TopDownExampleMap.TopDownExampleMap:PersistentLevel.TopDownExampleMap'
[2020.04.25-17.17.43:687][377]LogAssetRegistry: Asset discovery search completed in 66.6231 seconds
[2020.04.25-17.17.43:711][377]LogCollectionManager: Rebuilt the object cache for 0 collections in 0.000008 seconds (found 0 objects)
[2020.04.25-17.17.43:720][377]LogCollectionManager: Fixed up redirectors for 0 collections in 0.009513 seconds (updated 0 objects)
[2020.04.25-17.17.44:882][513]LogParticles: Warning: Particle Notify: Particle system is null for particle notify 'PlayParticleEffect' in anim: '/Game/ParagonGideon/Characters/Heroes/Gideon/Animations/LevelStart_Montage.LevelStart_Montage'
[2020.04.25-17.17.44:882][513]LogParticles: Warning: Particle Notify: Particle system is null for particle notify 'PlayParticleEffect' in anim: '/Game/ParagonGideon/Characters/Heroes/Gideon/Animations/LevelStart_Montage.LevelStart_Montage'
[2020.04.25-17.17.45:589][597]LogSlate: Took 0.000142 seconds to synchronously load lazily loaded font '../../../Engine/Content/Slate/Fonts/Roboto-Light.ttf' (167K)
[2020.04.25-17.17.51:536][306]LogBlueprintUserMessages: Early EndPlayMap Detection: Level '/Game/TopDownBP/Maps/TopDownExampleMap.TopDownExampleMap:PersistentLevel' has LevelScriptBlueprint '/Game/TopDownBP/Maps/TopDownExampleMap.TopDownExampleMap:PersistentLevel.TopDownExampleMap' with GeneratedClass '/Game/TopDownBP/Maps/TopDownExampleMap.TopDownExampleMap_C' with ClassGeneratedBy '/Game/TopDownBP/Maps/TopDownExampleMap.TopDownExampleMap:PersistentLevel.TopDownExampleMap'
[2020.04.25-17.17.51:536][306]LogSlate: Updating window title bar state: overlay mode, drag disabled, window buttons hidden, title bar hidden
[2020.04.25-17.17.51:536][306]LogWorld: BeginTearingDown for /Game/TopDownBP/Maps/UEDPIE_0_TopDownExampleMap
[2020.04.25-17.17.51:537][306]LogWorld: UWorld::CleanupWorld for TopDownExampleMap, bSessionEnded=true, bCleanupResources=true
[2020.04.25-17.17.51:557][306]LogPlayLevel: Display: Shutting down PIE online subsystems
[2020.04.25-17.17.51:558][306]LogBlueprintUserMessages: Late EndPlayMap Detection: Level '/Game/TopDownBP/Maps/TopDownExampleMap.TopDownExampleMap:PersistentLevel' has LevelScriptBlueprint '/Game/TopDownBP/Maps/TopDownExampleMap.TopDownExampleMap:PersistentLevel.TopDownExampleMap' with GeneratedClass '/Game/TopDownBP/Maps/TopDownExampleMap.TopDownExampleMap_C' with ClassGeneratedBy '/Game/TopDownBP/Maps/TopDownExampleMap.TopDownExampleMap:PersistentLevel.TopDownExampleMap'
[2020.04.25-17.17.51:602][306]LogSlate: Updating window title bar state: overlay mode, drag disabled, window buttons hidden, title bar hidden
[2020.04.25-17.17.51:630][306]LogUObjectHash: Compacting FUObjectHashTables data took   6.22ms
[2020.04.25-17.17.51:649][307]LogPlayLevel: Display: Destroying online subsystem :Context_2
[2020.04.25-17.17.53:582][533]LogSlate: FSceneViewport::OnFocusLost() reason 0
[2020.04.25-17.18.09:530][284]LogEditorViewport: Clicking on Actor (LMB): TopDownCharacter_C (TopDownCharacter)
[2020.04.25-17.18.10:643][345]LogSlate: FSceneViewport::OnFocusLost() reason 2
[2020.04.25-17.18.11:344][417]LogSlate: FSceneViewport::OnFocusLost() reason 5
[2020.04.25-17.18.11:347][417]LogAssetEditorManager: Opening Asset editor for Blueprint /Game/TopDownBP/Blueprints/TopDownCharacter.TopDownCharacter
[2020.04.25-17.18.11:970][417]LogScript: Warning: Script Msg: Divide by zero detected: 0.000000 / 0
Script call stack:
	Function /Game/ParagonGideon/Characters/Heroes/Gideon/Gideon_AnimBlueprint.Gideon_AnimBlueprint_C:BlueprintUpdateAnimation
	Function /Game/ParagonGideon/Characters/Heroes/Gideon/Gideon_AnimBlueprint.Gideon_AnimBlueprint_C:ExecuteUbergraph_Gideon_AnimBlueprint

[2020.04.25-17.18.39:694][327]LogAssetEditorManager: Opening Asset editor for WidgetBlueprint /Game/TopDownBP/UI/UI_GameHUD.UI_GameHUD
[2020.04.25-17.18.43:322][552]LogSlate: Window 'UI_GameHUD' being destroyed
[2020.04.25-17.18.43:523][576]LogSlate: FSceneViewport::OnFocusLost() reason 0
[2020.04.25-17.18.44:616][675]LogAssetEditorManager: Opening Asset editor for WidgetBlueprint /Game/TopDownBP/UI/UI_HealthBar.UI_HealthBar
[2020.04.25-17.18.52:279][409]LogTemp: Repeating last play command: Selected Viewport
[2020.04.25-17.18.52:307][409]LogBlueprintUserMessages: Early PlayInEditor Detection: Level '/Game/TopDownBP/Maps/TopDownExampleMap.TopDownExampleMap:PersistentLevel' has LevelScriptBlueprint '/Game/TopDownBP/Maps/TopDownExampleMap.TopDownExampleMap:PersistentLevel.TopDownExampleMap' with GeneratedClass '/Game/TopDownBP/Maps/TopDownExampleMap.TopDownExampleMap_C' with ClassGeneratedBy '/Game/TopDownBP/Maps/TopDownExampleMap.TopDownExampleMap:PersistentLevel.TopDownExampleMap'
[2020.04.25-17.18.52:307][409]LogPlayLevel: PlayLevel: No blueprints needed recompiling
[2020.04.25-17.18.52:307][409]PIE: New page: PIE session: TopDownExampleMap (25 Apr 2020 19:18:52)
[2020.04.25-17.18.52:307][409]LogPlayLevel: Creating play world package: /Game/TopDownBP/Maps/UEDPIE_0_TopDownExampleMap
[2020.04.25-17.18.52:323][409]LogPlayLevel: PIE: StaticDuplicateObject took: (0.015891s)
[2020.04.25-17.18.52:324][409]LogAIModule: Creating AISystem for world TopDownExampleMap
[2020.04.25-17.18.52:324][409]LogPlayLevel: PIE: World Init took: (0.001027s)
[2020.04.25-17.18.52:324][409]LogPlayLevel: PIE: Created PIE world by copying editor world from /Game/TopDownBP/Maps/TopDownExampleMap.TopDownExampleMap to /Game/TopDownBP/Maps/UEDPIE_0_TopDownExampleMap.TopDownExampleMap (0.017038s)
[2020.04.25-17.18.52:426][409]LogUObjectHash: Compacting FUObjectHashTables data took   9.04ms
[2020.04.25-17.18.52:467][409]LogInit: XAudio2 using 'Headset Earphone (HyperX Virtual Surround Sound)' : 2 channels at 48 kHz using 16 bits per sample (channel mask 0x3)
[2020.04.25-17.18.52:489][409]LogInit: FAudioDevice initialized.
[2020.04.25-17.18.52:502][409]LogLoad: Game class is 'TopDownGameMode_C'
[2020.04.25-17.18.52:507][409]LogScript: Warning: Script Msg: Divide by zero detected: 0.000000 / 0
Script call stack:
	Function /Game/ParagonGideon/Characters/Heroes/Gideon/Gideon_AnimBlueprint.Gideon_AnimBlueprint_C:BlueprintUpdateAnimation
	Function /Game/ParagonGideon/Characters/Heroes/Gideon/Gideon_AnimBlueprint.Gideon_AnimBlueprint_C:ExecuteUbergraph_Gideon_AnimBlueprint

[2020.04.25-17.18.52:508][409]LogWorld: Bringing World /Game/TopDownBP/Maps/UEDPIE_0_TopDownExampleMap.TopDownExampleMap up for play (max tick rate 0) at 2020.04.25-18.18.52
[2020.04.25-17.18.52:509][409]LogWorld: Bringing up level for play took: 0.006447
[2020.04.25-17.18.52:509][409]LogOnline: OSS: Creating online subsystem instance for: :Context_10
[2020.04.25-17.18.52:514][409]PIE: Play in editor start time for /Game/TopDownBP/Maps/UEDPIE_0_TopDownExampleMap 0.269
[2020.04.25-17.18.52:514][409]LogBlueprintUserMessages: Late PlayInEditor Detection: Level '/Game/TopDownBP/Maps/TopDownExampleMap.TopDownExampleMap:PersistentLevel' has LevelScriptBlueprint '/Game/TopDownBP/Maps/TopDownExampleMap.TopDownExampleMap:PersistentLevel.TopDownExampleMap' with GeneratedClass '/Game/TopDownBP/Maps/TopDownExampleMap.TopDownExampleMap_C' with ClassGeneratedBy '/Game/TopDownBP/Maps/TopDownExampleMap.TopDownExampleMap:PersistentLevel.TopDownExampleMap'
[2020.04.25-17.18.53:433][515]LogBlueprintUserMessages: Early EndPlayMap Detection: Level '/Game/TopDownBP/Maps/TopDownExampleMap.TopDownExampleMap:PersistentLevel' has LevelScriptBlueprint '/Game/TopDownBP/Maps/TopDownExampleMap.TopDownExampleMap:PersistentLevel.TopDownExampleMap' with GeneratedClass '/Game/TopDownBP/Maps/TopDownExampleMap.TopDownExampleMap_C' with ClassGeneratedBy '/Game/TopDownBP/Maps/TopDownExampleMap.TopDownExampleMap:PersistentLevel.TopDownExampleMap'
[2020.04.25-17.18.53:433][515]LogSlate: Updating window title bar state: overlay mode, drag disabled, window buttons hidden, title bar hidden
[2020.04.25-17.18.53:433][515]LogWorld: BeginTearingDown for /Game/TopDownBP/Maps/UEDPIE_0_TopDownExampleMap
[2020.04.25-17.18.53:433][515]LogWorld: UWorld::CleanupWorld for TopDownExampleMap, bSessionEnded=true, bCleanupResources=true
[2020.04.25-17.18.53:476][515]LogPlayLevel: Display: Shutting down PIE online subsystems
[2020.04.25-17.18.53:476][515]LogBlueprintUserMessages: Late EndPlayMap Detection: Level '/Game/TopDownBP/Maps/TopDownExampleMap.TopDownExampleMap:PersistentLevel' has LevelScriptBlueprint '/Game/TopDownBP/Maps/TopDownExampleMap.TopDownExampleMap:PersistentLevel.TopDownExampleMap' with GeneratedClass '/Game/TopDownBP/Maps/TopDownExampleMap.TopDownExampleMap_C' with ClassGeneratedBy '/Game/TopDownBP/Maps/TopDownExampleMap.TopDownExampleMap:PersistentLevel.TopDownExampleMap'
[2020.04.25-17.18.53:529][515]LogSlate: Updating window title bar state: overlay mode, drag disabled, window buttons hidden, title bar hidden
[2020.04.25-17.18.53:539][515]LogUObjectHash: Compacting FUObjectHashTables data took   5.95ms
[2020.04.25-17.18.53:556][516]LogPlayLevel: Display: Destroying online subsystem :Context_10
[2020.04.25-17.18.53:892][553]LogSlate: FSceneViewport::OnFocusLost() reason 0
[2020.04.25-17.20.06:543][713]BlueprintLog: New page: Compile TopDownCharacter
[2020.04.25-17.20.07:032][713]LogScript: Warning: Script Msg: Divide by zero detected: 0.000000 / 0
Script call stack:
	Function /Game/ParagonGideon/Characters/Heroes/Gideon/Gideon_AnimBlueprint.Gideon_AnimBlueprint_C:BlueprintUpdateAnimation
	Function /Game/ParagonGideon/Characters/Heroes/Gideon/Gideon_AnimBlueprint.Gideon_AnimBlueprint_C:ExecuteUbergraph_Gideon_AnimBlueprint

[2020.04.25-17.20.07:034][713]LogScript: Warning: Script Msg: Divide by zero detected: 0.000000 / 0
Script call stack:
	Function /Game/ParagonGideon/Characters/Heroes/Gideon/Gideon_AnimBlueprint.Gideon_AnimBlueprint_C:BlueprintUpdateAnimation
	Function /Game/ParagonGideon/Characters/Heroes/Gideon/Gideon_AnimBlueprint.Gideon_AnimBlueprint_C:ExecuteUbergraph_Gideon_AnimBlueprint

[2020.04.25-17.20.07:035][713]LogScript: Warning: Script Msg: Divide by zero detected: 0.000000 / 0
Script call stack:
	Function /Game/ParagonGideon/Characters/Heroes/Gideon/Gideon_AnimBlueprint.Gideon_AnimBlueprint_C:BlueprintUpdateAnimation
	Function /Game/ParagonGideon/Characters/Heroes/Gideon/Gideon_AnimBlueprint.Gideon_AnimBlueprint_C:ExecuteUbergraph_Gideon_AnimBlueprint

[2020.04.25-17.20.07:036][713]LogScript: Warning: Script Msg: Divide by zero detected: 0.000000 / 0
Script call stack:
	Function /Game/ParagonGideon/Characters/Heroes/Gideon/Gideon_AnimBlueprint.Gideon_AnimBlueprint_C:BlueprintUpdateAnimation
	Function /Game/ParagonGideon/Characters/Heroes/Gideon/Gideon_AnimBlueprint.Gideon_AnimBlueprint_C:ExecuteUbergraph_Gideon_AnimBlueprint

[2020.04.25-17.20.07:382][713]LogUObjectHash: Compacting FUObjectHashTables data took   6.05ms
[2020.04.25-17.20.07:399][713]LogScript: Warning: Script Msg: Divide by zero detected: 0.000000 / 0
Script call stack:
	Function /Game/ParagonGideon/Characters/Heroes/Gideon/Gideon_AnimBlueprint.Gideon_AnimBlueprint_C:BlueprintUpdateAnimation
	Function /Game/ParagonGideon/Characters/Heroes/Gideon/Gideon_AnimBlueprint.Gideon_AnimBlueprint_C:ExecuteUbergraph_Gideon_AnimBlueprint

[2020.04.25-17.20.07:400][713]LogScript: Warning: Script Msg: Divide by zero detected: 0.000000 / 0
Script call stack:
	Function /Game/ParagonGideon/Characters/Heroes/Gideon/Gideon_AnimBlueprint.Gideon_AnimBlueprint_C:BlueprintUpdateAnimation
	Function /Game/ParagonGideon/Characters/Heroes/Gideon/Gideon_AnimBlueprint.Gideon_AnimBlueprint_C:ExecuteUbergraph_Gideon_AnimBlueprint

[2020.04.25-17.20.07:429][713]LogScript: Warning: Script Msg: Divide by zero detected: 0.000000 / 0
Script call stack:
	Function /Game/ParagonGideon/Characters/Heroes/Gideon/Gideon_AnimBlueprint.Gideon_AnimBlueprint_C:BlueprintUpdateAnimation
	Function /Game/ParagonGideon/Characters/Heroes/Gideon/Gideon_AnimBlueprint.Gideon_AnimBlueprint_C:ExecuteUbergraph_Gideon_AnimBlueprint

[2020.04.25-17.20.07:430][713]LogScript: Warning: Script Msg: Divide by zero detected: 0.000000 / 0
Script call stack:
	Function /Game/ParagonGideon/Characters/Heroes/Gideon/Gideon_AnimBlueprint.Gideon_AnimBlueprint_C:BlueprintUpdateAnimation
	Function /Game/ParagonGideon/Characters/Heroes/Gideon/Gideon_AnimBlueprint.Gideon_AnimBlueprint_C:ExecuteUbergraph_Gideon_AnimBlueprint

[2020.04.25-17.20.08:378][769]LogTemp: Repeating last play command: Selected Viewport
[2020.04.25-17.20.08:408][769]LogBlueprintUserMessages: Early PlayInEditor Detection: Level '/Game/TopDownBP/Maps/TopDownExampleMap.TopDownExampleMap:PersistentLevel' has LevelScriptBlueprint '/Game/TopDownBP/Maps/TopDownExampleMap.TopDownExampleMap:PersistentLevel.TopDownExampleMap' with GeneratedClass '/Game/TopDownBP/Maps/TopDownExampleMap.TopDownExampleMap_C' with ClassGeneratedBy '/Game/TopDownBP/Maps/TopDownExampleMap.TopDownExampleMap:PersistentLevel.TopDownExampleMap'
[2020.04.25-17.20.08:408][769]LogPlayLevel: PlayLevel: No blueprints needed recompiling
[2020.04.25-17.20.08:408][769]PIE: New page: PIE session: TopDownExampleMap (25 Apr 2020 19:20:08)
[2020.04.25-17.20.08:408][769]LogPlayLevel: Creating play world package: /Game/TopDownBP/Maps/UEDPIE_0_TopDownExampleMap
[2020.04.25-17.20.08:422][769]LogPlayLevel: PIE: StaticDuplicateObject took: (0.013721s)
[2020.04.25-17.20.08:423][769]LogAIModule: Creating AISystem for world TopDownExampleMap
[2020.04.25-17.20.08:423][769]LogPlayLevel: PIE: World Init took: (0.001187s)
[2020.04.25-17.20.08:423][769]LogPlayLevel: PIE: Created PIE world by copying editor world from /Game/TopDownBP/Maps/TopDownExampleMap.TopDownExampleMap to /Game/TopDownBP/Maps/UEDPIE_0_TopDownExampleMap.TopDownExampleMap (0.015061s)
[2020.04.25-17.20.08:475][769]LogUObjectHash: Compacting FUObjectHashTables data took   6.67ms
[2020.04.25-17.20.08:500][769]LogInit: XAudio2 using 'Headset Earphone (HyperX Virtual Surround Sound)' : 2 channels at 48 kHz using 16 bits per sample (channel mask 0x3)
[2020.04.25-17.20.08:523][769]LogInit: FAudioDevice initialized.
[2020.04.25-17.20.08:532][769]LogLoad: Game class is 'TopDownGameMode_C'
[2020.04.25-17.20.08:537][769]LogScript: Warning: Script Msg: Divide by zero detected: 0.000000 / 0
Script call stack:
	Function /Game/ParagonGideon/Characters/Heroes/Gideon/Gideon_AnimBlueprint.Gideon_AnimBlueprint_C:BlueprintUpdateAnimation
	Function /Game/ParagonGideon/Characters/Heroes/Gideon/Gideon_AnimBlueprint.Gideon_AnimBlueprint_C:ExecuteUbergraph_Gideon_AnimBlueprint

[2020.04.25-17.20.08:539][769]LogWorld: Bringing World /Game/TopDownBP/Maps/UEDPIE_0_TopDownExampleMap.TopDownExampleMap up for play (max tick rate 0) at 2020.04.25-18.20.08
[2020.04.25-17.20.08:540][769]LogWorld: Bringing up level for play took: 0.007143
[2020.04.25-17.20.08:540][769]LogOnline: OSS: Creating online subsystem instance for: :Context_11
[2020.04.25-17.20.08:546][769]PIE: Play in editor start time for /Game/TopDownBP/Maps/UEDPIE_0_TopDownExampleMap 0.301
[2020.04.25-17.20.08:546][769]LogBlueprintUserMessages: Late PlayInEditor Detection: Level '/Game/TopDownBP/Maps/TopDownExampleMap.TopDownExampleMap:PersistentLevel' has LevelScriptBlueprint '/Game/TopDownBP/Maps/TopDownExampleMap.TopDownExampleMap:PersistentLevel.TopDownExampleMap' with GeneratedClass '/Game/TopDownBP/Maps/TopDownExampleMap.TopDownExampleMap_C' with ClassGeneratedBy '/Game/TopDownBP/Maps/TopDownExampleMap.TopDownExampleMap:PersistentLevel.TopDownExampleMap'
[2020.04.25-17.20.10:726][ 27]LogParticles: Warning: Particle Notify: Particle system is null for particle notify 'PlayParticleEffect' in anim: '/Game/ParagonGideon/Characters/Heroes/Gideon/Animations/LevelStart_Montage.LevelStart_Montage'
[2020.04.25-17.20.10:726][ 27]LogParticles: Warning: Particle Notify: Particle system is null for particle notify 'PlayParticleEffect' in anim: '/Game/ParagonGideon/Characters/Heroes/Gideon/Animations/LevelStart_Montage.LevelStart_Montage'
[2020.04.25-17.20.17:080][789]LogBlueprintUserMessages: Early EndPlayMap Detection: Level '/Game/TopDownBP/Maps/TopDownExampleMap.TopDownExampleMap:PersistentLevel' has LevelScriptBlueprint '/Game/TopDownBP/Maps/TopDownExampleMap.TopDownExampleMap:PersistentLevel.TopDownExampleMap' with GeneratedClass '/Game/TopDownBP/Maps/TopDownExampleMap.TopDownExampleMap_C' with ClassGeneratedBy '/Game/TopDownBP/Maps/TopDownExampleMap.TopDownExampleMap:PersistentLevel.TopDownExampleMap'
[2020.04.25-17.20.17:080][789]LogSlate: Updating window title bar state: overlay mode, drag disabled, window buttons hidden, title bar hidden
[2020.04.25-17.20.17:080][789]LogWorld: BeginTearingDown for /Game/TopDownBP/Maps/UEDPIE_0_TopDownExampleMap
[2020.04.25-17.20.17:080][789]LogWorld: UWorld::CleanupWorld for TopDownExampleMap, bSessionEnded=true, bCleanupResources=true
[2020.04.25-17.20.17:123][789]LogPlayLevel: Display: Shutting down PIE online subsystems
[2020.04.25-17.20.17:123][789]LogBlueprintUserMessages: Late EndPlayMap Detection: Level '/Game/TopDownBP/Maps/TopDownExampleMap.TopDownExampleMap:PersistentLevel' has LevelScriptBlueprint '/Game/TopDownBP/Maps/TopDownExampleMap.TopDownExampleMap:PersistentLevel.TopDownExampleMap' with GeneratedClass '/Game/TopDownBP/Maps/TopDownExampleMap.TopDownExampleMap_C' with ClassGeneratedBy '/Game/TopDownBP/Maps/TopDownExampleMap.TopDownExampleMap:PersistentLevel.TopDownExampleMap'
[2020.04.25-17.20.17:171][789]LogSlate: Updating window title bar state: overlay mode, drag disabled, window buttons hidden, title bar hidden
[2020.04.25-17.20.17:177][789]LogUObjectHash: Compacting FUObjectHashTables data took   4.51ms
[2020.04.25-17.20.17:199][790]LogPlayLevel: Display: Destroying online subsystem :Context_11
[2020.04.25-17.20.17:767][854]LogSlate: FSceneViewport::OnFocusLost() reason 0
[2020.04.25-17.20.58:781][897]LogWorld: UWorld::CleanupWorld for World_0, bSessionEnded=true, bCleanupResources=true
[2020.04.25-17.21.06:734][799]BlueprintLog: New page: Compile TopDownCharacter
[2020.04.25-17.21.07:062][799]LogScript: Warning: Script Msg: Divide by zero detected: 0.000000 / 0
Script call stack:
	Function /Game/ParagonGideon/Characters/Heroes/Gideon/Gideon_AnimBlueprint.Gideon_AnimBlueprint_C:BlueprintUpdateAnimation
	Function /Game/ParagonGideon/Characters/Heroes/Gideon/Gideon_AnimBlueprint.Gideon_AnimBlueprint_C:ExecuteUbergraph_Gideon_AnimBlueprint

[2020.04.25-17.21.07:063][799]LogScript: Warning: Script Msg: Divide by zero detected: 0.000000 / 0
Script call stack:
	Function /Game/ParagonGideon/Characters/Heroes/Gideon/Gideon_AnimBlueprint.Gideon_AnimBlueprint_C:BlueprintUpdateAnimation
	Function /Game/ParagonGideon/Characters/Heroes/Gideon/Gideon_AnimBlueprint.Gideon_AnimBlueprint_C:ExecuteUbergraph_Gideon_AnimBlueprint

[2020.04.25-17.21.07:064][799]LogScript: Warning: Script Msg: Divide by zero detected: 0.000000 / 0
Script call stack:
	Function /Game/ParagonGideon/Characters/Heroes/Gideon/Gideon_AnimBlueprint.Gideon_AnimBlueprint_C:BlueprintUpdateAnimation
	Function /Game/ParagonGideon/Characters/Heroes/Gideon/Gideon_AnimBlueprint.Gideon_AnimBlueprint_C:ExecuteUbergraph_Gideon_AnimBlueprint

[2020.04.25-17.21.07:065][799]LogScript: Warning: Script Msg: Divide by zero detected: 0.000000 / 0
Script call stack:
	Function /Game/ParagonGideon/Characters/Heroes/Gideon/Gideon_AnimBlueprint.Gideon_AnimBlueprint_C:BlueprintUpdateAnimation
	Function /Game/ParagonGideon/Characters/Heroes/Gideon/Gideon_AnimBlueprint.Gideon_AnimBlueprint_C:ExecuteUbergraph_Gideon_AnimBlueprint

[2020.04.25-17.21.07:439][799]LogUObjectHash: Compacting FUObjectHashTables data took   6.96ms
[2020.04.25-17.21.07:452][799]LogScript: Warning: Script Msg: Divide by zero detected: 0.000000 / 0
Script call stack:
	Function /Game/ParagonGideon/Characters/Heroes/Gideon/Gideon_AnimBlueprint.Gideon_AnimBlueprint_C:BlueprintUpdateAnimation
	Function /Game/ParagonGideon/Characters/Heroes/Gideon/Gideon_AnimBlueprint.Gideon_AnimBlueprint_C:ExecuteUbergraph_Gideon_AnimBlueprint

[2020.04.25-17.21.07:453][799]LogScript: Warning: Script Msg: Divide by zero detected: 0.000000 / 0
Script call stack:
	Function /Game/ParagonGideon/Characters/Heroes/Gideon/Gideon_AnimBlueprint.Gideon_AnimBlueprint_C:BlueprintUpdateAnimation
	Function /Game/ParagonGideon/Characters/Heroes/Gideon/Gideon_AnimBlueprint.Gideon_AnimBlueprint_C:ExecuteUbergraph_Gideon_AnimBlueprint

[2020.04.25-17.21.07:477][799]LogScript: Warning: Script Msg: Divide by zero detected: 0.000000 / 0
Script call stack:
	Function /Game/ParagonGideon/Characters/Heroes/Gideon/Gideon_AnimBlueprint.Gideon_AnimBlueprint_C:BlueprintUpdateAnimation
	Function /Game/ParagonGideon/Characters/Heroes/Gideon/Gideon_AnimBlueprint.Gideon_AnimBlueprint_C:ExecuteUbergraph_Gideon_AnimBlueprint

[2020.04.25-17.21.07:478][799]LogScript: Warning: Script Msg: Divide by zero detected: 0.000000 / 0
Script call stack:
	Function /Game/ParagonGideon/Characters/Heroes/Gideon/Gideon_AnimBlueprint.Gideon_AnimBlueprint_C:BlueprintUpdateAnimation
	Function /Game/ParagonGideon/Characters/Heroes/Gideon/Gideon_AnimBlueprint.Gideon_AnimBlueprint_C:ExecuteUbergraph_Gideon_AnimBlueprint

[2020.04.25-17.21.08:619][916]LogTemp: Repeating last play command: Selected Viewport
[2020.04.25-17.21.08:650][916]LogBlueprintUserMessages: Early PlayInEditor Detection: Level '/Game/TopDownBP/Maps/TopDownExampleMap.TopDownExampleMap:PersistentLevel' has LevelScriptBlueprint '/Game/TopDownBP/Maps/TopDownExampleMap.TopDownExampleMap:PersistentLevel.TopDownExampleMap' with GeneratedClass '/Game/TopDownBP/Maps/TopDownExampleMap.TopDownExampleMap_C' with ClassGeneratedBy '/Game/TopDownBP/Maps/TopDownExampleMap.TopDownExampleMap:PersistentLevel.TopDownExampleMap'
[2020.04.25-17.21.08:650][916]LogPlayLevel: PlayLevel: No blueprints needed recompiling
[2020.04.25-17.21.08:650][916]PIE: New page: PIE session: TopDownExampleMap (25 Apr 2020 19:21:08)
[2020.04.25-17.21.08:650][916]LogPlayLevel: Creating play world package: /Game/TopDownBP/Maps/UEDPIE_0_TopDownExampleMap
[2020.04.25-17.21.08:664][916]LogPlayLevel: PIE: StaticDuplicateObject took: (0.013775s)
[2020.04.25-17.21.08:665][916]LogAIModule: Creating AISystem for world TopDownExampleMap
[2020.04.25-17.21.08:665][916]LogPlayLevel: PIE: World Init took: (0.001004s)
[2020.04.25-17.21.08:665][916]LogPlayLevel: PIE: Created PIE world by copying editor world from /Game/TopDownBP/Maps/TopDownExampleMap.TopDownExampleMap to /Game/TopDownBP/Maps/UEDPIE_0_TopDownExampleMap.TopDownExampleMap (0.014930s)
[2020.04.25-17.21.08:732][916]LogUObjectHash: Compacting FUObjectHashTables data took   5.96ms
[2020.04.25-17.21.08:747][916]LogInit: XAudio2 using 'Headset Earphone (HyperX Virtual Surround Sound)' : 2 channels at 48 kHz using 16 bits per sample (channel mask 0x3)
[2020.04.25-17.21.08:764][916]LogInit: FAudioDevice initialized.
[2020.04.25-17.21.08:772][916]LogLoad: Game class is 'TopDownGameMode_C'
[2020.04.25-17.21.08:776][916]LogScript: Warning: Script Msg: Divide by zero detected: 0.000000 / 0
Script call stack:
	Function /Game/ParagonGideon/Characters/Heroes/Gideon/Gideon_AnimBlueprint.Gideon_AnimBlueprint_C:BlueprintUpdateAnimation
	Function /Game/ParagonGideon/Characters/Heroes/Gideon/Gideon_AnimBlueprint.Gideon_AnimBlueprint_C:ExecuteUbergraph_Gideon_AnimBlueprint

[2020.04.25-17.21.08:778][916]LogWorld: Bringing World /Game/TopDownBP/Maps/UEDPIE_0_TopDownExampleMap.TopDownExampleMap up for play (max tick rate 0) at 2020.04.25-18.21.08
[2020.04.25-17.21.08:778][916]LogWorld: Bringing up level for play took: 0.006045
[2020.04.25-17.21.08:779][916]LogOnline: OSS: Creating online subsystem instance for: :Context_12
[2020.04.25-17.21.08:784][916]PIE: Play in editor start time for /Game/TopDownBP/Maps/UEDPIE_0_TopDownExampleMap 0.539
[2020.04.25-17.21.08:784][916]LogBlueprintUserMessages: Late PlayInEditor Detection: Level '/Game/TopDownBP/Maps/TopDownExampleMap.TopDownExampleMap:PersistentLevel' has LevelScriptBlueprint '/Game/TopDownBP/Maps/TopDownExampleMap.TopDownExampleMap:PersistentLevel.TopDownExampleMap' with GeneratedClass '/Game/TopDownBP/Maps/TopDownExampleMap.TopDownExampleMap_C' with ClassGeneratedBy '/Game/TopDownBP/Maps/TopDownExampleMap.TopDownExampleMap:PersistentLevel.TopDownExampleMap'
[2020.04.25-17.21.10:968][174]LogParticles: Warning: Particle Notify: Particle system is null for particle notify 'PlayParticleEffect' in anim: '/Game/ParagonGideon/Characters/Heroes/Gideon/Animations/LevelStart_Montage.LevelStart_Montage'
[2020.04.25-17.21.10:968][174]LogParticles: Warning: Particle Notify: Particle system is null for particle notify 'PlayParticleEffect' in anim: '/Game/ParagonGideon/Characters/Heroes/Gideon/Animations/LevelStart_Montage.LevelStart_Montage'
[2020.04.25-17.21.18:947][125]LogBlueprintUserMessages: Early EndPlayMap Detection: Level '/Game/TopDownBP/Maps/TopDownExampleMap.TopDownExampleMap:PersistentLevel' has LevelScriptBlueprint '/Game/TopDownBP/Maps/TopDownExampleMap.TopDownExampleMap:PersistentLevel.TopDownExampleMap' with GeneratedClass '/Game/TopDownBP/Maps/TopDownExampleMap.TopDownExampleMap_C' with ClassGeneratedBy '/Game/TopDownBP/Maps/TopDownExampleMap.TopDownExampleMap:PersistentLevel.TopDownExampleMap'
[2020.04.25-17.21.18:947][125]LogSlate: Updating window title bar state: overlay mode, drag disabled, window buttons hidden, title bar hidden
[2020.04.25-17.21.18:948][125]LogWorld: BeginTearingDown for /Game/TopDownBP/Maps/UEDPIE_0_TopDownExampleMap
[2020.04.25-17.21.18:948][125]LogWorld: UWorld::CleanupWorld for TopDownExampleMap, bSessionEnded=true, bCleanupResources=true
[2020.04.25-17.21.18:985][125]LogPlayLevel: Display: Shutting down PIE online subsystems
[2020.04.25-17.21.18:985][125]LogBlueprintUserMessages: Late EndPlayMap Detection: Level '/Game/TopDownBP/Maps/TopDownExampleMap.TopDownExampleMap:PersistentLevel' has LevelScriptBlueprint '/Game/TopDownBP/Maps/TopDownExampleMap.TopDownExampleMap:PersistentLevel.TopDownExampleMap' with GeneratedClass '/Game/TopDownBP/Maps/TopDownExampleMap.TopDownExampleMap_C' with ClassGeneratedBy '/Game/TopDownBP/Maps/TopDownExampleMap.TopDownExampleMap:PersistentLevel.TopDownExampleMap'
[2020.04.25-17.21.19:031][125]LogSlate: Updating window title bar state: overlay mode, drag disabled, window buttons hidden, title bar hidden
[2020.04.25-17.21.19:036][125]LogUObjectHash: Compacting FUObjectHashTables data took   4.10ms
[2020.04.25-17.21.19:055][126]LogPlayLevel: Display: Destroying online subsystem :Context_12
[2020.04.25-17.21.20:613][310]LogSlate: FSceneViewport::OnFocusLost() reason 0
[2020.04.25-17.21.29:534][368]LogUObjectHash: Compacting FUObjectHashTables data took   4.59ms
[2020.04.25-17.21.30:238][368]LogScript: Warning: Script Msg: Divide by zero detected: 0.000000 / 0
Script call stack:
	Function /Game/ParagonGideon/Characters/Heroes/Gideon/Gideon_AnimBlueprint.Gideon_AnimBlueprint_C:BlueprintUpdateAnimation
	Function /Game/ParagonGideon/Characters/Heroes/Gideon/Gideon_AnimBlueprint.Gideon_AnimBlueprint_C:ExecuteUbergraph_Gideon_AnimBlueprint

[2020.04.25-17.21.34:163][368]LogSlate: Window 'Delete Assets' being destroyed
[2020.04.25-17.21.57:833][964]LogScript: Warning: Script Msg: Divide by zero detected: 0.000000 / 0
Script call stack:
	Function /Game/ParagonGideon/Characters/Heroes/Gideon/Gideon_AnimBlueprint.Gideon_AnimBlueprint_C:BlueprintUpdateAnimation
	Function /Game/ParagonGideon/Characters/Heroes/Gideon/Gideon_AnimBlueprint.Gideon_AnimBlueprint_C:ExecuteUbergraph_Gideon_AnimBlueprint

[2020.04.25-17.21.57:836][964]LogScript: Warning: Script Msg: Divide by zero detected: 0.000000 / 0
Script call stack:
	Function /Game/ParagonGideon/Characters/Heroes/Gideon/Gideon_AnimBlueprint.Gideon_AnimBlueprint_C:BlueprintUpdateAnimation
	Function /Game/ParagonGideon/Characters/Heroes/Gideon/Gideon_AnimBlueprint.Gideon_AnimBlueprint_C:ExecuteUbergraph_Gideon_AnimBlueprint

[2020.04.25-17.21.57:837][964]LogScript: Warning: Script Msg: Divide by zero detected: 0.000000 / 0
Script call stack:
	Function /Game/ParagonGideon/Characters/Heroes/Gideon/Gideon_AnimBlueprint.Gideon_AnimBlueprint_C:BlueprintUpdateAnimation
	Function /Game/ParagonGideon/Characters/Heroes/Gideon/Gideon_AnimBlueprint.Gideon_AnimBlueprint_C:ExecuteUbergraph_Gideon_AnimBlueprint

[2020.04.25-17.22.16:740][410]LogUObjectHash: Compacting FUObjectHashTables data took   4.78ms
[2020.04.25-17.22.16:823][410]LogUObjectHash: Compacting FUObjectHashTables data took   1.08ms
[2020.04.25-17.22.17:130][410]LogSavePackage: Moving '../../../../../../Users/Jordan/Documents/GitHub/KV6002-Rogue-Like/RogueLike/Saved/TopDownExampleMap0FCBA22A4AA9407C4F2DC09D688827E5.tmp' to '../../../../../../Users/Jordan/Documents/GitHub/KV6002-Rogue-Like/RogueLike/Content/TopDownBP/Maps/TopDownExampleMap.umap'
[2020.04.25-17.22.17:171][410]LogFileHelpers: Saving map 'TopDownExampleMap' took 0.385
[2020.04.25-17.22.17:542][410]LogSavePackage: Moving '../../../../../../Users/Jordan/Documents/GitHub/KV6002-Rogue-Like/RogueLike/Saved/TopDownCharacterA0183346480193918817F9A5B2B17CFF.tmp' to '../../../../../../Users/Jordan/Documents/GitHub/KV6002-Rogue-Like/RogueLike/Content/TopDownBP/Blueprints/TopDownCharacter.uasset'
[2020.04.25-17.22.17:550][410]Cmd: OBJ SAVEPACKAGE PACKAGE="/Game/TopDownBP/UI/UI_GameHUD" FILE="../../../../../../Users/Jordan/Documents/GitHub/KV6002-Rogue-Like/RogueLike/Content/TopDownBP/UI/UI_GameHUD.uasset" SILENT=true
[2020.04.25-17.22.17:586][410]LogSavePackage: Moving '../../../../../../Users/Jordan/Documents/GitHub/KV6002-Rogue-Like/RogueLike/Saved/UI_GameHUD69C40DA6410A6BD5574D519BD1AA8148.tmp' to '../../../../../../Users/Jordan/Documents/GitHub/KV6002-Rogue-Like/RogueLike/Content/TopDownBP/UI/UI_GameHUD.uasset'
[2020.04.25-17.26.19:581][352]LogUObjectHash: Compacting FUObjectHashTables data took   5.86ms
[2020.04.25-17.26.23:737][352]LogSlate: Window 'Delete Assets' being destroyed
