Log file open, 05/04/20 09:55:14
LogWindows: Failed to load 'aqProf.dll' (GetLastError=126)
LogWindows: File 'aqProf.dll' does not exist
LogWindows: Failed to load 'VtuneApi.dll' (GetLastError=126)
LogWindows: File 'VtuneApi.dll' does not exist
LogWindows: Failed to load 'VtuneApi32e.dll' (GetLastError=126)
LogWindows: File 'VtuneApi32e.dll' does not exist
LogConsoleResponse: Display: Failed to find resolution value strings in scalability ini. Falling back to default.
LogInit: Display: Running engine for game: RogueLike
LogPlatformFile: Not using cached read wrapper
LogTaskGraph: Started task graph with 5 named threads and 23 total threads with 3 sets of task threads.
LogStats: Stats thread started at 0.046279
LogD3D11RHI: Loaded GFSDK_Aftermath_Lib.x64.dll
LogICUInternationalization: ICU TimeZone Detection - Raw Offset: +0:00, Platform Override: ''
LogPluginManager: Mounting plugin Paper2D
LogPluginManager: Mounting plugin AISupport
LogPluginManager: Mounting plugin LightPropagationVolume
LogPluginManager: Mounting plugin ActorLayerUtilities
LogPluginManager: Mounting plugin AnimationSharing
LogPluginManager: Mounting plugin CLionSourceCodeAccess
LogPluginManager: Mounting plugin CodeLiteSourceCodeAccess
LogPluginManager: Mounting plugin GitSourceControl
LogPluginManager: Mounting plugin KDevelopSourceCodeAccess
LogPluginManager: Mounting plugin NullSourceCodeAccess
LogPluginManager: Mounting plugin PerforceSourceControl
LogPluginManager: Mounting plugin SubversionSourceControl
LogPluginManager: Mounting plugin UObjectPlugin
LogPluginManager: Mounting plugin VisualStudioCodeSourceCodeAccess
LogPluginManager: Mounting plugin VisualStudioSourceCodeAccess
LogPluginManager: Mounting plugin XCodeSourceCodeAccess
LogPluginManager: Mounting plugin AssetManagerEditor
LogPluginManager: Mounting plugin CryptoKeys
LogPluginManager: Mounting plugin CurveEditorTools
LogPluginManager: Mounting plugin DataValidation
LogPluginManager: Mounting plugin FacialAnimation
LogPluginManager: Mounting plugin GameplayTagsEditor
LogPluginManager: Mounting plugin MacGraphicsSwitching
LogPluginManager: Mounting plugin MaterialAnalyzer
LogPluginManager: Mounting plugin MobileLauncherProfileWizard
LogPluginManager: Mounting plugin PluginBrowser
LogPluginManager: Mounting plugin SpeedTreeImporter
LogPluginManager: Mounting plugin DatasmithContent
LogPluginManager: Mounting plugin VariantManagerContent
LogPluginManager: Mounting plugin AlembicImporter
LogPluginManager: Mounting plugin AutomationUtils
LogPluginManager: Mounting plugin BackChannel
LogPluginManager: Mounting plugin CharacterAI
LogPluginManager: Mounting plugin GeometryCache
LogPluginManager: Mounting plugin HTML5Networking
LogPluginManager: Mounting plugin PlatformCrypto
LogPluginManager: Mounting plugin ProxyLODPlugin
LogPluginManager: Mounting plugin SkeletalReduction
LogPluginManager: Mounting plugin MagicLeap
LogPluginManager: Mounting plugin MagicLeapMedia
LogPluginManager: Mounting plugin AndroidMedia
LogPluginManager: Mounting plugin AvfMedia
LogPluginManager: Mounting plugin ImgMedia
LogPluginManager: Mounting plugin MediaCompositing
LogPluginManager: Mounting plugin MediaPlayerEditor
LogPluginManager: Mounting plugin WebMMedia
LogPluginManager: Mounting plugin WmfMedia
LogPluginManager: Mounting plugin TcpMessaging
LogPluginManager: Mounting plugin UdpMessaging
LogPluginManager: Mounting plugin ActorSequence
LogPluginManager: Mounting plugin LevelSequenceEditor
LogPluginManager: Mounting plugin MatineeToLevelSequence
LogPluginManager: Mounting plugin NetcodeUnitTest
LogPluginManager: Mounting plugin NUTUnrealEngine4
LogPluginManager: Mounting plugin OnlineSubsystemGooglePlay
LogPluginManager: Mounting plugin OnlineSubsystemIOS
LogPluginManager: Mounting plugin OnlineSubsystem
LogPluginManager: Mounting plugin OnlineSubsystemNull
LogPluginManager: Mounting plugin OnlineSubsystemUtils
LogPluginManager: Mounting plugin LauncherChunkInstaller
LogPluginManager: Mounting plugin AndroidDeviceProfileSelector
LogPluginManager: Mounting plugin AndroidMoviePlayer
LogPluginManager: Mounting plugin AndroidPermission
LogPluginManager: Mounting plugin AppleImageUtils
LogPluginManager: Mounting plugin AppleMoviePlayer
LogPluginManager: Mounting plugin ArchVisCharacter
LogPluginManager: Mounting plugin AudioCapture
LogPluginManager: Mounting plugin CableComponent
LogPluginManager: Mounting plugin CustomMeshComponent
LogPluginManager: Mounting plugin EditableMesh
LogPluginManager: Mounting plugin ExampleDeviceProfileSelector
LogPluginManager: Mounting plugin GoogleCloudMessaging
LogPluginManager: Mounting plugin IOSDeviceProfileSelector
LogPluginManager: Mounting plugin LinuxDeviceProfileSelector
LogPluginManager: Mounting plugin LocationServicesBPLibrary
LogPluginManager: Mounting plugin MobilePatchingUtils
LogPluginManager: Mounting plugin OculusVR
LogPluginManager: Mounting plugin PhysXVehicles
LogPluginManager: Mounting plugin ProceduralMeshComponent
LogPluginManager: Mounting plugin RuntimePhysXCooking
LogPluginManager: Mounting plugin SignificanceManager
LogPluginManager: Mounting plugin SteamVR
LogPluginManager: Mounting plugin WebMMoviePlayer
LogPluginManager: Mounting plugin WindowsMoviePlayer
LogPluginManager: Mounting plugin ScreenshotTools
LogInit: Using libcurl 7.55.1-DEV
LogInit:  - built for x86_64-pc-win32
LogInit:  - supports SSL with OpenSSL/1.1.1
LogInit:  - supports HTTP deflate (compression) using libz 1.2.8
LogInit:  - other features:
LogInit:      CURL_VERSION_SSL
LogInit:      CURL_VERSION_LIBZ
LogInit:      CURL_VERSION_IPV6
LogInit:      CURL_VERSION_ASYNCHDNS
LogInit:      CURL_VERSION_LARGEFILE
LogInit:      CURL_VERSION_IDN
LogInit:  CurlRequestOptions (configurable via config and command line):
LogInit:  - bVerifyPeer = true  - Libcurl will verify peer certificate
LogInit:  - bUseHttpProxy = false  - Libcurl will NOT use HTTP proxy
LogInit:  - bDontReuseConnections = false  - Libcurl will reuse connections
LogInit:  - MaxHostConnections = 16  - Libcurl will limit the number of connections to a host
LogInit:  - LocalHostAddr = Default
LogInit:  - BufferSize = 65536
LogOnline: OSS: Creating online subsystem instance for: NULL
LogInit: WinSock: version 1.1 (2.2), MaxSocks=32767, MaxUdp=65467
LogInit: Build: ++UE4+Release-4.23-CL-9631420
LogInit: Engine Version: 4.23.1-9631420+++UE4+Release-4.23
LogInit: Compatible Engine Version: 4.23.0-8386587+++UE4+Release-4.23
LogInit: Net CL: 8386587
LogInit: OS: Windows 10 (Release 1909) (), CPU: Intel(R) Core(TM) i7-7700K CPU @ 4.20GHz, GPU: NVIDIA GeForce GTX 1060 6GB
LogInit: Compiled (64-bit): Oct 18 2019 02:07:44
LogInit: Compiled with Visual C++: 19.16.27030.01
LogInit: Build Configuration: Development
LogInit: Branch Name: ++UE4+Release-4.23
LogInit: Command Line:  -EpicPortal -epicusername=Jaurr -epicuserid=0f0ebd02052447dcbc9e6eeb2f864d9a -epiclocale=en
LogInit: Base Directory: D:/Unreal/UE_4.23/Engine/Binaries/Win64/
LogInit: Installed Engine Build: 1
LogDevObjectVersion: Number of dev versions registered: 23
LogDevObjectVersion:   Dev-Blueprints (B0D832E4-1F89-4F0D-ACCF-7EB736FD4AA2): 10
LogDevObjectVersion:   Dev-Build (E1C64328-A22C-4D53-A36C-8E866417BD8C): 0
LogDevObjectVersion:   Dev-Core (375EC13C-06E4-48FB-B500-84F0262A717E): 3
LogDevObjectVersion:   Dev-Editor (E4B068ED-F494-42E9-A231-DA0B2E46BB41): 34
LogDevObjectVersion:   Dev-Framework (CFFC743F-43B0-4480-9391-14DF171D2073): 35
LogDevObjectVersion:   Dev-Mobile (B02B49B5-BB20-44E9-A304-32B752E40360): 2
LogDevObjectVersion:   Dev-Networking (A4E4105C-59A1-49B5-A7C5-40C4547EDFEE): 0
LogDevObjectVersion:   Dev-Online (39C831C9-5AE6-47DC-9A44-9C173E1C8E7C): 0
LogDevObjectVersion:   Dev-Physics (78F01B33-EBEA-4F98-B9B4-84EACCB95AA2): 0
LogDevObjectVersion:   Dev-Platform (6631380F-2D4D-43E0-8009-CF276956A95A): 0
LogDevObjectVersion:   Dev-Rendering (12F88B9F-8875-4AFC-A67C-D90C383ABD29): 31
LogDevObjectVersion:   Dev-Sequencer (7B5AE74C-D270-4C10-A958-57980B212A5A): 11
LogDevObjectVersion:   Dev-VR (D7296918-1DD6-4BDD-9DE2-64A83CC13884): 2
LogDevObjectVersion:   Dev-LoadTimes (C2A15278-BFE7-4AFE-6C17-90FF531DF755): 1
LogDevObjectVersion:   Private-Geometry (6EACA3D4-40EC-4CC1-B786-8BED09428FC5): 3
LogDevObjectVersion:   Dev-AnimPhys (29E575DD-E0A3-4627-9D10-D276232CDCEA): 17
LogDevObjectVersion:   Dev-Anim (AF43A65D-7FD3-4947-9873-3E8ED9C1BB05): 2
LogDevObjectVersion:   Dev-ReflectionCapture (6B266CEC-1EC7-4B8F-A30B-E4D90942FC07): 1
LogDevObjectVersion:   Dev-Automation (0DF73D61-A23F-47EA-B727-89E90C41499A): 1
LogDevObjectVersion:   FortniteMain (601D1886-AC64-4F84-AA16-D3DE0DEAC7D6): 27
LogDevObjectVersion:   Dev-Enterprise (9DFFBCD6-494F-0158-E221-12823C92A888): 6
LogDevObjectVersion:   Dev-Niagara (F2AED0AC-9AFE-416F-8664-AA7FFA26D6FC): 1
LogDevObjectVersion:   Dev-Destruction (174F1F0B-B4C6-45A5-B13F-2EE8D0FB917D): 9
LogInit: Presizing for max 16777216 objects, including 0 objects not considered by GC, pre-allocating 0 bytes for permanent pool.
LogInit: Object subsystem initialized
LogConfig: Setting CVar [[con.DebugEarlyDefault:1]]
LogConfig: Setting CVar [[r.setres:1280x720]]
[2020.05.04-08.55.14:241][  0]LogConfig: Setting CVar [[r.VSync:0]]
[2020.05.04-08.55.14:241][  0]LogConfig: Setting CVar [[r.RHICmdBypass:0]]
[2020.05.04-08.55.14:241][  0]LogConfig: Applying CVar settings from Section [/Script/Engine.RendererSettings] File [D:/Documents/Github/Roguelike new/KV6002-Rogue-Like/RogueLike/Saved/Config/Windows/Engine.ini]
[2020.05.04-08.55.14:241][  0]LogConfig: Setting CVar [[r.GPUCrashDebugging:0]]
[2020.05.04-08.55.14:241][  0]LogConfig: Applying CVar settings from Section [/Script/Engine.RendererOverrideSettings] File [D:/Documents/Github/Roguelike new/KV6002-Rogue-Like/RogueLike/Saved/Config/Windows/Engine.ini]
[2020.05.04-08.55.14:241][  0]LogConfig: Applying CVar settings from Section [/Script/Engine.StreamingSettings] File [D:/Documents/Github/Roguelike new/KV6002-Rogue-Like/RogueLike/Saved/Config/Windows/Engine.ini]
[2020.05.04-08.55.14:241][  0]LogConfig: Setting CVar [[s.MinBulkDataSizeForAsyncLoading:131072]]
[2020.05.04-08.55.14:241][  0]LogConfig: Setting CVar [[s.AsyncLoadingThreadEnabled:0]]
[2020.05.04-08.55.14:241][  0]LogConfig: Setting CVar [[s.EventDrivenLoaderEnabled:1]]
[2020.05.04-08.55.14:241][  0]LogConfig: Setting CVar [[s.WarnIfTimeLimitExceeded:0]]
[2020.05.04-08.55.14:241][  0]LogConfig: Setting CVar [[s.TimeLimitExceededMultiplier:1.5]]
[2020.05.04-08.55.14:241][  0]LogConfig: Setting CVar [[s.TimeLimitExceededMinTime:0.005]]
[2020.05.04-08.55.14:241][  0]LogConfig: Setting CVar [[s.UseBackgroundLevelStreaming:1]]
[2020.05.04-08.55.14:241][  0]LogConfig: Setting CVar [[s.PriorityAsyncLoadingExtraTime:15.0]]
[2020.05.04-08.55.14:241][  0]LogConfig: Setting CVar [[s.LevelStreamingActorsUpdateTimeLimit:5.0]]
[2020.05.04-08.55.14:241][  0]LogConfig: Setting CVar [[s.PriorityLevelStreamingActorsUpdateExtraTime:5.0]]
[2020.05.04-08.55.14:241][  0]LogConfig: Setting CVar [[s.LevelStreamingComponentsRegistrationGranularity:10]]
[2020.05.04-08.55.14:241][  0]LogConfig: Setting CVar [[s.UnregisterComponentsTimeLimit:1.0]]
[2020.05.04-08.55.14:241][  0]LogConfig: Setting CVar [[s.LevelStreamingComponentsUnregistrationGranularity:5]]
[2020.05.04-08.55.14:241][  0]LogConfig: Applying CVar settings from Section [/Script/Engine.GarbageCollectionSettings] File [D:/Documents/Github/Roguelike new/KV6002-Rogue-Like/RogueLike/Saved/Config/Windows/Engine.ini]
[2020.05.04-08.55.14:241][  0]LogConfig: Setting CVar [[gc.MaxObjectsNotConsideredByGC:1]]
[2020.05.04-08.55.14:241][  0]LogConfig: Setting CVar [[gc.SizeOfPermanentObjectPool:0]]
[2020.05.04-08.55.14:241][  0]LogConfig: Setting CVar [[gc.FlushStreamingOnGC:0]]
[2020.05.04-08.55.14:241][  0]LogConfig: Setting CVar [[gc.NumRetriesBeforeForcingGC:10]]
[2020.05.04-08.55.14:242][  0]LogConfig: Setting CVar [[gc.AllowParallelGC:1]]
[2020.05.04-08.55.14:242][  0]LogConfig: Setting CVar [[gc.TimeBetweenPurgingPendingKillObjects:61.1]]
[2020.05.04-08.55.14:242][  0]LogConfig: Setting CVar [[gc.MaxObjectsInEditor:16777216]]
[2020.05.04-08.55.14:242][  0]LogConfig: Setting CVar [[gc.IncrementalBeginDestroyEnabled:1]]
[2020.05.04-08.55.14:242][  0]LogConfig: Setting CVar [[gc.CreateGCClusters:1]]
[2020.05.04-08.55.14:242][  0]LogConfig: Setting CVar [[gc.MinGCClusterSize:5]]
[2020.05.04-08.55.14:242][  0]LogConfig: Setting CVar [[gc.ActorClusteringEnabled:0]]
[2020.05.04-08.55.14:242][  0]LogConfig: Setting CVar [[gc.BlueprintClusteringEnabled:0]]
[2020.05.04-08.55.14:242][  0]LogConfig: Setting CVar [[gc.UseDisregardForGCOnDedicatedServers:0]]
[2020.05.04-08.55.14:242][  0]LogConfig: Applying CVar settings from Section [/Script/Engine.NetworkSettings] File [D:/Documents/Github/Roguelike new/KV6002-Rogue-Like/RogueLike/Saved/Config/Windows/Engine.ini]
[2020.05.04-08.55.14:242][  0]LogConfig: Applying CVar settings from Section [/Script/UnrealEd.CookerSettings] File [D:/Documents/Github/Roguelike new/KV6002-Rogue-Like/RogueLike/Saved/Config/Windows/Engine.ini]
[2020.05.04-08.55.14:250][  0]LogConfig: Applying CVar settings from Section [ViewDistanceQuality@3] File [D:/Documents/Github/Roguelike new/KV6002-Rogue-Like/RogueLike/Saved/Config/Windows/Scalability.ini]
[2020.05.04-08.55.14:250][  0]LogConfig: Setting CVar [[r.SkeletalMeshLODBias:0]]
[2020.05.04-08.55.14:250][  0]LogConfig: Setting CVar [[r.ViewDistanceScale:1.0]]
[2020.05.04-08.55.14:250][  0]LogConfig: Applying CVar settings from Section [AntiAliasingQuality@3] File [D:/Documents/Github/Roguelike new/KV6002-Rogue-Like/RogueLike/Saved/Config/Windows/Scalability.ini]
[2020.05.04-08.55.14:250][  0]LogConfig: Setting CVar [[r.PostProcessAAQuality:4]]
[2020.05.04-08.55.14:250][  0]LogConfig: Applying CVar settings from Section [ShadowQuality@3] File [D:/Documents/Github/Roguelike new/KV6002-Rogue-Like/RogueLike/Saved/Config/Windows/Scalability.ini]
[2020.05.04-08.55.14:250][  0]LogConfig: Setting CVar [[r.LightFunctionQuality:1]]
[2020.05.04-08.55.14:250][  0]LogConfig: Setting CVar [[r.ShadowQuality:5]]
[2020.05.04-08.55.14:250][  0]LogConfig: Setting CVar [[r.Shadow.CSM.MaxCascades:10]]
[2020.05.04-08.55.14:250][  0]LogConfig: Setting CVar [[r.Shadow.MaxResolution:2048]]
[2020.05.04-08.55.14:250][  0]LogConfig: Setting CVar [[r.Shadow.MaxCSMResolution:2048]]
[2020.05.04-08.55.14:250][  0]LogConfig: Setting CVar [[r.Shadow.RadiusThreshold:0.01]]
[2020.05.04-08.55.14:250][  0]LogConfig: Setting CVar [[r.Shadow.DistanceScale:1.0]]
[2020.05.04-08.55.14:250][  0]LogConfig: Setting CVar [[r.Shadow.CSM.TransitionScale:1.0]]
[2020.05.04-08.55.14:250][  0]LogConfig: Setting CVar [[r.Shadow.PreShadowResolutionFactor:1.0]]
[2020.05.04-08.55.14:250][  0]LogConfig: Setting CVar [[r.DistanceFieldShadowing:1]]
[2020.05.04-08.55.14:250][  0]LogConfig: Setting CVar [[r.DistanceFieldAO:1]]
[2020.05.04-08.55.14:250][  0]LogConfig: Setting CVar [[r.AOQuality:2]]
[2020.05.04-08.55.14:250][  0]LogConfig: Setting CVar [[r.VolumetricFog:1]]
[2020.05.04-08.55.14:250][  0]LogConfig: Setting CVar [[r.VolumetricFog.GridPixelSize:8]]
[2020.05.04-08.55.14:250][  0]LogConfig: Setting CVar [[r.VolumetricFog.GridSizeZ:128]]
[2020.05.04-08.55.14:250][  0]LogConfig: Setting CVar [[r.VolumetricFog.HistoryMissSupersampleCount:4]]
[2020.05.04-08.55.14:250][  0]LogConfig: Setting CVar [[r.LightMaxDrawDistanceScale:1]]
[2020.05.04-08.55.14:250][  0]LogConfig: Setting CVar [[r.CapsuleShadows:1]]
[2020.05.04-08.55.14:250][  0]LogConfig: Applying CVar settings from Section [PostProcessQuality@3] File [D:/Documents/Github/Roguelike new/KV6002-Rogue-Like/RogueLike/Saved/Config/Windows/Scalability.ini]
[2020.05.04-08.55.14:250][  0]LogConfig: Setting CVar [[r.MotionBlurQuality:4]]
[2020.05.04-08.55.14:250][  0]LogConfig: Setting CVar [[r.AmbientOcclusionMipLevelFactor:0.4]]
[2020.05.04-08.55.14:250][  0]LogConfig: Setting CVar [[r.AmbientOcclusionMaxQuality:100]]
[2020.05.04-08.55.14:250][  0]LogConfig: Setting CVar [[r.AmbientOcclusionLevels:-1]]
[2020.05.04-08.55.14:250][  0]LogConfig: Setting CVar [[r.AmbientOcclusionRadiusScale:1.0]]
[2020.05.04-08.55.14:250][  0]LogConfig: Setting CVar [[r.DepthOfFieldQuality:2]]
[2020.05.04-08.55.14:250][  0]LogConfig: Setting CVar [[r.RenderTargetPoolMin:400]]
[2020.05.04-08.55.14:250][  0]LogConfig: Setting CVar [[r.LensFlareQuality:2]]
[2020.05.04-08.55.14:250][  0]LogConfig: Setting CVar [[r.SceneColorFringeQuality:1]]
[2020.05.04-08.55.14:250][  0]LogConfig: Setting CVar [[r.EyeAdaptationQuality:2]]
[2020.05.04-08.55.14:250][  0]LogConfig: Setting CVar [[r.BloomQuality:5]]
[2020.05.04-08.55.14:250][  0]LogConfig: Setting CVar [[r.FastBlurThreshold:100]]
[2020.05.04-08.55.14:250][  0]LogConfig: Setting CVar [[r.Upscale.Quality:3]]
[2020.05.04-08.55.14:250][  0]LogConfig: Setting CVar [[r.Tonemapper.GrainQuantization:1]]
[2020.05.04-08.55.14:250][  0]LogConfig: Setting CVar [[r.LightShaftQuality:1]]
[2020.05.04-08.55.14:250][  0]LogConfig: Setting CVar [[r.Filter.SizeScale:1]]
[2020.05.04-08.55.14:250][  0]LogConfig: Setting CVar [[r.Tonemapper.Quality:5]]
[2020.05.04-08.55.14:250][  0]LogConfig: Setting CVar [[r.DOF.Gather.AccumulatorQuality:1        ; higher gathering accumulator quality]]
[2020.05.04-08.55.14:250][  0]LogConfig: Setting CVar [[r.DOF.Gather.PostfilterMethod:1          ; Median3x3 postfilering method]]
[2020.05.04-08.55.14:250][  0]LogConfig: Setting CVar [[r.DOF.Gather.EnableBokehSettings:0       ; no bokeh simulation when gathering]]
[2020.05.04-08.55.14:250][  0]LogConfig: Setting CVar [[r.DOF.Gather.RingCount:4                 ; medium number of samples when gathering]]
[2020.05.04-08.55.14:250][  0]LogConfig: Setting CVar [[r.DOF.Scatter.ForegroundCompositing:1    ; additive foreground scattering]]
[2020.05.04-08.55.14:250][  0]LogConfig: Setting CVar [[r.DOF.Scatter.BackgroundCompositing:2    ; additive background scattering]]
[2020.05.04-08.55.14:250][  0]LogConfig: Setting CVar [[r.DOF.Scatter.EnableBokehSettings:1      ; bokeh simulation when scattering]]
[2020.05.04-08.55.14:250][  0]LogConfig: Setting CVar [[r.DOF.Scatter.MaxSpriteRatio:0.1         ; only a maximum of 10% of scattered bokeh]]
[2020.05.04-08.55.14:250][  0]LogConfig: Setting CVar [[r.DOF.Recombine.Quality:1                ; cheap slight out of focus]]
[2020.05.04-08.55.14:250][  0]LogConfig: Setting CVar [[r.DOF.Recombine.EnableBokehSettings:0    ; no bokeh simulation on slight out of focus]]
[2020.05.04-08.55.14:250][  0]LogConfig: Setting CVar [[r.DOF.TemporalAAQuality:1                ; more stable temporal accumulation]]
[2020.05.04-08.55.14:250][  0]LogConfig: Setting CVar [[r.DOF.Kernel.MaxForegroundRadius:0.025]]
[2020.05.04-08.55.14:250][  0]LogConfig: Setting CVar [[r.DOF.Kernel.MaxBackgroundRadius:0.025]]
[2020.05.04-08.55.14:250][  0]LogConfig: Applying CVar settings from Section [TextureQuality@3] File [D:/Documents/Github/Roguelike new/KV6002-Rogue-Like/RogueLike/Saved/Config/Windows/Scalability.ini]
[2020.05.04-08.55.14:250][  0]LogConfig: Setting CVar [[r.Streaming.MipBias:0]]
[2020.05.04-08.55.14:250][  0]LogConfig: Setting CVar [[r.Streaming.AmortizeCPUToGPUCopy:0]]
[2020.05.04-08.55.14:250][  0]LogConfig: Setting CVar [[r.Streaming.MaxNumTexturesToStreamPerFrame:0]]
[2020.05.04-08.55.14:250][  0]LogConfig: Setting CVar [[r.Streaming.Boost:1]]
[2020.05.04-08.55.14:250][  0]LogConfig: Setting CVar [[r.MaxAnisotropy:8]]
[2020.05.04-08.55.14:250][  0]LogConfig: Setting CVar [[r.Streaming.LimitPoolSizeToVRAM:0]]
[2020.05.04-08.55.14:250][  0]LogConfig: Setting CVar [[r.Streaming.PoolSize:1000]]
[2020.05.04-08.55.14:250][  0]LogConfig: Setting CVar [[r.Streaming.MaxEffectiveScreenSize:0]]
[2020.05.04-08.55.14:250][  0]LogConfig: Applying CVar settings from Section [EffectsQuality@3] File [D:/Documents/Github/Roguelike new/KV6002-Rogue-Like/RogueLike/Saved/Config/Windows/Scalability.ini]
[2020.05.04-08.55.14:250][  0]LogConfig: Setting CVar [[r.TranslucencyLightingVolumeDim:64]]
[2020.05.04-08.55.14:250][  0]LogConfig: Setting CVar [[r.RefractionQuality:2]]
[2020.05.04-08.55.14:250][  0]LogConfig: Setting CVar [[r.SSR.Quality:3]]
[2020.05.04-08.55.14:250][  0]LogConfig: Setting CVar [[r.SceneColorFormat:4]]
[2020.05.04-08.55.14:250][  0]LogConfig: Setting CVar [[r.DetailMode:2]]
[2020.05.04-08.55.14:250][  0]LogConfig: Setting CVar [[r.TranslucencyVolumeBlur:1]]
[2020.05.04-08.55.14:250][  0]LogConfig: Setting CVar [[r.MaterialQualityLevel:1 ; High quality]]
[2020.05.04-08.55.14:250][  0]LogConfig: Setting CVar [[r.SSS.Scale:1]]
[2020.05.04-08.55.14:250][  0]LogConfig: Setting CVar [[r.SSS.SampleSet:2]]
[2020.05.04-08.55.14:250][  0]LogConfig: Setting CVar [[r.SSS.Quality:1]]
[2020.05.04-08.55.14:250][  0]LogConfig: Setting CVar [[r.SSS.HalfRes:1]]
[2020.05.04-08.55.14:250][  0]LogConfig: Setting CVar [[r.EmitterSpawnRateScale:1.0]]
[2020.05.04-08.55.14:250][  0]LogConfig: Setting CVar [[r.ParticleLightQuality:2]]
[2020.05.04-08.55.14:250][  0]LogConfig: Applying CVar settings from Section [FoliageQuality@3] File [D:/Documents/Github/Roguelike new/KV6002-Rogue-Like/RogueLike/Saved/Config/Windows/Scalability.ini]
[2020.05.04-08.55.14:250][  0]LogConfig: Setting CVar [[foliage.DensityScale:1.0]]
[2020.05.04-08.55.14:250][  0]LogConfig: Setting CVar [[grass.DensityScale:1.0]]
[2020.05.04-08.55.14:250][  0]LogInit: Selected Device Profile: [Windows]
[2020.05.04-08.55.14:250][  0]LogInit: Applying CVar settings loaded from the selected device profile: [Windows]
[2020.05.04-08.55.14:252][  0]LogHAL: Display: Platform has ~ 32 GB [34316902400 / 34359738368 / 32], which maps to Largest [LargestMinGB=32, LargerMinGB=12, DefaultMinGB=8, SmallerMinGB=6, SmallestMinGB=0)
[2020.05.04-08.55.14:252][  0]LogInit: Going up to parent DeviceProfile []
[2020.05.04-08.55.14:252][  0]LogConfig: Applying CVar settings from Section [ViewDistanceQuality@3] File [D:/Documents/Github/Roguelike new/KV6002-Rogue-Like/RogueLike/Saved/Config/Windows/Scalability.ini]
[2020.05.04-08.55.14:252][  0]LogConfig: Setting CVar [[r.SkeletalMeshLODBias:0]]
[2020.05.04-08.55.14:252][  0]LogConfig: Setting CVar [[r.ViewDistanceScale:1.0]]
[2020.05.04-08.55.14:252][  0]LogConfig: Applying CVar settings from Section [AntiAliasingQuality@3] File [D:/Documents/Github/Roguelike new/KV6002-Rogue-Like/RogueLike/Saved/Config/Windows/Scalability.ini]
[2020.05.04-08.55.14:252][  0]LogConfig: Setting CVar [[r.PostProcessAAQuality:4]]
[2020.05.04-08.55.14:252][  0]LogConfig: Applying CVar settings from Section [ShadowQuality@3] File [D:/Documents/Github/Roguelike new/KV6002-Rogue-Like/RogueLike/Saved/Config/Windows/Scalability.ini]
[2020.05.04-08.55.14:252][  0]LogConfig: Setting CVar [[r.LightFunctionQuality:1]]
[2020.05.04-08.55.14:252][  0]LogConfig: Setting CVar [[r.ShadowQuality:5]]
[2020.05.04-08.55.14:252][  0]LogConfig: Setting CVar [[r.Shadow.CSM.MaxCascades:10]]
[2020.05.04-08.55.14:252][  0]LogConfig: Setting CVar [[r.Shadow.MaxResolution:2048]]
[2020.05.04-08.55.14:252][  0]LogConfig: Setting CVar [[r.Shadow.MaxCSMResolution:2048]]
[2020.05.04-08.55.14:252][  0]LogConfig: Setting CVar [[r.Shadow.RadiusThreshold:0.01]]
[2020.05.04-08.55.14:252][  0]LogConfig: Setting CVar [[r.Shadow.DistanceScale:1.0]]
[2020.05.04-08.55.14:252][  0]LogConfig: Setting CVar [[r.Shadow.CSM.TransitionScale:1.0]]
[2020.05.04-08.55.14:252][  0]LogConfig: Setting CVar [[r.Shadow.PreShadowResolutionFactor:1.0]]
[2020.05.04-08.55.14:252][  0]LogConfig: Setting CVar [[r.DistanceFieldShadowing:1]]
[2020.05.04-08.55.14:252][  0]LogConfig: Setting CVar [[r.DistanceFieldAO:1]]
[2020.05.04-08.55.14:252][  0]LogConfig: Setting CVar [[r.AOQuality:2]]
[2020.05.04-08.55.14:252][  0]LogConfig: Setting CVar [[r.VolumetricFog:1]]
[2020.05.04-08.55.14:252][  0]LogConfig: Setting CVar [[r.VolumetricFog.GridPixelSize:8]]
[2020.05.04-08.55.14:252][  0]LogConfig: Setting CVar [[r.VolumetricFog.GridSizeZ:128]]
[2020.05.04-08.55.14:252][  0]LogConfig: Setting CVar [[r.VolumetricFog.HistoryMissSupersampleCount:4]]
[2020.05.04-08.55.14:252][  0]LogConfig: Setting CVar [[r.LightMaxDrawDistanceScale:1]]
[2020.05.04-08.55.14:252][  0]LogConfig: Setting CVar [[r.CapsuleShadows:1]]
[2020.05.04-08.55.14:252][  0]LogConfig: Applying CVar settings from Section [PostProcessQuality@3] File [D:/Documents/Github/Roguelike new/KV6002-Rogue-Like/RogueLike/Saved/Config/Windows/Scalability.ini]
[2020.05.04-08.55.14:252][  0]LogConfig: Setting CVar [[r.MotionBlurQuality:4]]
[2020.05.04-08.55.14:252][  0]LogConfig: Setting CVar [[r.AmbientOcclusionMipLevelFactor:0.4]]
[2020.05.04-08.55.14:252][  0]LogConfig: Setting CVar [[r.AmbientOcclusionMaxQuality:100]]
[2020.05.04-08.55.14:252][  0]LogConfig: Setting CVar [[r.AmbientOcclusionLevels:-1]]
[2020.05.04-08.55.14:253][  0]LogConfig: Setting CVar [[r.AmbientOcclusionRadiusScale:1.0]]
[2020.05.04-08.55.14:253][  0]LogConfig: Setting CVar [[r.DepthOfFieldQuality:2]]
[2020.05.04-08.55.14:253][  0]LogConfig: Setting CVar [[r.RenderTargetPoolMin:400]]
[2020.05.04-08.55.14:253][  0]LogConfig: Setting CVar [[r.LensFlareQuality:2]]
[2020.05.04-08.55.14:253][  0]LogConfig: Setting CVar [[r.SceneColorFringeQuality:1]]
[2020.05.04-08.55.14:253][  0]LogConfig: Setting CVar [[r.EyeAdaptationQuality:2]]
[2020.05.04-08.55.14:253][  0]LogConfig: Setting CVar [[r.BloomQuality:5]]
[2020.05.04-08.55.14:253][  0]LogConfig: Setting CVar [[r.FastBlurThreshold:100]]
[2020.05.04-08.55.14:253][  0]LogConfig: Setting CVar [[r.Upscale.Quality:3]]
[2020.05.04-08.55.14:253][  0]LogConfig: Setting CVar [[r.Tonemapper.GrainQuantization:1]]
[2020.05.04-08.55.14:253][  0]LogConfig: Setting CVar [[r.LightShaftQuality:1]]
[2020.05.04-08.55.14:253][  0]LogConfig: Setting CVar [[r.Filter.SizeScale:1]]
[2020.05.04-08.55.14:253][  0]LogConfig: Setting CVar [[r.Tonemapper.Quality:5]]
[2020.05.04-08.55.14:253][  0]LogConfig: Setting CVar [[r.DOF.Gather.AccumulatorQuality:1        ; higher gathering accumulator quality]]
[2020.05.04-08.55.14:253][  0]LogConfig: Setting CVar [[r.DOF.Gather.PostfilterMethod:1          ; Median3x3 postfilering method]]
[2020.05.04-08.55.14:253][  0]LogConfig: Setting CVar [[r.DOF.Gather.EnableBokehSettings:0       ; no bokeh simulation when gathering]]
[2020.05.04-08.55.14:253][  0]LogConfig: Setting CVar [[r.DOF.Gather.RingCount:4                 ; medium number of samples when gathering]]
[2020.05.04-08.55.14:253][  0]LogConfig: Setting CVar [[r.DOF.Scatter.ForegroundCompositing:1    ; additive foreground scattering]]
[2020.05.04-08.55.14:253][  0]LogConfig: Setting CVar [[r.DOF.Scatter.BackgroundCompositing:2    ; additive background scattering]]
[2020.05.04-08.55.14:253][  0]LogConfig: Setting CVar [[r.DOF.Scatter.EnableBokehSettings:1      ; bokeh simulation when scattering]]
[2020.05.04-08.55.14:253][  0]LogConfig: Setting CVar [[r.DOF.Scatter.MaxSpriteRatio:0.1         ; only a maximum of 10% of scattered bokeh]]
[2020.05.04-08.55.14:253][  0]LogConfig: Setting CVar [[r.DOF.Recombine.Quality:1                ; cheap slight out of focus]]
[2020.05.04-08.55.14:253][  0]LogConfig: Setting CVar [[r.DOF.Recombine.EnableBokehSettings:0    ; no bokeh simulation on slight out of focus]]
[2020.05.04-08.55.14:253][  0]LogConfig: Setting CVar [[r.DOF.TemporalAAQuality:1                ; more stable temporal accumulation]]
[2020.05.04-08.55.14:253][  0]LogConfig: Setting CVar [[r.DOF.Kernel.MaxForegroundRadius:0.025]]
[2020.05.04-08.55.14:253][  0]LogConfig: Setting CVar [[r.DOF.Kernel.MaxBackgroundRadius:0.025]]
[2020.05.04-08.55.14:253][  0]LogConfig: Applying CVar settings from Section [TextureQuality@3] File [D:/Documents/Github/Roguelike new/KV6002-Rogue-Like/RogueLike/Saved/Config/Windows/Scalability.ini]
[2020.05.04-08.55.14:253][  0]LogConfig: Setting CVar [[r.Streaming.MipBias:0]]
[2020.05.04-08.55.14:253][  0]LogConfig: Setting CVar [[r.Streaming.AmortizeCPUToGPUCopy:0]]
[2020.05.04-08.55.14:253][  0]LogConfig: Setting CVar [[r.Streaming.MaxNumTexturesToStreamPerFrame:0]]
[2020.05.04-08.55.14:253][  0]LogConfig: Setting CVar [[r.Streaming.Boost:1]]
[2020.05.04-08.55.14:253][  0]LogConfig: Setting CVar [[r.MaxAnisotropy:8]]
[2020.05.04-08.55.14:253][  0]LogConfig: Setting CVar [[r.Streaming.LimitPoolSizeToVRAM:0]]
[2020.05.04-08.55.14:253][  0]LogConfig: Setting CVar [[r.Streaming.PoolSize:1000]]
[2020.05.04-08.55.14:253][  0]LogConfig: Setting CVar [[r.Streaming.MaxEffectiveScreenSize:0]]
[2020.05.04-08.55.14:253][  0]LogConfig: Applying CVar settings from Section [EffectsQuality@3] File [D:/Documents/Github/Roguelike new/KV6002-Rogue-Like/RogueLike/Saved/Config/Windows/Scalability.ini]
[2020.05.04-08.55.14:253][  0]LogConfig: Setting CVar [[r.TranslucencyLightingVolumeDim:64]]
[2020.05.04-08.55.14:253][  0]LogConfig: Setting CVar [[r.RefractionQuality:2]]
[2020.05.04-08.55.14:253][  0]LogConfig: Setting CVar [[r.SSR.Quality:3]]
[2020.05.04-08.55.14:253][  0]LogConfig: Setting CVar [[r.SceneColorFormat:4]]
[2020.05.04-08.55.14:253][  0]LogConfig: Setting CVar [[r.DetailMode:2]]
[2020.05.04-08.55.14:253][  0]LogConfig: Setting CVar [[r.TranslucencyVolumeBlur:1]]
[2020.05.04-08.55.14:253][  0]LogConfig: Setting CVar [[r.MaterialQualityLevel:1 ; High quality]]
[2020.05.04-08.55.14:253][  0]LogConfig: Setting CVar [[r.SSS.Scale:1]]
[2020.05.04-08.55.14:253][  0]LogConfig: Setting CVar [[r.SSS.SampleSet:2]]
[2020.05.04-08.55.14:253][  0]LogConfig: Setting CVar [[r.SSS.Quality:1]]
[2020.05.04-08.55.14:253][  0]LogConfig: Setting CVar [[r.SSS.HalfRes:1]]
[2020.05.04-08.55.14:253][  0]LogConfig: Setting CVar [[r.EmitterSpawnRateScale:1.0]]
[2020.05.04-08.55.14:253][  0]LogConfig: Setting CVar [[r.ParticleLightQuality:2]]
[2020.05.04-08.55.14:253][  0]LogConfig: Applying CVar settings from Section [FoliageQuality@3] File [D:/Documents/Github/Roguelike new/KV6002-Rogue-Like/RogueLike/Saved/Config/Windows/Scalability.ini]
[2020.05.04-08.55.14:253][  0]LogConfig: Setting CVar [[foliage.DensityScale:1.0]]
[2020.05.04-08.55.14:253][  0]LogConfig: Setting CVar [[grass.DensityScale:1.0]]
[2020.05.04-08.55.14:253][  0]LogConfig: Applying CVar settings from Section [Startup] File [../../../Engine/Config/ConsoleVariables.ini]
[2020.05.04-08.55.14:253][  0]LogConfig: Setting CVar [[net.UseAdaptiveNetUpdateFrequency:0]]
[2020.05.04-08.55.14:253][  0]LogConfig: Setting CVar [[p.chaos.AllowCreatePhysxBodies:1]]
[2020.05.04-08.55.14:253][  0]LogConfig: Applying CVar settings from Section [ConsoleVariables] File [D:/Documents/Github/Roguelike new/KV6002-Rogue-Like/RogueLike/Saved/Config/Windows/Engine.ini]
[2020.05.04-08.55.14:253][  0]LogInit: Computer: DESKTOP-58O4VNP
[2020.05.04-08.55.14:253][  0]LogInit: User: jamie2
[2020.05.04-08.55.14:253][  0]LogInit: CPU Page size=4096, Cores=4
[2020.05.04-08.55.14:253][  0]LogInit: High frequency timer resolution =10.000000 MHz
[2020.05.04-08.55.14:253][  0]LogMemory: Memory total: Physical=32.0GB (32GB approx)
[2020.05.04-08.55.14:253][  0]LogMemory: Platform Memory Stats for Windows
[2020.05.04-08.55.14:253][  0]LogMemory: Process Physical Memory: 101.97 MB used, 101.97 MB peak
[2020.05.04-08.55.14:253][  0]LogMemory: Process Virtual Memory: 103.02 MB used, 103.02 MB peak
[2020.05.04-08.55.14:253][  0]LogMemory: Physical Memory: 9941.43 MB used,  22785.72 MB free, 32727.15 MB total
[2020.05.04-08.55.14:253][  0]LogMemory: Virtual Memory: 4671.89 MB used,  134213056.00 MB free, 134217728.00 MB total
[2020.05.04-08.55.14:256][  0]LogWindows: WindowsPlatformFeatures enabled
[2020.05.04-08.55.14:267][  0]LogInit: Using OS detected language (en-GB).
[2020.05.04-08.55.14:267][  0]LogInit: Using OS detected locale (en-GB).
[2020.05.04-08.55.14:268][  0]LogTextLocalizationManager: No specific localization for 'en-GB' exists, so the 'en' localization will be used.
[2020.05.04-08.55.14:388][  0]LogInit: Setting process to per monitor DPI aware
[2020.05.04-08.55.14:417][  0]LogSlate: New Slate User Created.  User Index 0, Is Virtual User: 0
[2020.05.04-08.55.14:417][  0]LogSlate: Slate User Registered.  User Index 0, Is Virtual User: 0
[2020.05.04-08.55.14:521][  0]LogHMD: Failed to initialize OpenVR with code 110
[2020.05.04-08.55.14:521][  0]LogD3D11RHI: D3D11 adapters:
[2020.05.04-08.55.14:561][  0]LogD3D11RHI:    0. 'NVIDIA GeForce GTX 1060 6GB' (Feature Level 11_0)
[2020.05.04-08.55.14:561][  0]LogD3D11RHI:       6052/0/16363 MB DedicatedVideo/DedicatedSystem/SharedSystem, Outputs:3, VendorId:0x10de
[2020.05.04-08.55.14:563][  0]LogD3D11RHI:    1. 'Microsoft Basic Render Driver' (Feature Level 11_0)
[2020.05.04-08.55.14:563][  0]LogD3D11RHI:       0/0/16363 MB DedicatedVideo/DedicatedSystem/SharedSystem, Outputs:0, VendorId:0x1414
[2020.05.04-08.55.14:563][  0]LogD3D11RHI: Chosen D3D11 Adapter: 0
[2020.05.04-08.55.14:569][  0]LogD3D11RHI: Creating new Direct3DDevice
[2020.05.04-08.55.14:569][  0]LogD3D11RHI:     GPU DeviceId: 0x1c03 (for the marketing name, search the web for "GPU Device Id")
[2020.05.04-08.55.14:569][  0]LogWindows: EnumDisplayDevices:
[2020.05.04-08.55.14:570][  0]LogWindows:    0. 'NVIDIA GeForce GTX 1060 6GB' (P:1 D:1)
[2020.05.04-08.55.14:570][  0]LogWindows:    1. 'NVIDIA GeForce GTX 1060 6GB' (P:0 D:1)
[2020.05.04-08.55.14:570][  0]LogWindows:    2. 'NVIDIA GeForce GTX 1060 6GB' (P:0 D:1)
[2020.05.04-08.55.14:570][  0]LogWindows:    3. 'NVIDIA GeForce GTX 1060 6GB' (P:0 D:0)
[2020.05.04-08.55.14:570][  0]LogWindows: DebugString: FoundDriverCount:4 
[2020.05.04-08.55.14:570][  0]LogD3D11RHI:     Adapter Name: NVIDIA GeForce GTX 1060 6GB
[2020.05.04-08.55.14:570][  0]LogD3D11RHI:   Driver Version: 445.75 (internal:26.21.14.4575, unified:445.75)
[2020.05.04-08.55.14:570][  0]LogD3D11RHI:      Driver Date: 3-17-2020
[2020.05.04-08.55.14:570][  0]LogRHI: Texture pool is 4236 MB (70% of 6052 MB)
[2020.05.04-08.55.14:603][  0]LogD3D11RHI: Async texture creation enabled
[2020.05.04-08.55.14:613][  0]LogD3D11RHI: GPU Timing Frequency: 1000.000000 (Debug: 2 1)
[2020.05.04-08.55.14:808][  0]LogTemp: Display: Module 'AllDesktopTargetPlatform' loaded TargetPlatform 'AllDesktop'
[2020.05.04-08.55.14:814][  0]LogTemp: Display: Module 'MacClientTargetPlatform' loaded TargetPlatform 'MacClient'
[2020.05.04-08.55.14:821][  0]LogTemp: Display: Module 'MacNoEditorTargetPlatform' loaded TargetPlatform 'MacNoEditor'
[2020.05.04-08.55.14:827][  0]LogTemp: Display: Module 'MacServerTargetPlatform' loaded TargetPlatform 'MacServer'
[2020.05.04-08.55.14:832][  0]LogTemp: Display: Module 'MacTargetPlatform' loaded TargetPlatform 'Mac'
[2020.05.04-08.55.14:838][  0]LogTemp: Display: Module 'WindowsClientTargetPlatform' loaded TargetPlatform 'WindowsClient'
[2020.05.04-08.55.14:844][  0]LogTemp: Display: Module 'WindowsNoEditorTargetPlatform' loaded TargetPlatform 'WindowsNoEditor'
[2020.05.04-08.55.14:849][  0]LogTemp: Display: Module 'WindowsServerTargetPlatform' loaded TargetPlatform 'WindowsServer'
[2020.05.04-08.55.14:851][  0]LogTemp: Display: Module 'WindowsTargetPlatform' loaded TargetPlatform 'Windows'
[2020.05.04-08.55.14:875][  0]LogTemp: Display: Module 'AndroidTargetPlatform' loaded TargetPlatform 'Android'
[2020.05.04-08.55.14:875][  0]LogTemp: Display: Module 'AndroidTargetPlatform' loaded TargetPlatform 'Android_ASTC'
[2020.05.04-08.55.14:875][  0]LogTemp: Display: Module 'AndroidTargetPlatform' loaded TargetPlatform 'Android_ATC'
[2020.05.04-08.55.14:875][  0]LogTemp: Display: Module 'AndroidTargetPlatform' loaded TargetPlatform 'Android_DXT'
[2020.05.04-08.55.14:875][  0]LogTemp: Display: Module 'AndroidTargetPlatform' loaded TargetPlatform 'Android_ETC1'
[2020.05.04-08.55.14:875][  0]LogTemp: Display: Module 'AndroidTargetPlatform' loaded TargetPlatform 'Android_ETC1a'
[2020.05.04-08.55.14:875][  0]LogTemp: Display: Module 'AndroidTargetPlatform' loaded TargetPlatform 'Android_ETC2'
[2020.05.04-08.55.14:875][  0]LogTemp: Display: Module 'AndroidTargetPlatform' loaded TargetPlatform 'Android_PVRTC'
[2020.05.04-08.55.14:875][  0]LogTemp: Display: Module 'AndroidTargetPlatform' loaded TargetPlatform 'AndroidClient'
[2020.05.04-08.55.14:875][  0]LogTemp: Display: Module 'AndroidTargetPlatform' loaded TargetPlatform 'Android_ASTCClient'
[2020.05.04-08.55.14:875][  0]LogTemp: Display: Module 'AndroidTargetPlatform' loaded TargetPlatform 'Android_ATCClient'
[2020.05.04-08.55.14:875][  0]LogTemp: Display: Module 'AndroidTargetPlatform' loaded TargetPlatform 'Android_DXTClient'
[2020.05.04-08.55.14:875][  0]LogTemp: Display: Module 'AndroidTargetPlatform' loaded TargetPlatform 'Android_ETC1Client'
[2020.05.04-08.55.14:875][  0]LogTemp: Display: Module 'AndroidTargetPlatform' loaded TargetPlatform 'Android_ETC1aClient'
[2020.05.04-08.55.14:875][  0]LogTemp: Display: Module 'AndroidTargetPlatform' loaded TargetPlatform 'Android_ETC2Client'
[2020.05.04-08.55.14:875][  0]LogTemp: Display: Module 'AndroidTargetPlatform' loaded TargetPlatform 'Android_PVRTCClient'
[2020.05.04-08.55.14:875][  0]LogTemp: Display: Module 'AndroidTargetPlatform' loaded TargetPlatform 'Android_Multi'
[2020.05.04-08.55.14:875][  0]LogTemp: Display: Module 'AndroidTargetPlatform' loaded TargetPlatform 'Android_MultiClient'
[2020.05.04-08.55.14:876][  0]LogTemp: Display: Module 'HTML5TargetPlatform' loaded TargetPlatform 'HTML5'
[2020.05.04-08.55.14:887][  0]LogTemp: Display: Module 'IOSTargetPlatform' loaded TargetPlatform 'IOSClient'
[2020.05.04-08.55.14:887][  0]LogTemp: Display: Module 'IOSTargetPlatform' loaded TargetPlatform 'IOS'
[2020.05.04-08.55.14:896][  0]LogTemp: Display: Module 'TVOSTargetPlatform' loaded TargetPlatform 'TVOSClient'
[2020.05.04-08.55.14:896][  0]LogTemp: Display: Module 'TVOSTargetPlatform' loaded TargetPlatform 'TVOS'
[2020.05.04-08.55.14:901][  0]LogTemp: Display: Module 'LinuxClientTargetPlatform' loaded TargetPlatform 'LinuxClient'
[2020.05.04-08.55.14:905][  0]LogTemp: Display: Module 'LinuxNoEditorTargetPlatform' loaded TargetPlatform 'LinuxNoEditor'
[2020.05.04-08.55.14:910][  0]LogTemp: Display: Module 'LinuxServerTargetPlatform' loaded TargetPlatform 'LinuxServer'
[2020.05.04-08.55.14:915][  0]LogTemp: Display: Module 'LinuxTargetPlatform' loaded TargetPlatform 'Linux'
[2020.05.04-08.55.14:931][  0]LogTemp: Display: Module 'LuminTargetPlatform' loaded TargetPlatform 'Lumin'
[2020.05.04-08.55.14:931][  0]LogTemp: Display: Module 'LuminTargetPlatform' loaded TargetPlatform 'LuminClient'
[2020.05.04-08.55.14:931][  0]LogTargetPlatformManager: Display: Building Assets For Windows
[2020.05.04-08.55.14:936][  0]LogAudioDebug: Display: Lib vorbis DLL was dynamically loaded.
[2020.05.04-08.55.14:959][  0]LogShaderCompilers: Guid format shader working directory is -26 characters bigger than the processId version (../../../../../Documents/Github/Roguelike new/KV6002-Rogue-Like/RogueLike/Intermediate/Shaders/WorkingDirectory/9492/).
[2020.05.04-08.55.14:960][  0]LogShaderCompilers: Cleaned the shader compiler working directory 'C:/Users/jamie2/AppData/Local/Temp/UnrealShaderWorkingDir/937C2E2546375DFBB39F4EA3D436FDB3/'.
[2020.05.04-08.55.14:961][  0]LogXGEController: Cannot use XGE Controller as Incredibuild is not installed on this machine.
[2020.05.04-08.55.14:961][  0]LogShaderCompilers: Cannot use XGE Shader Compiler as Incredibuild is not installed on this machine.
[2020.05.04-08.55.14:961][  0]LogShaderCompilers: Display: Using Local Shader Compiler.
[2020.05.04-08.55.15:418][  0]LogDerivedDataCache: Display: Max Cache Size: 512 MB
[2020.05.04-08.55.15:455][  0]LogDerivedDataCache: Loaded boot cache 0.04s 73MB C:/Users/jamie2/AppData/Local/UnrealEngine/4.23/DerivedDataCache/Boot.ddc.
[2020.05.04-08.55.15:455][  0]LogDerivedDataCache: Display: Loaded Boot cache: C:/Users/jamie2/AppData/Local/UnrealEngine/4.23/DerivedDataCache/Boot.ddc
[2020.05.04-08.55.15:455][  0]LogDerivedDataCache: FDerivedDataBackendGraph:  Pak pak cache file ../../../../../Documents/Github/Roguelike new/KV6002-Rogue-Like/RogueLike/DerivedDataCache/DDC.ddp not found, will not use a pak cache.
[2020.05.04-08.55.15:455][  0]LogDerivedDataCache: Unable to find inner node Pak for hierarchical cache Hierarchy.
[2020.05.04-08.55.15:455][  0]LogDerivedDataCache: FDerivedDataBackendGraph:  CompressedPak pak cache file ../../../../../Documents/Github/Roguelike new/KV6002-Rogue-Like/RogueLike/DerivedDataCache/Compressed.ddp not found, will not use a pak cache.
[2020.05.04-08.55.15:455][  0]LogDerivedDataCache: Unable to find inner node CompressedPak for hierarchical cache Hierarchy.
[2020.05.04-08.55.15:463][  0]LogDerivedDataCache: Display: Pak cache opened for reading ../../../Engine/DerivedDataCache/Compressed.ddp.
[2020.05.04-08.55.15:463][  0]LogDerivedDataCache: FDerivedDataBackendGraph:  EnterprisePak pak cache file ../../../Enterprise/DerivedDataCache/Compressed.ddp not found, will not use a pak cache.
[2020.05.04-08.55.15:463][  0]LogDerivedDataCache: Unable to find inner node EnterprisePak for hierarchical cache Hierarchy.
[2020.05.04-08.55.15:464][  0]LogDerivedDataCache: Using Local data cache path C:/Users/jamie2/AppData/Local/UnrealEngine/Common/DerivedDataCache: Writable
[2020.05.04-08.55.15:464][  0]LogDerivedDataCache: Shared data cache path not found in *engine.ini, will not use an Shared cache.
[2020.05.04-08.55.15:464][  0]LogDerivedDataCache: Unable to find inner node Shared for hierarchical cache Hierarchy.
[2020.05.04-08.55.15:479][  0]LogMaterial: Verifying Global Shaders for PCD3D_SM5
[2020.05.04-08.55.15:480][  0]LogSlate: Using FreeType 2.6.0
[2020.05.04-08.55.15:480][  0]LogSlate: SlateFontServices - WITH_FREETYPE: 1, WITH_HARFBUZZ: 1
[2020.05.04-08.55.15:516][  0]LogAssetRegistry: FAssetRegistry took 0.0017 seconds to start up
[2020.05.04-08.55.15:702][  0]LogInit: Selected Device Profile: [Windows]
[2020.05.04-08.55.15:806][  0]LogMeshReduction: Using QuadricMeshReduction for automatic static mesh reduction
[2020.05.04-08.55.15:806][  0]LogMeshReduction: Using SimplygonMeshReduction for automatic skeletal mesh reduction
[2020.05.04-08.55.15:806][  0]LogMeshReduction: Using ProxyLODMeshReduction for automatic mesh merging
[2020.05.04-08.55.15:806][  0]LogMeshReduction: No distributed automatic mesh merging module available
[2020.05.04-08.55.15:806][  0]LogMeshMerging: No distributed automatic mesh merging module available
[2020.05.04-08.55.15:812][  0]LogNetVersion: RogueLike 1.0.0, NetCL: 8386587, EngineNetVer: 11, GameNetVer: 0 (Checksum: 2801938545)
[2020.05.04-08.55.16:107][  0]LogPackageLocalizationCache: Processed 12 localized package path(s) for 1 prioritized culture(s) in 0.034477 seconds
[2020.05.04-08.55.16:113][  0]LogUObjectArray: 43444 objects as part of root set at end of initial load.
[2020.05.04-08.55.16:113][  0]LogUObjectAllocator: 7548648 out of 0 bytes used by permanent object pool.
[2020.05.04-08.55.16:113][  0]LogUObjectArray: CloseDisregardForGC: 0/0 objects in disregard for GC pool
[2020.05.04-08.55.16:671][  0]LogTcpMessaging: Initializing TcpMessaging bridge
[2020.05.04-08.55.16:673][  0]LogUdpMessaging: Initializing bridge on interface 0.0.0.0:0 to multicast group 230.0.0.1:6666.
[2020.05.04-08.55.16:709][  0]SourceControl: Source control is disabled
[2020.05.04-08.55.16:976][  0]LogAndroidPermission: UAndroidPermissionCallbackProxy::GetInstance
[2020.05.04-08.55.17:160][  0]LogOcInput: OculusInput pre-init called
[2020.05.04-08.55.17:164][  0]LogWindows: Failed to load 'OVRPlugin.dll' (GetLastError=126)
[2020.05.04-08.55.17:165][  0]LogWindows: File 'OVRPlugin.dll' does not exist
[2020.05.04-08.55.17:213][  0]LogEngine: Initializing Engine...
[2020.05.04-08.55.17:214][  0]LogHMD: Failed to initialize OpenVR with code 110
[2020.05.04-08.55.17:215][  0]LogStats: UGameplayTagsManager::InitializeManager -  0.000 s
[2020.05.04-08.55.17:374][  0]LogInit: Initializing FReadOnlyCVARCache
[2020.05.04-08.55.17:381][  0]LogAIModule: Creating AISystem for world Untitled
[2020.05.04-08.55.17:440][  0]LogInit: XAudio2 using 'Headset Earphone (Astro A50 Voice)' : 2 channels at 48 kHz using 16 bits per sample (channel mask 0x3)
[2020.05.04-08.55.17:453][  0]LogInit: FAudioDevice initialized.
[2020.05.04-08.55.17:454][  0]LogNetVersion: Set ProjectVersion to 1.0.0.0. Version Checksum will be recalculated on next use.
[2020.05.04-08.55.17:487][  0]LogDerivedDataCache: Saved boot cache 0.03s 73MB C:/Users/jamie2/AppData/Local/UnrealEngine/4.23/DerivedDataCache/Boot.ddc.
[2020.05.04-08.55.17:492][  0]LogInit: Texture streaming: Enabled
[2020.05.04-08.55.17:502][  0]LogEngineSessionManager: EngineSessionManager initialized
[2020.05.04-08.55.17:502][  0]LogEditorSessionSummary: Verbose: Initializing EditorSessionSummaryWriter for editor session tracking
[2020.05.04-08.55.17:502][  0]LogEditorSessionSummary: EditorSessionSummaryWriter initialized
[2020.05.04-08.55.17:551][  0]LogInit: Transaction tracking system initialized
[2020.05.04-08.55.17:565][  0]BlueprintLog: New page: Editor Load
[2020.05.04-08.55.17:602][  0]LocalizationService: Localization service is disabled
[2020.05.04-08.55.17:750][  0]LogCook: Display: Max memory allowance for cook 16384mb min free memory 0mb
[2020.05.04-08.55.17:750][  0]LogCook: Display: Mobile HDR setting 1
[2020.05.04-08.55.17:760][  0]LogFileCache: Scanning file cache for directory 'D:/Documents/Github/Roguelike new/KV6002-Rogue-Like/RogueLike/Content/' took 0.01s
[2020.05.04-08.55.17:870][  0]Cmd: MAP LOAD FILE="../../../../../Documents/Github/Roguelike new/KV6002-Rogue-Like/RogueLike/Content/TopDownBP/Maps/TopDownExampleMap.umap" TEMPLATE=0 SHOWPROGRESS=1 FEATURELEVEL=3
[2020.05.04-08.55.17:870][  0]LightingResults: New page: Lighting Build
[2020.05.04-08.55.17:871][  0]LogWorld: UWorld::CleanupWorld for Untitled, bSessionEnded=true, bCleanupResources=true
[2020.05.04-08.55.17:872][  0]MapCheck: New page: Map Check
[2020.05.04-08.55.17:872][  0]LightingResults: New page: Lighting Build
[2020.05.04-08.55.17:890][  0]LogUObjectHash: Compacting FUObjectHashTables data took   1.25ms
[2020.05.04-08.55.18:463][  0]LogBlueprint: Warning: [Compiler GideonPlayerCharacter] InputAction Event references unknown Action 'Jump' for  InputAction Jump
[2020.05.04-08.55.18:463][  0]LogBlueprint: Warning: [Compiler GideonPlayerCharacter] Input Axis Event references unknown Axis 'LookUp' for  InputAxis LookUp
[2020.05.04-08.55.18:463][  0]LogBlueprint: Warning: [Compiler GideonPlayerCharacter] Input Axis Event references unknown Axis 'LookUpRate' for  InputAxis LookUpRate
[2020.05.04-08.55.18:463][  0]LogBlueprint: Warning: [Compiler GideonPlayerCharacter] Input Axis Event references unknown Axis 'Turn' for  InputAxis Turn
[2020.05.04-08.55.18:732][  0]LogLinker: Warning: While loading '../../../../../Documents/Github/Roguelike new/KV6002-Rogue-Like/RogueLike/Content/Assets/Models/Armor/SM_PentShield.uasset' failed to load '/Game/Models/Armor/Materials/M_ShieldAccentMetal': Can't find file.
[2020.05.04-08.55.18:732][  0]LogLinker: Warning: While loading '../../../../../Documents/Github/Roguelike new/KV6002-Rogue-Like/RogueLike/Content/Assets/Models/Armor/SM_PentShield.uasset' failed to load '/Game/Models/Armor/Materials/M_ShieldAccentMetal': Can't find file.
[2020.05.04-08.55.18:732][  0]LogLinker: Warning: While loading '../../../../../Documents/Github/Roguelike new/KV6002-Rogue-Like/RogueLike/Content/Assets/Models/Armor/SM_PentShield.uasset' failed to load '/Game/Models/Armor/Materials/M_ShieldMetal': Can't find file.
[2020.05.04-08.55.18:732][  0]LogLinker: Warning: While loading '../../../../../Documents/Github/Roguelike new/KV6002-Rogue-Like/RogueLike/Content/Assets/Models/Armor/SM_PentShield.uasset' failed to load '/Game/Models/Armor/Materials/M_ShieldMetal': Can't find file.
[2020.05.04-08.55.18:732][  0]LogLinker: Warning: While loading '../../../../../Documents/Github/Roguelike new/KV6002-Rogue-Like/RogueLike/Content/Assets/Models/Armor/SM_PentShield.uasset' failed to load '/Game/Models/Armor/Materials/M_ShieldStrap': Can't find file.
[2020.05.04-08.55.18:732][  0]LogLinker: Warning: While loading '../../../../../Documents/Github/Roguelike new/KV6002-Rogue-Like/RogueLike/Content/Assets/Models/Armor/SM_PentShield.uasset' failed to load '/Game/Models/Armor/Materials/M_ShieldStrap': Can't find file.
[2020.05.04-08.55.18:732][  0]LogLinker: Warning: While loading '../../../../../Documents/Github/Roguelike new/KV6002-Rogue-Like/RogueLike/Content/Assets/Models/Armor/SM_PentShield.uasset' failed to load '/Game/Models/Armor/Materials/M_ShieldWood': Can't find file.
[2020.05.04-08.55.18:733][  0]LogLinker: Warning: While loading '../../../../../Documents/Github/Roguelike new/KV6002-Rogue-Like/RogueLike/Content/Assets/Models/Armor/SM_PentShield.uasset' failed to load '/Game/Models/Armor/Materials/M_ShieldWood': Can't find file.
[2020.05.04-08.55.18:733][  0]LogLinker: Warning: While loading '../../../../../Documents/Github/Roguelike new/KV6002-Rogue-Like/RogueLike/Content/Assets/Models/Armor/SM_PentShield.uasset' failed to load '/Game/Models/Armor/Materials/M_ShieldAccentMetal': Can't find file.
[2020.05.04-08.55.18:733][  0]LogLinker: Warning: While loading '../../../../../Documents/Github/Roguelike new/KV6002-Rogue-Like/RogueLike/Content/Assets/Models/Armor/SM_PentShield.uasset' failed to load '/Game/Models/Armor/Materials/M_ShieldAccentMetal': Can't find file.
[2020.05.04-08.55.18:733][  0]LogLinker: Warning: While loading '../../../../../Documents/Github/Roguelike new/KV6002-Rogue-Like/RogueLike/Content/Assets/Models/Armor/SM_PentShield.uasset' failed to load '/Game/Models/Armor/Materials/M_ShieldMetal': Can't find file.
[2020.05.04-08.55.18:733][  0]LogLinker: Warning: While loading '../../../../../Documents/Github/Roguelike new/KV6002-Rogue-Like/RogueLike/Content/Assets/Models/Armor/SM_PentShield.uasset' failed to load '/Game/Models/Armor/Materials/M_ShieldMetal': Can't find file.
[2020.05.04-08.55.18:733][  0]LogLinker: Warning: While loading '../../../../../Documents/Github/Roguelike new/KV6002-Rogue-Like/RogueLike/Content/Assets/Models/Armor/SM_PentShield.uasset' failed to load '/Game/Models/Armor/Materials/M_ShieldStrap': Can't find file.
[2020.05.04-08.55.18:733][  0]LogLinker: Warning: While loading '../../../../../Documents/Github/Roguelike new/KV6002-Rogue-Like/RogueLike/Content/Assets/Models/Armor/SM_PentShield.uasset' failed to load '/Game/Models/Armor/Materials/M_ShieldStrap': Can't find file.
[2020.05.04-08.55.18:733][  0]LogLinker: Warning: While loading '../../../../../Documents/Github/Roguelike new/KV6002-Rogue-Like/RogueLike/Content/Assets/Models/Armor/SM_PentShield.uasset' failed to load '/Game/Models/Armor/Materials/M_ShieldWood': Can't find file.
[2020.05.04-08.55.18:733][  0]LogLinker: Warning: While loading '../../../../../Documents/Github/Roguelike new/KV6002-Rogue-Like/RogueLike/Content/Assets/Models/Armor/SM_PentShield.uasset' failed to load '/Game/Models/Armor/Materials/M_ShieldWood': Can't find file.
[2020.05.04-08.55.18:733][  0]LogLinker: Warning: While loading '../../../../../Documents/Github/Roguelike new/KV6002-Rogue-Like/RogueLike/Content/Assets/Models/Food/SM_Cheese.uasset' failed to load '/Game/Models/Food/Materials/Cheese': Can't find file.
[2020.05.04-08.55.18:734][  0]LogLinker: Warning: While loading '../../../../../Documents/Github/Roguelike new/KV6002-Rogue-Like/RogueLike/Content/Assets/Models/Food/SM_Cheese.uasset' failed to load '/Game/Models/Food/Materials/Cheese': Can't find file.
[2020.05.04-08.55.18:734][  0]LogLinker: Warning: While loading '../../../../../Documents/Github/Roguelike new/KV6002-Rogue-Like/RogueLike/Content/Assets/Models/Food/SM_Cheese.uasset' failed to load '/Game/Models/Food/Materials/Cheese': Can't find file.
[2020.05.04-08.55.18:734][  0]LogLinker: Warning: While loading '../../../../../Documents/Github/Roguelike new/KV6002-Rogue-Like/RogueLike/Content/Assets/Models/Food/SM_Cheese.uasset' failed to load '/Game/Models/Food/Materials/Cheese': Can't find file.
[2020.05.04-08.55.18:734][  0]LogLinker: Warning: While loading '../../../../../Documents/Github/Roguelike new/KV6002-Rogue-Like/RogueLike/Content/Assets/Models/Food/SM_Grapes.uasset' failed to load '/Game/Models/Food/Materials/Grapes': Can't find file.
[2020.05.04-08.55.18:734][  0]LogLinker: Warning: While loading '../../../../../Documents/Github/Roguelike new/KV6002-Rogue-Like/RogueLike/Content/Assets/Models/Food/SM_Grapes.uasset' failed to load '/Game/Models/Food/Materials/Grapes': Can't find file.
[2020.05.04-08.55.18:734][  0]LogLinker: Warning: While loading '../../../../../Documents/Github/Roguelike new/KV6002-Rogue-Like/RogueLike/Content/Assets/Models/Food/SM_Grapes.uasset' failed to load '/Game/Models/Food/Materials/Stem': Can't find file.
[2020.05.04-08.55.18:734][  0]LogLinker: Warning: While loading '../../../../../Documents/Github/Roguelike new/KV6002-Rogue-Like/RogueLike/Content/Assets/Models/Food/SM_Grapes.uasset' failed to load '/Game/Models/Food/Materials/Stem': Can't find file.
[2020.05.04-08.55.18:734][  0]LogLinker: Warning: While loading '../../../../../Documents/Github/Roguelike new/KV6002-Rogue-Like/RogueLike/Content/Assets/Models/Food/SM_Grapes.uasset' failed to load '/Game/Models/Food/Materials/Grapes': Can't find file.
[2020.05.04-08.55.18:734][  0]LogLinker: Warning: While loading '../../../../../Documents/Github/Roguelike new/KV6002-Rogue-Like/RogueLike/Content/Assets/Models/Food/SM_Grapes.uasset' failed to load '/Game/Models/Food/Materials/Grapes': Can't find file.
[2020.05.04-08.55.18:734][  0]LogLinker: Warning: While loading '../../../../../Documents/Github/Roguelike new/KV6002-Rogue-Like/RogueLike/Content/Assets/Models/Food/SM_Grapes.uasset' failed to load '/Game/Models/Food/Materials/Stem': Can't find file.
[2020.05.04-08.55.18:734][  0]LogLinker: Warning: While loading '../../../../../Documents/Github/Roguelike new/KV6002-Rogue-Like/RogueLike/Content/Assets/Models/Food/SM_Grapes.uasset' failed to load '/Game/Models/Food/Materials/Stem': Can't find file.
[2020.05.04-08.55.18:735][  0]LogLinker: Warning: While loading '../../../../../Documents/Github/Roguelike new/KV6002-Rogue-Like/RogueLike/Content/Assets/Models/Weapons/SM_HandAxe.uasset' failed to load '/Game/Models/Weapons/Materials/M_BladeMetal': Can't find file.
[2020.05.04-08.55.18:735][  0]LogLinker: Warning: While loading '../../../../../Documents/Github/Roguelike new/KV6002-Rogue-Like/RogueLike/Content/Assets/Models/Weapons/SM_HandAxe.uasset' failed to load '/Game/Models/Weapons/Materials/M_BladeMetal': Can't find file.
[2020.05.04-08.55.18:735][  0]LogLinker: Warning: While loading '../../../../../Documents/Github/Roguelike new/KV6002-Rogue-Like/RogueLike/Content/Assets/Models/Weapons/SM_HandAxe.uasset' failed to load '/Game/Models/Weapons/Materials/M_Shaft': Can't find file.
[2020.05.04-08.55.18:735][  0]LogLinker: Warning: While loading '../../../../../Documents/Github/Roguelike new/KV6002-Rogue-Like/RogueLike/Content/Assets/Models/Weapons/SM_HandAxe.uasset' failed to load '/Game/Models/Weapons/Materials/M_Shaft': Can't find file.
[2020.05.04-08.55.18:735][  0]LogLinker: Warning: While loading '../../../../../Documents/Github/Roguelike new/KV6002-Rogue-Like/RogueLike/Content/Assets/Models/Weapons/SM_HandAxe.uasset' failed to load '/Game/Models/Weapons/Materials/M_ShaftMetal': Can't find file.
[2020.05.04-08.55.18:735][  0]LogLinker: Warning: While loading '../../../../../Documents/Github/Roguelike new/KV6002-Rogue-Like/RogueLike/Content/Assets/Models/Weapons/SM_HandAxe.uasset' failed to load '/Game/Models/Weapons/Materials/M_ShaftMetal': Can't find file.
[2020.05.04-08.55.18:735][  0]LogLinker: Warning: While loading '../../../../../Documents/Github/Roguelike new/KV6002-Rogue-Like/RogueLike/Content/Assets/Models/Weapons/SM_HandAxe.uasset' failed to load '/Game/Models/Weapons/Materials/M_BladeMetal': Can't find file.
[2020.05.04-08.55.18:735][  0]LogLinker: Warning: While loading '../../../../../Documents/Github/Roguelike new/KV6002-Rogue-Like/RogueLike/Content/Assets/Models/Weapons/SM_HandAxe.uasset' failed to load '/Game/Models/Weapons/Materials/M_BladeMetal': Can't find file.
[2020.05.04-08.55.18:735][  0]LogLinker: Warning: While loading '../../../../../Documents/Github/Roguelike new/KV6002-Rogue-Like/RogueLike/Content/Assets/Models/Weapons/SM_HandAxe.uasset' failed to load '/Game/Models/Weapons/Materials/M_Shaft': Can't find file.
[2020.05.04-08.55.18:735][  0]LogLinker: Warning: While loading '../../../../../Documents/Github/Roguelike new/KV6002-Rogue-Like/RogueLike/Content/Assets/Models/Weapons/SM_HandAxe.uasset' failed to load '/Game/Models/Weapons/Materials/M_Shaft': Can't find file.
[2020.05.04-08.55.18:735][  0]LogLinker: Warning: While loading '../../../../../Documents/Github/Roguelike new/KV6002-Rogue-Like/RogueLike/Content/Assets/Models/Weapons/SM_HandAxe.uasset' failed to load '/Game/Models/Weapons/Materials/M_ShaftMetal': Can't find file.
[2020.05.04-08.55.18:736][  0]LogLinker: Warning: While loading '../../../../../Documents/Github/Roguelike new/KV6002-Rogue-Like/RogueLike/Content/Assets/Models/Weapons/SM_HandAxe.uasset' failed to load '/Game/Models/Weapons/Materials/M_ShaftMetal': Can't find file.
[2020.05.04-08.55.19:005][  0]LogLinker: Warning: While loading '../../../../../Documents/Github/Roguelike new/KV6002-Rogue-Like/RogueLike/Content/Assets/Models/Food/SM_Cheese.uasset' failed to load '/Game/Models/Food/Materials/Cheese': Can't find file.
[2020.05.04-08.55.19:005][  0]LoadErrors: Failed to load /Game/Models/Food/Materials/Cheese.Cheese Referenced by SM_Cheese
[2020.05.04-08.55.19:005][  0]LogLinker: Warning: While loading '../../../../../Documents/Github/Roguelike new/KV6002-Rogue-Like/RogueLike/Content/Assets/Models/Food/SM_Cheese.uasset' failed to load '/Game/Models/Food/Materials/Cheese': Can't find file.
[2020.05.04-08.55.19:005][  0]LoadErrors: Failed to load /Game/Models/Food/Materials/Cheese.Cheese Referenced by SM_Cheese
[2020.05.04-08.55.19:007][  0]LogLinker: Warning: While loading '../../../../../Documents/Github/Roguelike new/KV6002-Rogue-Like/RogueLike/Content/Assets/Models/Armor/SM_PentShield.uasset' failed to load '/Game/Models/Armor/Materials/M_ShieldStrap': Can't find file.
[2020.05.04-08.55.19:007][  0]LoadErrors: Failed to load /Game/Models/Armor/Materials/M_ShieldStrap.M_ShieldStrap Referenced by SM_PentShield
[2020.05.04-08.55.19:007][  0]LogLinker: Warning: While loading '../../../../../Documents/Github/Roguelike new/KV6002-Rogue-Like/RogueLike/Content/Assets/Models/Armor/SM_PentShield.uasset' failed to load '/Game/Models/Armor/Materials/M_ShieldStrap': Can't find file.
[2020.05.04-08.55.19:007][  0]LoadErrors: Failed to load /Game/Models/Armor/Materials/M_ShieldStrap.M_ShieldStrap Referenced by SM_PentShield
[2020.05.04-08.55.19:007][  0]LogLinker: Warning: While loading '../../../../../Documents/Github/Roguelike new/KV6002-Rogue-Like/RogueLike/Content/Assets/Models/Armor/SM_PentShield.uasset' failed to load '/Game/Models/Armor/Materials/M_ShieldMetal': Can't find file.
[2020.05.04-08.55.19:007][  0]LoadErrors: Failed to load /Game/Models/Armor/Materials/M_ShieldMetal.M_ShieldMetal Referenced by SM_PentShield
[2020.05.04-08.55.19:007][  0]LogLinker: Warning: While loading '../../../../../Documents/Github/Roguelike new/KV6002-Rogue-Like/RogueLike/Content/Assets/Models/Armor/SM_PentShield.uasset' failed to load '/Game/Models/Armor/Materials/M_ShieldMetal': Can't find file.
[2020.05.04-08.55.19:007][  0]LoadErrors: Failed to load /Game/Models/Armor/Materials/M_ShieldMetal.M_ShieldMetal Referenced by SM_PentShield
[2020.05.04-08.55.19:007][  0]LogLinker: Warning: While loading '../../../../../Documents/Github/Roguelike new/KV6002-Rogue-Like/RogueLike/Content/Assets/Models/Armor/SM_PentShield.uasset' failed to load '/Game/Models/Armor/Materials/M_ShieldWood': Can't find file.
[2020.05.04-08.55.19:007][  0]LoadErrors: Failed to load /Game/Models/Armor/Materials/M_ShieldWood.M_ShieldWood Referenced by SM_PentShield
[2020.05.04-08.55.19:007][  0]LogLinker: Warning: While loading '../../../../../Documents/Github/Roguelike new/KV6002-Rogue-Like/RogueLike/Content/Assets/Models/Armor/SM_PentShield.uasset' failed to load '/Game/Models/Armor/Materials/M_ShieldWood': Can't find file.
[2020.05.04-08.55.19:007][  0]LoadErrors: Failed to load /Game/Models/Armor/Materials/M_ShieldWood.M_ShieldWood Referenced by SM_PentShield
[2020.05.04-08.55.19:007][  0]LogLinker: Warning: While loading '../../../../../Documents/Github/Roguelike new/KV6002-Rogue-Like/RogueLike/Content/Assets/Models/Armor/SM_PentShield.uasset' failed to load '/Game/Models/Armor/Materials/M_ShieldAccentMetal': Can't find file.
[2020.05.04-08.55.19:007][  0]LoadErrors: Failed to load /Game/Models/Armor/Materials/M_ShieldAccentMetal.M_ShieldAccentMetal Referenced by SM_PentShield
[2020.05.04-08.55.19:007][  0]LogLinker: Warning: While loading '../../../../../Documents/Github/Roguelike new/KV6002-Rogue-Like/RogueLike/Content/Assets/Models/Armor/SM_PentShield.uasset' failed to load '/Game/Models/Armor/Materials/M_ShieldAccentMetal': Can't find file.
[2020.05.04-08.55.19:007][  0]LoadErrors: Failed to load /Game/Models/Armor/Materials/M_ShieldAccentMetal.M_ShieldAccentMetal Referenced by SM_PentShield
[2020.05.04-08.55.19:007][  0]LogLinker: Warning: While loading '../../../../../Documents/Github/Roguelike new/KV6002-Rogue-Like/RogueLike/Content/Assets/Models/Food/SM_Grapes.uasset' failed to load '/Game/Models/Food/Materials/Grapes': Can't find file.
[2020.05.04-08.55.19:007][  0]LoadErrors: Failed to load /Game/Models/Food/Materials/Grapes.Grapes Referenced by SM_Grapes
[2020.05.04-08.55.19:008][  0]LogLinker: Warning: While loading '../../../../../Documents/Github/Roguelike new/KV6002-Rogue-Like/RogueLike/Content/Assets/Models/Food/SM_Grapes.uasset' failed to load '/Game/Models/Food/Materials/Grapes': Can't find file.
[2020.05.04-08.55.19:008][  0]LoadErrors: Failed to load /Game/Models/Food/Materials/Grapes.Grapes Referenced by SM_Grapes
[2020.05.04-08.55.19:008][  0]LogLinker: Warning: While loading '../../../../../Documents/Github/Roguelike new/KV6002-Rogue-Like/RogueLike/Content/Assets/Models/Food/SM_Grapes.uasset' failed to load '/Game/Models/Food/Materials/Stem': Can't find file.
[2020.05.04-08.55.19:008][  0]LoadErrors: Failed to load /Game/Models/Food/Materials/Stem.Stem Referenced by SM_Grapes
[2020.05.04-08.55.19:008][  0]LogLinker: Warning: While loading '../../../../../Documents/Github/Roguelike new/KV6002-Rogue-Like/RogueLike/Content/Assets/Models/Food/SM_Grapes.uasset' failed to load '/Game/Models/Food/Materials/Stem': Can't find file.
[2020.05.04-08.55.19:008][  0]LoadErrors: Failed to load /Game/Models/Food/Materials/Stem.Stem Referenced by SM_Grapes
[2020.05.04-08.55.19:008][  0]LogLinker: Warning: While loading '../../../../../Documents/Github/Roguelike new/KV6002-Rogue-Like/RogueLike/Content/Assets/Models/Weapons/SM_HandAxe.uasset' failed to load '/Game/Models/Weapons/Materials/M_Shaft': Can't find file.
[2020.05.04-08.55.19:008][  0]LoadErrors: Failed to load /Game/Models/Weapons/Materials/M_Shaft.M_Shaft Referenced by SM_HandAxe
[2020.05.04-08.55.19:008][  0]LogLinker: Warning: While loading '../../../../../Documents/Github/Roguelike new/KV6002-Rogue-Like/RogueLike/Content/Assets/Models/Weapons/SM_HandAxe.uasset' failed to load '/Game/Models/Weapons/Materials/M_Shaft': Can't find file.
[2020.05.04-08.55.19:008][  0]LoadErrors: Failed to load /Game/Models/Weapons/Materials/M_Shaft.M_Shaft Referenced by SM_HandAxe
[2020.05.04-08.55.19:008][  0]LogLinker: Warning: While loading '../../../../../Documents/Github/Roguelike new/KV6002-Rogue-Like/RogueLike/Content/Assets/Models/Weapons/SM_HandAxe.uasset' failed to load '/Game/Models/Weapons/Materials/M_ShaftMetal': Can't find file.
[2020.05.04-08.55.19:008][  0]LoadErrors: Failed to load /Game/Models/Weapons/Materials/M_ShaftMetal.M_ShaftMetal Referenced by SM_HandAxe
[2020.05.04-08.55.19:008][  0]LogLinker: Warning: While loading '../../../../../Documents/Github/Roguelike new/KV6002-Rogue-Like/RogueLike/Content/Assets/Models/Weapons/SM_HandAxe.uasset' failed to load '/Game/Models/Weapons/Materials/M_ShaftMetal': Can't find file.
[2020.05.04-08.55.19:008][  0]LoadErrors: Failed to load /Game/Models/Weapons/Materials/M_ShaftMetal.M_ShaftMetal Referenced by SM_HandAxe
[2020.05.04-08.55.19:008][  0]LogLinker: Warning: While loading '../../../../../Documents/Github/Roguelike new/KV6002-Rogue-Like/RogueLike/Content/Assets/Models/Weapons/SM_HandAxe.uasset' failed to load '/Game/Models/Weapons/Materials/M_BladeMetal': Can't find file.
[2020.05.04-08.55.19:008][  0]LoadErrors: Failed to load /Game/Models/Weapons/Materials/M_BladeMetal.M_BladeMetal Referenced by SM_HandAxe
[2020.05.04-08.55.19:008][  0]LogLinker: Warning: While loading '../../../../../Documents/Github/Roguelike new/KV6002-Rogue-Like/RogueLike/Content/Assets/Models/Weapons/SM_HandAxe.uasset' failed to load '/Game/Models/Weapons/Materials/M_BladeMetal': Can't find file.
[2020.05.04-08.55.19:008][  0]LoadErrors: Failed to load /Game/Models/Weapons/Materials/M_BladeMetal.M_BladeMetal Referenced by SM_HandAxe
[2020.05.04-08.55.19:547][  0]LogAIModule: Creating AISystem for world TopDownExampleMap
[2020.05.04-08.55.19:556][  0]LogScript: Warning: Script Msg: Divide by zero detected: 0.000000 / 0
Script call stack:
	Function /Game/ParagonGideon/Characters/Heroes/Gideon/Gideon_AnimBlueprint.Gideon_AnimBlueprint_C:BlueprintUpdateAnimation
	Function /Game/ParagonGideon/Characters/Heroes/Gideon/Gideon_AnimBlueprint.Gideon_AnimBlueprint_C:ExecuteUbergraph_Gideon_AnimBlueprint

[2020.05.04-08.55.19:571][  0]LogEditorServer: Finished looking for orphan Actors (0.000 secs)
[2020.05.04-08.55.19:600][  0]LogUObjectHash: Compacting FUObjectHashTables data took   2.37ms
[2020.05.04-08.55.19:600][  0]Cmd: MAP CHECKDEP NOCLEARLOG
[2020.05.04-08.55.19:600][  0]MapCheck: Map check complete: 0 Error(s), 0 Warning(s), took 0.08ms to complete.
[2020.05.04-08.55.19:600][  0]LogFileHelpers: Loading map 'TopDownExampleMap' took 1.730
[2020.05.04-08.55.19:710][  0]LogSlate: Updating window title bar state: overlay mode, drag disabled, window buttons hidden, title bar hidden
[2020.05.04-08.55.19:718][  0]LogSlate: Updating window title bar state: overlay mode, drag disabled, window buttons hidden, title bar hidden
[2020.05.04-08.55.19:725][  0]LogSlate: Updating window title bar state: overlay mode, drag disabled, window buttons hidden, title bar hidden
[2020.05.04-08.55.19:733][  0]LogSlate: Updating window title bar state: overlay mode, drag disabled, window buttons hidden, title bar hidden
[2020.05.04-08.55.19:736][  0]LogCollectionManager: Loaded 0 collections in 0.000972 seconds
[2020.05.04-08.55.19:742][  0]LogFileCache: Scanning file cache for directory 'D:/Documents/Github/Roguelike new/KV6002-Rogue-Like/RogueLike/Saved/Collections/' took 0.00s
[2020.05.04-08.55.19:742][  0]LogFileCache: Scanning file cache for directory 'D:/Documents/Github/Roguelike new/KV6002-Rogue-Like/RogueLike/Content/Developers/jamie2/Collections/' took 0.00s
[2020.05.04-08.55.19:742][  0]LogFileCache: Scanning file cache for directory 'D:/Documents/Github/Roguelike new/KV6002-Rogue-Like/RogueLike/Content/Collections/' took 0.00s
[2020.05.04-08.55.19:742][  0]LogCollectionManager: Rebuilt the GUID cache for 0 collections in 0.000001 seconds
[2020.05.04-08.55.19:749][  0]LogContentBrowser: Native class hierarchy populated in 0.0070 seconds. Added 2863 classes and 680 folders.
[2020.05.04-08.55.19:754][  0]LogContentBrowser: Native class hierarchy updated for 'WidgetCarousel' in 0.0002 seconds. Added 0 classes and 0 folders.
[2020.05.04-08.55.19:781][  0]LogContentBrowser: Native class hierarchy updated for 'AddContentDialog' in 0.0002 seconds. Added 0 classes and 0 folders.
[2020.05.04-08.55.19:786][  0]LogContentBrowser: Native class hierarchy updated for 'SceneOutliner' in 0.0003 seconds. Added 1 classes and 2 folders.
[2020.05.04-08.55.19:801][  0]LogSlate: Took 0.000122 seconds to synchronously load lazily loaded font '../../../Engine/Content/Slate/Fonts/Roboto-Regular.ttf' (155K)
[2020.05.04-08.55.19:802][  0]LogSlate: Took 0.000117 seconds to synchronously load lazily loaded font '../../../Engine/Content/Slate/Fonts/Roboto-Bold.ttf' (160K)
[2020.05.04-08.55.19:807][  0]LogSlate: Took 0.000139 seconds to synchronously load lazily loaded font '../../../Engine/Content/Editor/Slate/Fonts/FontAwesome.ttf' (139K)
[2020.05.04-08.55.19:871][  0]LogRenderer: Reallocating scene render targets to support 512x512 Format 10 NumSamples 1 (Frame:1).
[2020.05.04-08.55.19:896][  0]LogRenderer: Reallocating scene render targets to support 1216x600 Format 10 NumSamples 1 (Frame:1).
[2020.05.04-08.55.19:969][  0]LogContentBrowser: Native class hierarchy updated for 'HierarchicalLODOutliner' in 0.0002 seconds. Added 0 classes and 0 folders.
[2020.05.04-08.55.19:969][  0]LogLoad: (Engine Initialization) Total time: 6.20 seconds
[2020.05.04-08.55.19:969][  0]LogLoad: (Engine Initialization) Total Blueprint compile time: 0.00 seconds
[2020.05.04-08.55.20:020][  0]LogAssetRegistry: Asset discovery search completed in 4.5042 seconds
[2020.05.04-08.55.20:023][  0]LogCollectionManager: Rebuilt the object cache for 0 collections in 0.000004 seconds (found 0 objects)
[2020.05.04-08.55.20:023][  0]LogCollectionManager: Fixed up redirectors for 0 collections in 0.000050 seconds (updated 0 objects)
[2020.05.04-08.55.20:031][  0]LogContentStreaming: Texture pool size now 1000 MB
[2020.05.04-08.55.20:994][109]LogSlate: Took 0.000120 seconds to synchronously load lazily loaded font '../../../Engine/Content/Slate/Fonts/Roboto-Light.ttf' (167K)
[2020.05.04-08.55.21:177][131]LogSlate: FSceneViewport::OnFocusLost() reason 0
[2020.05.04-08.55.21:338][148]LogSlate: Took 0.000102 seconds to synchronously load lazily loaded font '../../../Engine/Content/Slate/Fonts/Roboto-Light.ttf' (167K)
[2020.05.04-08.55.22:033][231]LogScript: Warning: Script Msg: Divide by zero detected: 0.000000 / 0
Script call stack:
	Function /Game/ParagonGideon/Characters/Heroes/Gideon/Gideon_AnimBlueprint.Gideon_AnimBlueprint_C:BlueprintUpdateAnimation
	Function /Game/ParagonGideon/Characters/Heroes/Gideon/Gideon_AnimBlueprint.Gideon_AnimBlueprint_C:ExecuteUbergraph_Gideon_AnimBlueprint

[2020.05.04-08.55.24:971][545]LogEditorViewport: Clicking on Actor (LMB): StaticMeshActor (Floor)
[2020.05.04-08.55.30:724][230]LogSlate: FSceneViewport::OnFocusLost() reason 0
[2020.05.04-08.55.31:473][319]Cmd: DELETE
[2020.05.04-08.55.31:473][319]Cmd: ACTOR DELETE
[2020.05.04-08.55.31:477][319]LogEditorActor: Deleted Actor: saveBox_C
[2020.05.04-08.55.31:495][319]LogUObjectHash: Compacting FUObjectHashTables data took   1.17ms
[2020.05.04-08.55.31:496][319]LogEditorActor: Deleted 1 Actors (0.022 secs)
[2020.05.04-08.55.41:286][493]Cmd: DELETE
[2020.05.04-08.55.41:286][493]Cmd: ACTOR DELETE
[2020.05.04-08.55.41:288][493]LogEditorActor: Deleted Actor: loadBox_C
[2020.05.04-08.55.41:307][493]LogUObjectHash: Compacting FUObjectHashTables data took   1.17ms
[2020.05.04-08.55.41:308][493]LogEditorActor: Deleted 1 Actors (0.021 secs)
[2020.05.04-08.55.44:720][893]LogSlate: FSceneViewport::OnFocusLost() reason 0
[2020.05.04-08.55.44:921][915]LogAssetEditorManager: Opening Asset editor for Blueprint /Game/TopDownBP/Blueprints/TopDownCharacter.TopDownCharacter
[2020.05.04-08.55.45:080][915]LogContentBrowser: Native class hierarchy updated for 'BlueprintGraph' in 0.0004 seconds. Added 121 classes and 0 folders.
[2020.05.04-08.55.45:766][915]LogScript: Warning: Script Msg: Divide by zero detected: 0.000000 / 0
Script call stack:
	Function /Game/ParagonGideon/Characters/Heroes/Gideon/Gideon_AnimBlueprint.Gideon_AnimBlueprint_C:BlueprintUpdateAnimation
	Function /Game/ParagonGideon/Characters/Heroes/Gideon/Gideon_AnimBlueprint.Gideon_AnimBlueprint_C:ExecuteUbergraph_Gideon_AnimBlueprint

[2020.05.04-08.55.45:770][915]LogSlate: Took 0.000178 seconds to synchronously load lazily loaded font '../../../Engine/Content/Slate/Fonts/Roboto-BoldCondensed.ttf' (158K)
[2020.05.04-08.55.45:972][916]LogSlate: Took 0.000138 seconds to synchronously load lazily loaded font '../../../Engine/Content/Slate/Fonts/Roboto-Italic.ttf' (157K)
[2020.05.04-08.55.56:110][ 67]LogScript: Warning: Script Msg: Divide by zero detected: 0.000000 / 0
Script call stack:
	Function /Game/ParagonGideon/Characters/Heroes/Gideon/Gideon_AnimBlueprint.Gideon_AnimBlueprint_C:BlueprintUpdateAnimation
	Function /Game/ParagonGideon/Characters/Heroes/Gideon/Gideon_AnimBlueprint.Gideon_AnimBlueprint_C:ExecuteUbergraph_Gideon_AnimBlueprint

[2020.05.04-08.55.56:112][ 67]LogScript: Warning: Script Msg: Divide by zero detected: 0.000000 / 0
Script call stack:
	Function /Game/ParagonGideon/Characters/Heroes/Gideon/Gideon_AnimBlueprint.Gideon_AnimBlueprint_C:BlueprintUpdateAnimation
	Function /Game/ParagonGideon/Characters/Heroes/Gideon/Gideon_AnimBlueprint.Gideon_AnimBlueprint_C:ExecuteUbergraph_Gideon_AnimBlueprint

[2020.05.04-08.55.56:113][ 67]LogScript: Warning: Script Msg: Divide by zero detected: 0.000000 / 0
Script call stack:
	Function /Game/ParagonGideon/Characters/Heroes/Gideon/Gideon_AnimBlueprint.Gideon_AnimBlueprint_C:BlueprintUpdateAnimation
	Function /Game/ParagonGideon/Characters/Heroes/Gideon/Gideon_AnimBlueprint.Gideon_AnimBlueprint_C:ExecuteUbergraph_Gideon_AnimBlueprint

[2020.05.04-08.55.59:486][449]LogScript: Warning: Script Msg: Divide by zero detected: 0.000000 / 0
Script call stack:
	Function /Game/ParagonGideon/Characters/Heroes/Gideon/Gideon_AnimBlueprint.Gideon_AnimBlueprint_C:BlueprintUpdateAnimation
	Function /Game/ParagonGideon/Characters/Heroes/Gideon/Gideon_AnimBlueprint.Gideon_AnimBlueprint_C:ExecuteUbergraph_Gideon_AnimBlueprint

[2020.05.04-08.55.59:487][449]LogScript: Warning: Script Msg: Divide by zero detected: 0.000000 / 0
Script call stack:
	Function /Game/ParagonGideon/Characters/Heroes/Gideon/Gideon_AnimBlueprint.Gideon_AnimBlueprint_C:BlueprintUpdateAnimation
	Function /Game/ParagonGideon/Characters/Heroes/Gideon/Gideon_AnimBlueprint.Gideon_AnimBlueprint_C:ExecuteUbergraph_Gideon_AnimBlueprint

[2020.05.04-08.55.59:488][449]LogScript: Warning: Script Msg: Divide by zero detected: 0.000000 / 0
Script call stack:
	Function /Game/ParagonGideon/Characters/Heroes/Gideon/Gideon_AnimBlueprint.Gideon_AnimBlueprint_C:BlueprintUpdateAnimation
	Function /Game/ParagonGideon/Characters/Heroes/Gideon/Gideon_AnimBlueprint.Gideon_AnimBlueprint_C:ExecuteUbergraph_Gideon_AnimBlueprint

[2020.05.04-08.56.00:532][556]LogScript: Warning: Script Msg: Divide by zero detected: 0.000000 / 0
Script call stack:
	Function /Game/ParagonGideon/Characters/Heroes/Gideon/Gideon_AnimBlueprint.Gideon_AnimBlueprint_C:BlueprintUpdateAnimation
	Function /Game/ParagonGideon/Characters/Heroes/Gideon/Gideon_AnimBlueprint.Gideon_AnimBlueprint_C:ExecuteUbergraph_Gideon_AnimBlueprint

[2020.05.04-08.56.00:534][556]LogScript: Warning: Script Msg: Divide by zero detected: 0.000000 / 0
Script call stack:
	Function /Game/ParagonGideon/Characters/Heroes/Gideon/Gideon_AnimBlueprint.Gideon_AnimBlueprint_C:BlueprintUpdateAnimation
	Function /Game/ParagonGideon/Characters/Heroes/Gideon/Gideon_AnimBlueprint.Gideon_AnimBlueprint_C:ExecuteUbergraph_Gideon_AnimBlueprint

[2020.05.04-08.56.00:536][556]LogScript: Warning: Script Msg: Divide by zero detected: 0.000000 / 0
Script call stack:
	Function /Game/ParagonGideon/Characters/Heroes/Gideon/Gideon_AnimBlueprint.Gideon_AnimBlueprint_C:BlueprintUpdateAnimation
	Function /Game/ParagonGideon/Characters/Heroes/Gideon/Gideon_AnimBlueprint.Gideon_AnimBlueprint_C:ExecuteUbergraph_Gideon_AnimBlueprint

[2020.05.04-08.56.52:431][184]BlueprintLog: New page: Compile TopDownCharacter
[2020.05.04-08.56.52:808][184]LogScript: Warning: Script Msg: Divide by zero detected: 0.000000 / 0
Script call stack:
	Function /Game/ParagonGideon/Characters/Heroes/Gideon/Gideon_AnimBlueprint.Gideon_AnimBlueprint_C:BlueprintUpdateAnimation
	Function /Game/ParagonGideon/Characters/Heroes/Gideon/Gideon_AnimBlueprint.Gideon_AnimBlueprint_C:ExecuteUbergraph_Gideon_AnimBlueprint

[2020.05.04-08.56.52:809][184]LogScript: Warning: Script Msg: Divide by zero detected: 0.000000 / 0
Script call stack:
	Function /Game/ParagonGideon/Characters/Heroes/Gideon/Gideon_AnimBlueprint.Gideon_AnimBlueprint_C:BlueprintUpdateAnimation
	Function /Game/ParagonGideon/Characters/Heroes/Gideon/Gideon_AnimBlueprint.Gideon_AnimBlueprint_C:ExecuteUbergraph_Gideon_AnimBlueprint

[2020.05.04-08.56.52:810][184]LogScript: Warning: Script Msg: Divide by zero detected: 0.000000 / 0
Script call stack:
	Function /Game/ParagonGideon/Characters/Heroes/Gideon/Gideon_AnimBlueprint.Gideon_AnimBlueprint_C:BlueprintUpdateAnimation
	Function /Game/ParagonGideon/Characters/Heroes/Gideon/Gideon_AnimBlueprint.Gideon_AnimBlueprint_C:ExecuteUbergraph_Gideon_AnimBlueprint

[2020.05.04-08.56.52:811][184]LogScript: Warning: Script Msg: Divide by zero detected: 0.000000 / 0
Script call stack:
	Function /Game/ParagonGideon/Characters/Heroes/Gideon/Gideon_AnimBlueprint.Gideon_AnimBlueprint_C:BlueprintUpdateAnimation
	Function /Game/ParagonGideon/Characters/Heroes/Gideon/Gideon_AnimBlueprint.Gideon_AnimBlueprint_C:ExecuteUbergraph_Gideon_AnimBlueprint

[2020.05.04-08.56.52:811][184]LogScript: Warning: Script Msg: Divide by zero detected: 0.000000 / 0
Script call stack:
	Function /Game/ParagonGideon/Characters/Heroes/Gideon/Gideon_AnimBlueprint.Gideon_AnimBlueprint_C:BlueprintUpdateAnimation
	Function /Game/ParagonGideon/Characters/Heroes/Gideon/Gideon_AnimBlueprint.Gideon_AnimBlueprint_C:ExecuteUbergraph_Gideon_AnimBlueprint

[2020.05.04-08.56.52:812][184]LogScript: Warning: Script Msg: Divide by zero detected: 0.000000 / 0
Script call stack:
	Function /Game/ParagonGideon/Characters/Heroes/Gideon/Gideon_AnimBlueprint.Gideon_AnimBlueprint_C:BlueprintUpdateAnimation
	Function /Game/ParagonGideon/Characters/Heroes/Gideon/Gideon_AnimBlueprint.Gideon_AnimBlueprint_C:ExecuteUbergraph_Gideon_AnimBlueprint

[2020.05.04-08.56.53:039][184]LogUObjectHash: Compacting FUObjectHashTables data took   3.70ms
[2020.05.04-08.56.53:050][184]LogScript: Warning: Script Msg: Divide by zero detected: 0.000000 / 0
Script call stack:
	Function /Game/ParagonGideon/Characters/Heroes/Gideon/Gideon_AnimBlueprint.Gideon_AnimBlueprint_C:BlueprintUpdateAnimation
	Function /Game/ParagonGideon/Characters/Heroes/Gideon/Gideon_AnimBlueprint.Gideon_AnimBlueprint_C:ExecuteUbergraph_Gideon_AnimBlueprint

[2020.05.04-08.56.53:050][184]LogScript: Warning: Script Msg: Divide by zero detected: 0.000000 / 0
Script call stack:
	Function /Game/ParagonGideon/Characters/Heroes/Gideon/Gideon_AnimBlueprint.Gideon_AnimBlueprint_C:BlueprintUpdateAnimation
	Function /Game/ParagonGideon/Characters/Heroes/Gideon/Gideon_AnimBlueprint.Gideon_AnimBlueprint_C:ExecuteUbergraph_Gideon_AnimBlueprint

[2020.05.04-08.56.53:051][184]LogScript: Warning: Script Msg: Divide by zero detected: 0.000000 / 0
Script call stack:
	Function /Game/ParagonGideon/Characters/Heroes/Gideon/Gideon_AnimBlueprint.Gideon_AnimBlueprint_C:BlueprintUpdateAnimation
	Function /Game/ParagonGideon/Characters/Heroes/Gideon/Gideon_AnimBlueprint.Gideon_AnimBlueprint_C:ExecuteUbergraph_Gideon_AnimBlueprint

[2020.05.04-08.56.53:052][184]LogScript: Warning: Script Msg: Divide by zero detected: 0.000000 / 0
Script call stack:
	Function /Game/ParagonGideon/Characters/Heroes/Gideon/Gideon_AnimBlueprint.Gideon_AnimBlueprint_C:BlueprintUpdateAnimation
	Function /Game/ParagonGideon/Characters/Heroes/Gideon/Gideon_AnimBlueprint.Gideon_AnimBlueprint_C:ExecuteUbergraph_Gideon_AnimBlueprint

[2020.05.04-08.56.53:068][184]LogScript: Warning: Script Msg: Divide by zero detected: 0.000000 / 0
Script call stack:
	Function /Game/ParagonGideon/Characters/Heroes/Gideon/Gideon_AnimBlueprint.Gideon_AnimBlueprint_C:BlueprintUpdateAnimation
	Function /Game/ParagonGideon/Characters/Heroes/Gideon/Gideon_AnimBlueprint.Gideon_AnimBlueprint_C:ExecuteUbergraph_Gideon_AnimBlueprint

[2020.05.04-08.56.53:069][184]LogScript: Warning: Script Msg: Divide by zero detected: 0.000000 / 0
Script call stack:
	Function /Game/ParagonGideon/Characters/Heroes/Gideon/Gideon_AnimBlueprint.Gideon_AnimBlueprint_C:BlueprintUpdateAnimation
	Function /Game/ParagonGideon/Characters/Heroes/Gideon/Gideon_AnimBlueprint.Gideon_AnimBlueprint_C:ExecuteUbergraph_Gideon_AnimBlueprint

[2020.05.04-08.56.53:070][184]LogScript: Warning: Script Msg: Divide by zero detected: 0.000000 / 0
Script call stack:
	Function /Game/ParagonGideon/Characters/Heroes/Gideon/Gideon_AnimBlueprint.Gideon_AnimBlueprint_C:BlueprintUpdateAnimation
	Function /Game/ParagonGideon/Characters/Heroes/Gideon/Gideon_AnimBlueprint.Gideon_AnimBlueprint_C:ExecuteUbergraph_Gideon_AnimBlueprint

[2020.05.04-08.56.53:781][185]LogSavePackage: Moving '../../../../../Documents/Github/Roguelike new/KV6002-Rogue-Like/RogueLike/Saved/TopDownCharacterD75A7BE54FA9526705F1CEAFBD2D3467.tmp' to '../../../../../Documents/Github/Roguelike new/KV6002-Rogue-Like/RogueLike/Content/TopDownBP/Blueprints/TopDownCharacter.uasset'
[2020.05.04-08.56.55:754][417]LogTemp: Repeating last play command: Selected Viewport
[2020.05.04-08.56.55:775][417]LogBlueprintUserMessages: Early PlayInEditor Detection: Level '/Game/TopDownBP/Maps/TopDownExampleMap.TopDownExampleMap:PersistentLevel' has LevelScriptBlueprint '/Game/TopDownBP/Maps/TopDownExampleMap.TopDownExampleMap:PersistentLevel.TopDownExampleMap' with GeneratedClass '/Game/TopDownBP/Maps/TopDownExampleMap.TopDownExampleMap_C' with ClassGeneratedBy '/Game/TopDownBP/Maps/TopDownExampleMap.TopDownExampleMap:PersistentLevel.TopDownExampleMap'
[2020.05.04-08.56.55:775][417]LogPlayLevel: PlayLevel: No blueprints needed recompiling
[2020.05.04-08.56.55:775][417]PIE: New page: PIE session: TopDownExampleMap (4 May 2020 10:56:55)
[2020.05.04-08.56.55:776][417]LogOnline: OSS: Creating online subsystem instance for: NULL
[2020.05.04-08.56.55:777][417]LogPlayLevel: Creating play world package: /Game/TopDownBP/Maps/UEDPIE_0_TopDownExampleMap
[2020.05.04-08.56.55:793][417]LogPlayLevel: PIE: StaticDuplicateObject took: (0.015916s)
[2020.05.04-08.56.55:793][417]LogAIModule: Creating AISystem for world TopDownExampleMap
[2020.05.04-08.56.55:794][417]LogPlayLevel: PIE: World Init took: (0.000820s)
[2020.05.04-08.56.55:794][417]LogPlayLevel: PIE: Created PIE world by copying editor world from /Game/TopDownBP/Maps/TopDownExampleMap.TopDownExampleMap to /Game/TopDownBP/Maps/UEDPIE_0_TopDownExampleMap.TopDownExampleMap (0.016964s)
[2020.05.04-08.56.55:828][417]LogUObjectHash: Compacting FUObjectHashTables data took   3.56ms
[2020.05.04-08.56.55:879][417]LogInit: XAudio2 using 'Headset Earphone (Astro A50 Voice)' : 2 channels at 48 kHz using 16 bits per sample (channel mask 0x3)
[2020.05.04-08.56.55:888][417]LogInit: FAudioDevice initialized.
[2020.05.04-08.56.55:893][417]LogLoad: Game class is 'TopDownGameMode_C'
[2020.05.04-08.56.55:898][417]LogScript: Warning: Script Msg: Divide by zero detected: 0.000000 / 0
Script call stack:
	Function /Game/ParagonGideon/Characters/Heroes/Gideon/Gideon_AnimBlueprint.Gideon_AnimBlueprint_C:BlueprintUpdateAnimation
	Function /Game/ParagonGideon/Characters/Heroes/Gideon/Gideon_AnimBlueprint.Gideon_AnimBlueprint_C:ExecuteUbergraph_Gideon_AnimBlueprint

[2020.05.04-08.56.55:900][417]LogWorld: Bringing World /Game/TopDownBP/Maps/UEDPIE_0_TopDownExampleMap.TopDownExampleMap up for play (max tick rate 0) at 2020.05.04-09.56.55
[2020.05.04-08.56.55:901][417]LogWorld: Bringing up level for play took: 0.006552
[2020.05.04-08.56.55:901][417]LogOnline: OSS: Creating online subsystem instance for: :Context_6
[2020.05.04-08.56.55:907][417]LogContentBrowser: Native class hierarchy updated for 'MovieSceneCapture' in 0.0002 seconds. Added 20 classes and 0 folders.
[2020.05.04-08.56.55:912][417]LogPhysics: Warning: UWorld::FindTeleportSpot called with an actor that is intersecting geometry. Failed to find new location likely due to  actor's root component not being a collider component.
[2020.05.04-08.56.55:912][417]LogPhysics: Warning: UWorld::FindTeleportSpot called with an actor that is intersecting geometry. Failed to find new location likely due to  actor's root component not being a collider component.
[2020.05.04-08.56.55:914][417]PIE: Play in editor start time for /Game/TopDownBP/Maps/UEDPIE_0_TopDownExampleMap 0.751
[2020.05.04-08.56.55:914][417]LogBlueprintUserMessages: Late PlayInEditor Detection: Level '/Game/TopDownBP/Maps/TopDownExampleMap.TopDownExampleMap:PersistentLevel' has LevelScriptBlueprint '/Game/TopDownBP/Maps/TopDownExampleMap.TopDownExampleMap:PersistentLevel.TopDownExampleMap' with GeneratedClass '/Game/TopDownBP/Maps/TopDownExampleMap.TopDownExampleMap_C' with ClassGeneratedBy '/Game/TopDownBP/Maps/TopDownExampleMap.TopDownExampleMap:PersistentLevel.TopDownExampleMap'
[2020.05.04-08.56.55:915][417]LogScript: Warning: Accessed None trying to read property SpawnPoint
	BTTask_MoveToLocation_C /Game/TopDownBP/Maps/UEDPIE_0_TopDownExampleMap.TopDownExampleMap:PersistentLevel.AI_EnemyController_C_0.BTComponent.BTTask_MoveToLocation_C_0
	Function /Game/TopDownBP/EnemiesAndAI/BTTask_MoveToLocation.BTTask_MoveToLocation_C:ExecuteUbergraph_BTTask_MoveToLocation:0106
[2020.05.04-08.56.55:916][417]PIE: Error: Blueprint Runtime Error: "Accessed None trying to read property SpawnPoint". Blueprint:  BTTask_MoveToLocation Function:  Execute Ubergraph BTTask Move to Location Graph:  EventGraph Node:  Set to Move Location
[2020.05.04-08.56.56:193][418]LogCharacterMovement: Warning: GetSimulationTimeStep() - Max iterations 8 hit while remaining time 0.194793 > MaxSimulationTimeStep (0.050) for 'AI_Character_2', movement 'Walking'
[2020.05.04-08.56.56:202][419]LogCharacterMovement: Warning: GetSimulationTimeStep() - Max iterations 8 hit while remaining time 0.251195 > MaxSimulationTimeStep (0.050) for 'AI_Character_2', movement 'Walking'
[2020.05.04-08.56.58:101][647]LogParticles: Warning: Particle Notify: Particle system is null for particle notify 'PlayParticleEffect' in anim: '/Game/ParagonGideon/Characters/Heroes/Gideon/Animations/LevelStart_Montage.LevelStart_Montage'
[2020.05.04-08.56.58:101][647]LogParticles: Warning: Particle Notify: Particle system is null for particle notify 'PlayParticleEffect' in anim: '/Game/ParagonGideon/Characters/Heroes/Gideon/Animations/LevelStart_Montage.LevelStart_Montage'
[2020.05.04-08.57.00:076][884]LogScript: Warning: Accessed None trying to read property saveGameRef
	TopDownCharacter_C /Game/TopDownBP/Maps/UEDPIE_0_TopDownExampleMap.TopDownExampleMap:PersistentLevel.TopDownCharacter
	Function /Game/TopDownBP/Blueprints/TopDownCharacter.TopDownCharacter_C:saveGame:0016
[2020.05.04-08.57.00:077][884]PIE: Error: Blueprint Runtime Error: "Accessed None trying to read property saveGameRef". Blueprint:  TopDownCharacter Function:  Save Game Graph:  saveGame Node:  Set playerInventory
[2020.05.04-08.57.00:077][884]LogScript: Warning: Attempted to assign to None
	TopDownCharacter_C /Game/TopDownBP/Maps/UEDPIE_0_TopDownExampleMap.TopDownExampleMap:PersistentLevel.TopDownCharacter
	Function /Game/TopDownBP/Blueprints/TopDownCharacter.TopDownCharacter_C:saveGame:002B
[2020.05.04-08.57.00:077][884]PIE: Error: Blueprint Runtime Error: "Attempted to assign to None". Blueprint:  TopDownCharacter Function:  Save Game Graph:  saveGame Node:  Set playerInventory
[2020.05.04-08.57.00:077][884]LogScript: Warning: Accessed None trying to read property saveGameRef
	TopDownCharacter_C /Game/TopDownBP/Maps/UEDPIE_0_TopDownExampleMap.TopDownExampleMap:PersistentLevel.TopDownCharacter
	Function /Game/TopDownBP/Blueprints/TopDownCharacter.TopDownCharacter_C:saveGame:0049
[2020.05.04-08.57.00:077][884]PIE: Error: Blueprint Runtime Error: "Accessed None trying to read property saveGameRef". Blueprint:  TopDownCharacter Function:  Save Game Graph:  saveGame Node:  Set playerEquipment
[2020.05.04-08.57.00:077][884]LogScript: Warning: Attempted to assign to None
	TopDownCharacter_C /Game/TopDownBP/Maps/UEDPIE_0_TopDownExampleMap.TopDownExampleMap:PersistentLevel.TopDownCharacter
	Function /Game/TopDownBP/Blueprints/TopDownCharacter.TopDownCharacter_C:saveGame:005E
[2020.05.04-08.57.00:077][884]PIE: Error: Blueprint Runtime Error: "Attempted to assign to None". Blueprint:  TopDownCharacter Function:  Save Game Graph:  saveGame Node:  Set playerEquipment
[2020.05.04-08.57.00:629][884]LogWindows: Error: === Critical error: ===
[2020.05.04-08.57.00:629][884]LogWindows: Error: 
[2020.05.04-08.57.00:629][884]LogWindows: Error: Fatal error!
[2020.05.04-08.57.00:629][884]LogWindows: Error: 
[2020.05.04-08.57.00:629][884]LogWindows: Error: Unhandled Exception: EXCEPTION_ACCESS_VIOLATION reading address 0x00000010
[2020.05.04-08.57.00:629][884]LogWindows: Error: 
[2020.05.04-08.57.00:629][884]LogWindows: Error: [Callstack] 0x00007ffd16792721 UE4Editor-Engine.dll!UnknownFunction []
[2020.05.04-08.57.00:629][884]LogWindows: Error: [Callstack] 0x00007ffd16792970 UE4Editor-Engine.dll!UnknownFunction []
[2020.05.04-08.57.00:629][884]LogWindows: Error: [Callstack] 0x00007ffd160e98df UE4Editor-Engine.dll!UnknownFunction []
[2020.05.04-08.57.00:629][884]LogWindows: Error: [Callstack] 0x00007ffd18fe6299 UE4Editor-CoreUObject.dll!UnknownFunction []
[2020.05.04-08.57.00:629][884]LogWindows: Error: [Callstack] 0x00007ffd18fe7eb7 UE4Editor-CoreUObject.dll!UnknownFunction []
[2020.05.04-08.57.00:629][884]LogWindows: Error: [Callstack] 0x00007ffd18fc1e62 UE4Editor-CoreUObject.dll!UnknownFunction []
[2020.05.04-08.57.00:629][884]LogWindows: Error: [Callstack] 0x00007ffd18f9163b UE4Editor-CoreUObject.dll!UnknownFunction []
[2020.05.04-08.57.00:629][884]LogWindows: Error: [Callstack] 0x00007ffd18fc1b73 UE4Editor-CoreUObject.dll!UnknownFunction []
[2020.05.04-08.57.00:629][884]LogWindows: Error: [Callstack] 0x00007ffd18fc1e62 UE4Editor-CoreUObject.dll!UnknownFunction []
[2020.05.04-08.57.00:629][884]LogWindows: Error: [Callstack] 0x00007ffd18f9163b UE4Editor-CoreUObject.dll!UnknownFunction []
[2020.05.04-08.57.00:629][884]LogWindows: Error: [Callstack] 0x00007ffd18fc1b73 UE4Editor-CoreUObject.dll!UnknownFunction []
[2020.05.04-08.57.00:629][884]LogWindows: Error: [Callstack] 0x00007ffd18fc1e62 UE4Editor-CoreUObject.dll!UnknownFunction []
[2020.05.04-08.57.00:629][884]LogWindows: Error: [Callstack] 0x00007ffd18fc17b4 UE4Editor-CoreUObject.dll!UnknownFunction []
[2020.05.04-08.57.00:629][884]LogWindows: Error: [Callstack] 0x00007ffd18d884b8 UE4Editor-CoreUObject.dll!UnknownFunction []
[2020.05.04-08.57.00:629][884]LogWindows: Error: [Callstack] 0x00007ffd18fc12b7 UE4Editor-CoreUObject.dll!UnknownFunction []
[2020.05.04-08.57.00:629][884]LogWindows: Error: [Callstack] 0x00007ffd160aaa33 UE4Editor-Engine.dll!UnknownFunction []
[2020.05.04-08.57.00:629][884]LogWindows: Error: [Callstack] 0x00007ffd1722a5c0 UE4Editor-Engine.dll!UnknownFunction []
[2020.05.04-08.57.00:629][884]LogWindows: Error: [Callstack] 0x00007ffd172567c1 UE4Editor-Engine.dll!UnknownFunction []
[2020.05.04-08.57.00:629][884]LogWindows: Error: [Callstack] 0x00007ffd16d84f49 UE4Editor-Engine.dll!UnknownFunction []
[2020.05.04-08.57.00:629][884]LogWindows: Error: [Callstack] 0x00007ffd16d978dd UE4Editor-Engine.dll!UnknownFunction []
[2020.05.04-08.57.00:629][884]LogWindows: Error: [Callstack] 0x00007ffd16d83244 UE4Editor-Engine.dll!UnknownFunction []
[2020.05.04-08.57.00:629][884]LogWindows: Error: [Callstack] 0x00007ffd16d96a61 UE4Editor-Engine.dll!UnknownFunction []
[2020.05.04-08.57.00:629][884]LogWindows: Error: [Callstack] 0x00007ffd160896f1 UE4Editor-Engine.dll!UnknownFunction []
[2020.05.04-08.57.00:629][884]LogWindows: Error: [Callstack] 0x00007ffd171264d3 UE4Editor-Engine.dll!UnknownFunction []
[2020.05.04-08.57.00:629][884]LogWindows: Error: [Callstack] 0x00007ffd17133757 UE4Editor-Engine.dll!UnknownFunction []
[2020.05.04-08.57.00:629][884]LogWindows: Error: [Callstack] 0x00007ffd19334e4a UE4Editor-Core.dll!UnknownFunction []
[2020.05.04-08.57.00:629][884]LogWindows: Error: [Callstack] 0x00007ffd193351f3 UE4Editor-Core.dll!UnknownFunction []
[2020.05.04-08.57.00:629][884]LogWindows: Error: [Callstack] 0x00007ffd193451f9 UE4Editor-Core.dll!UnknownFunction []
[2020.05.04-08.57.00:629][884]LogWindows: Error: [Callstack] 0x00007ffd17152b50 UE4Editor-Engine.dll!UnknownFunction []
[2020.05.04-08.57.00:629][884]LogWindows: Error: [Callstack] 0x00007ffd17158a82 UE4Editor-Engine.dll!UnknownFunction []
[2020.05.04-08.57.00:629][884]LogWindows: Error: [Callstack] 0x00007ffd1694d6ef UE4Editor-Engine.dll!UnknownFunction []
[2020.05.04-08.57.00:629][884]LogWindows: Error: [Callstack] 0x00007ffd16958808 UE4Editor-Engine.dll!UnknownFunction []
[2020.05.04-08.57.00:629][884]LogWindows: Error: [Callstack] 0x00007ffd14b5e00b UE4Editor-UnrealEd.dll!UnknownFunction []
[2020.05.04-08.57.00:629][884]LogWindows: Error: [Callstack] 0x00007ffd153b5296 UE4Editor-UnrealEd.dll!UnknownFunction []
[2020.05.04-08.57.00:629][884]LogWindows: Error: [Callstack] 0x00007ff623837b0a UE4Editor.exe!UnknownFunction []
[2020.05.04-08.57.00:629][884]LogWindows: Error: [Callstack] 0x00007ff62384a91c UE4Editor.exe!UnknownFunction []
[2020.05.04-08.57.00:630][884]LogWindows: Error: [Callstack] 0x00007ff62384a9fa UE4Editor.exe!UnknownFunction []
[2020.05.04-08.57.00:630][884]LogWindows: Error: [Callstack] 0x00007ff62385b92c UE4Editor.exe!UnknownFunction []
[2020.05.04-08.57.00:630][884]LogWindows: Error: [Callstack] 0x00007ff62385e60e UE4Editor.exe!UnknownFunction []
[2020.05.04-08.57.00:630][884]LogWindows: Error: [Callstack] 0x00007ffd85287bd4 KERNEL32.DLL!UnknownFunction []
[2020.05.04-08.57.00:630][884]LogWindows: Error: [Callstack] 0x00007ffd8608ce51 ntdll.dll!UnknownFunction []
[2020.05.04-08.57.00:630][884]LogWindows: Error: 
[2020.05.04-08.57.00:640][884]LogExit: Executing StaticShutdownAfterError
[2020.05.04-08.57.00:643][884]LogWindows: FPlatformMisc::RequestExit(1)
[2020.05.04-08.57.00:647][884]Log file closed, 05/04/20 09:57:00
