Log file open, 03/19/20 11:23:10
LogWindows: Failed to load 'aqProf.dll' (GetLastError=126)
LogWindows: File 'aqProf.dll' does not exist
LogWindows: Failed to load 'VtuneApi.dll' (GetLastError=126)
LogWindows: File 'VtuneApi.dll' does not exist
LogWindows: Failed to load 'VtuneApi32e.dll' (GetLastError=126)
LogWindows: File 'VtuneApi32e.dll' does not exist
LogConsoleResponse: Display: Failed to find resolution value strings in scalability ini. Falling back to default.
LogInit: Display: Running engine for game: RogueLike
LogPlatformFile: Not using cached read wrapper
LogTaskGraph: Started task graph with 5 named threads and 14 total threads with 3 sets of task threads.
LogStats: Stats thread started at 0.101940
LogD3D11RHI: Loaded GFSDK_Aftermath_Lib.x64.dll
LogICUInternationalization: ICU TimeZone Detection - Raw Offset: +0:00, Platform Override: ''
LogPluginManager: Mounting plugin Paper2D
LogPluginManager: Mounting plugin AISupport
LogPluginManager: Mounting plugin LightPropagationVolume
LogPluginManager: Mounting plugin ActorLayerUtilities
LogPluginManager: Mounting plugin AnimationSharing
LogPluginManager: Mounting plugin CLionSourceCodeAccess
LogPluginManager: Mounting plugin CodeLiteSourceCodeAccess
LogPluginManager: Mounting plugin GitSourceControl
LogPluginManager: Mounting plugin KDevelopSourceCodeAccess
LogPluginManager: Mounting plugin NullSourceCodeAccess
LogPluginManager: Mounting plugin PerforceSourceControl
LogPluginManager: Mounting plugin SubversionSourceControl
LogPluginManager: Mounting plugin UObjectPlugin
LogPluginManager: Mounting plugin VisualStudioCodeSourceCodeAccess
LogPluginManager: Mounting plugin VisualStudioSourceCodeAccess
LogPluginManager: Mounting plugin XCodeSourceCodeAccess
LogPluginManager: Mounting plugin AssetManagerEditor
LogPluginManager: Mounting plugin CryptoKeys
LogPluginManager: Mounting plugin CurveEditorTools
LogPluginManager: Mounting plugin DataValidation
LogPluginManager: Mounting plugin FacialAnimation
LogPluginManager: Mounting plugin GameplayTagsEditor
LogPluginManager: Mounting plugin MacGraphicsSwitching
LogPluginManager: Mounting plugin MaterialAnalyzer
LogPluginManager: Mounting plugin MobileLauncherProfileWizard
LogPluginManager: Mounting plugin PluginBrowser
LogPluginManager: Mounting plugin SpeedTreeImporter
LogPluginManager: Mounting plugin DatasmithContent
LogPluginManager: Mounting plugin VariantManagerContent
LogPluginManager: Mounting plugin AlembicImporter
LogPluginManager: Mounting plugin AutomationUtils
LogPluginManager: Mounting plugin BackChannel
LogPluginManager: Mounting plugin CharacterAI
LogPluginManager: Mounting plugin GeometryCache
LogPluginManager: Mounting plugin HTML5Networking
LogPluginManager: Mounting plugin PlatformCrypto
LogPluginManager: Mounting plugin ProxyLODPlugin
LogPluginManager: Mounting plugin SkeletalReduction
LogPluginManager: Mounting plugin MagicLeap
LogPluginManager: Mounting plugin MagicLeapMedia
LogPluginManager: Mounting plugin AndroidMedia
LogPluginManager: Mounting plugin AvfMedia
LogPluginManager: Mounting plugin ImgMedia
LogPluginManager: Mounting plugin MediaCompositing
LogPluginManager: Mounting plugin MediaPlayerEditor
LogPluginManager: Mounting plugin WebMMedia
LogPluginManager: Mounting plugin WmfMedia
LogPluginManager: Mounting plugin TcpMessaging
LogPluginManager: Mounting plugin UdpMessaging
LogPluginManager: Mounting plugin ActorSequence
LogPluginManager: Mounting plugin LevelSequenceEditor
LogPluginManager: Mounting plugin MatineeToLevelSequence
LogPluginManager: Mounting plugin NetcodeUnitTest
LogPluginManager: Mounting plugin NUTUnrealEngine4
LogPluginManager: Mounting plugin OnlineSubsystemGooglePlay
LogPluginManager: Mounting plugin OnlineSubsystemIOS
LogPluginManager: Mounting plugin OnlineSubsystem
LogPluginManager: Mounting plugin OnlineSubsystemNull
LogPluginManager: Mounting plugin OnlineSubsystemUtils
LogPluginManager: Mounting plugin LauncherChunkInstaller
LogPluginManager: Mounting plugin AndroidDeviceProfileSelector
LogPluginManager: Mounting plugin AndroidMoviePlayer
LogPluginManager: Mounting plugin AndroidPermission
LogPluginManager: Mounting plugin AppleImageUtils
LogPluginManager: Mounting plugin AppleMoviePlayer
LogPluginManager: Mounting plugin ArchVisCharacter
LogPluginManager: Mounting plugin AudioCapture
LogPluginManager: Mounting plugin CableComponent
LogPluginManager: Mounting plugin CustomMeshComponent
LogPluginManager: Mounting plugin EditableMesh
LogPluginManager: Mounting plugin ExampleDeviceProfileSelector
LogPluginManager: Mounting plugin GoogleCloudMessaging
LogPluginManager: Mounting plugin IOSDeviceProfileSelector
LogPluginManager: Mounting plugin LinuxDeviceProfileSelector
LogPluginManager: Mounting plugin LocationServicesBPLibrary
LogPluginManager: Mounting plugin MobilePatchingUtils
LogPluginManager: Mounting plugin OculusVR
LogPluginManager: Mounting plugin PhysXVehicles
LogPluginManager: Mounting plugin ProceduralMeshComponent
LogPluginManager: Mounting plugin RuntimePhysXCooking
LogPluginManager: Mounting plugin SignificanceManager
LogPluginManager: Mounting plugin SteamVR
LogPluginManager: Mounting plugin WebMMoviePlayer
LogPluginManager: Mounting plugin WindowsMoviePlayer
LogPluginManager: Mounting plugin ScreenshotTools
LogInit: Using libcurl 7.55.1-DEV
LogInit:  - built for x86_64-pc-win32
LogInit:  - supports SSL with OpenSSL/1.1.1
LogInit:  - supports HTTP deflate (compression) using libz 1.2.8
LogInit:  - other features:
LogInit:      CURL_VERSION_SSL
LogInit:      CURL_VERSION_LIBZ
LogInit:      CURL_VERSION_IPV6
LogInit:      CURL_VERSION_ASYNCHDNS
LogInit:      CURL_VERSION_LARGEFILE
LogInit:      CURL_VERSION_IDN
LogInit:  CurlRequestOptions (configurable via config and command line):
LogInit:  - bVerifyPeer = true  - Libcurl will verify peer certificate
LogInit:  - bUseHttpProxy = false  - Libcurl will NOT use HTTP proxy
LogInit:  - bDontReuseConnections = false  - Libcurl will reuse connections
LogInit:  - MaxHostConnections = 16  - Libcurl will limit the number of connections to a host
LogInit:  - LocalHostAddr = Default
LogInit:  - BufferSize = 65536
LogOnline: OSS: Creating online subsystem instance for: NULL
LogInit: WinSock: version 1.1 (2.2), MaxSocks=32767, MaxUdp=65467
LogInit: Build: ++UE4+Release-4.23-CL-9631420
LogInit: Engine Version: 4.23.1-9631420+++UE4+Release-4.23
LogInit: Compatible Engine Version: 4.23.0-8386587+++UE4+Release-4.23
LogInit: Net CL: 8386587
LogInit: OS: Windows 10 (Release 1903) (), CPU: Intel(R) Core(TM) i5-4460  CPU @ 3.20GHz, GPU: AMD Radeon R9 200 Series
LogInit: Compiled (64-bit): Oct 18 2019 02:07:44
LogInit: Compiled with Visual C++: 19.16.27030.01
LogInit: Build Configuration: Development
LogInit: Branch Name: ++UE4+Release-4.23
LogInit: Command Line:  -EpicPortal -epicusername=nw1510 -epicuserid=726e8c56d4f0474ab55e57457942fdc5 -epiclocale=en
LogInit: Base Directory: E:/Unreal Engine/UE_4.23/Engine/Binaries/Win64/
LogInit: Installed Engine Build: 1
LogDevObjectVersion: Number of dev versions registered: 23
LogDevObjectVersion:   Dev-Blueprints (B0D832E4-1F89-4F0D-ACCF-7EB736FD4AA2): 10
LogDevObjectVersion:   Dev-Build (E1C64328-A22C-4D53-A36C-8E866417BD8C): 0
LogDevObjectVersion:   Dev-Core (375EC13C-06E4-48FB-B500-84F0262A717E): 3
LogDevObjectVersion:   Dev-Editor (E4B068ED-F494-42E9-A231-DA0B2E46BB41): 34
LogDevObjectVersion:   Dev-Framework (CFFC743F-43B0-4480-9391-14DF171D2073): 35
LogDevObjectVersion:   Dev-Mobile (B02B49B5-BB20-44E9-A304-32B752E40360): 2
LogDevObjectVersion:   Dev-Networking (A4E4105C-59A1-49B5-A7C5-40C4547EDFEE): 0
LogDevObjectVersion:   Dev-Online (39C831C9-5AE6-47DC-9A44-9C173E1C8E7C): 0
LogDevObjectVersion:   Dev-Physics (78F01B33-EBEA-4F98-B9B4-84EACCB95AA2): 0
LogDevObjectVersion:   Dev-Platform (6631380F-2D4D-43E0-8009-CF276956A95A): 0
LogDevObjectVersion:   Dev-Rendering (12F88B9F-8875-4AFC-A67C-D90C383ABD29): 31
LogDevObjectVersion:   Dev-Sequencer (7B5AE74C-D270-4C10-A958-57980B212A5A): 11
LogDevObjectVersion:   Dev-VR (D7296918-1DD6-4BDD-9DE2-64A83CC13884): 2
LogDevObjectVersion:   Dev-LoadTimes (C2A15278-BFE7-4AFE-6C17-90FF531DF755): 1
LogDevObjectVersion:   Private-Geometry (6EACA3D4-40EC-4CC1-B786-8BED09428FC5): 3
LogDevObjectVersion:   Dev-AnimPhys (29E575DD-E0A3-4627-9D10-D276232CDCEA): 17
LogDevObjectVersion:   Dev-Anim (AF43A65D-7FD3-4947-9873-3E8ED9C1BB05): 2
LogDevObjectVersion:   Dev-ReflectionCapture (6B266CEC-1EC7-4B8F-A30B-E4D90942FC07): 1
LogDevObjectVersion:   Dev-Automation (0DF73D61-A23F-47EA-B727-89E90C41499A): 1
LogDevObjectVersion:   FortniteMain (601D1886-AC64-4F84-AA16-D3DE0DEAC7D6): 27
LogDevObjectVersion:   Dev-Enterprise (9DFFBCD6-494F-0158-E221-12823C92A888): 6
LogDevObjectVersion:   Dev-Niagara (F2AED0AC-9AFE-416F-8664-AA7FFA26D6FC): 1
LogDevObjectVersion:   Dev-Destruction (174F1F0B-B4C6-45A5-B13F-2EE8D0FB917D): 9
LogInit: Presizing for max 16777216 objects, including 0 objects not considered by GC, pre-allocating 0 bytes for permanent pool.
LogInit: Object subsystem initialized
LogConfig: Setting CVar [[con.DebugEarlyDefault:1]]
LogConfig: Setting CVar [[r.setres:1280x720]]
[2020.03.19-11.23.11:289][  0]LogConfig: Setting CVar [[r.VSync:0]]
[2020.03.19-11.23.11:289][  0]LogConfig: Setting CVar [[r.RHICmdBypass:0]]
[2020.03.19-11.23.11:289][  0]LogConfig: Applying CVar settings from Section [/Script/Engine.RendererSettings] File [E:/Uni Stuff/Group Project/KV6002-Rogue-Like/RogueLike/Saved/Config/Windows/Engine.ini]
[2020.03.19-11.23.11:289][  0]LogConfig: Setting CVar [[r.GPUCrashDebugging:0]]
[2020.03.19-11.23.11:289][  0]LogConfig: Applying CVar settings from Section [/Script/Engine.RendererOverrideSettings] File [E:/Uni Stuff/Group Project/KV6002-Rogue-Like/RogueLike/Saved/Config/Windows/Engine.ini]
[2020.03.19-11.23.11:290][  0]LogConfig: Applying CVar settings from Section [/Script/Engine.StreamingSettings] File [E:/Uni Stuff/Group Project/KV6002-Rogue-Like/RogueLike/Saved/Config/Windows/Engine.ini]
[2020.03.19-11.23.11:290][  0]LogConfig: Setting CVar [[s.MinBulkDataSizeForAsyncLoading:131072]]
[2020.03.19-11.23.11:290][  0]LogConfig: Setting CVar [[s.AsyncLoadingThreadEnabled:0]]
[2020.03.19-11.23.11:290][  0]LogConfig: Setting CVar [[s.EventDrivenLoaderEnabled:1]]
[2020.03.19-11.23.11:290][  0]LogConfig: Setting CVar [[s.WarnIfTimeLimitExceeded:0]]
[2020.03.19-11.23.11:290][  0]LogConfig: Setting CVar [[s.TimeLimitExceededMultiplier:1.5]]
[2020.03.19-11.23.11:290][  0]LogConfig: Setting CVar [[s.TimeLimitExceededMinTime:0.005]]
[2020.03.19-11.23.11:290][  0]LogConfig: Setting CVar [[s.UseBackgroundLevelStreaming:1]]
[2020.03.19-11.23.11:290][  0]LogConfig: Setting CVar [[s.PriorityAsyncLoadingExtraTime:15.0]]
[2020.03.19-11.23.11:290][  0]LogConfig: Setting CVar [[s.LevelStreamingActorsUpdateTimeLimit:5.0]]
[2020.03.19-11.23.11:290][  0]LogConfig: Setting CVar [[s.PriorityLevelStreamingActorsUpdateExtraTime:5.0]]
[2020.03.19-11.23.11:290][  0]LogConfig: Setting CVar [[s.LevelStreamingComponentsRegistrationGranularity:10]]
[2020.03.19-11.23.11:290][  0]LogConfig: Setting CVar [[s.UnregisterComponentsTimeLimit:1.0]]
[2020.03.19-11.23.11:290][  0]LogConfig: Setting CVar [[s.LevelStreamingComponentsUnregistrationGranularity:5]]
[2020.03.19-11.23.11:290][  0]LogConfig: Applying CVar settings from Section [/Script/Engine.GarbageCollectionSettings] File [E:/Uni Stuff/Group Project/KV6002-Rogue-Like/RogueLike/Saved/Config/Windows/Engine.ini]
[2020.03.19-11.23.11:290][  0]LogConfig: Setting CVar [[gc.MaxObjectsNotConsideredByGC:1]]
[2020.03.19-11.23.11:290][  0]LogConfig: Setting CVar [[gc.SizeOfPermanentObjectPool:0]]
[2020.03.19-11.23.11:290][  0]LogConfig: Setting CVar [[gc.FlushStreamingOnGC:0]]
[2020.03.19-11.23.11:290][  0]LogConfig: Setting CVar [[gc.NumRetriesBeforeForcingGC:10]]
[2020.03.19-11.23.11:290][  0]LogConfig: Setting CVar [[gc.AllowParallelGC:1]]
[2020.03.19-11.23.11:290][  0]LogConfig: Setting CVar [[gc.TimeBetweenPurgingPendingKillObjects:61.1]]
[2020.03.19-11.23.11:290][  0]LogConfig: Setting CVar [[gc.MaxObjectsInEditor:16777216]]
[2020.03.19-11.23.11:290][  0]LogConfig: Setting CVar [[gc.IncrementalBeginDestroyEnabled:1]]
[2020.03.19-11.23.11:290][  0]LogConfig: Setting CVar [[gc.CreateGCClusters:1]]
[2020.03.19-11.23.11:290][  0]LogConfig: Setting CVar [[gc.MinGCClusterSize:5]]
[2020.03.19-11.23.11:290][  0]LogConfig: Setting CVar [[gc.ActorClusteringEnabled:0]]
[2020.03.19-11.23.11:290][  0]LogConfig: Setting CVar [[gc.BlueprintClusteringEnabled:0]]
[2020.03.19-11.23.11:290][  0]LogConfig: Setting CVar [[gc.UseDisregardForGCOnDedicatedServers:0]]
[2020.03.19-11.23.11:290][  0]LogConfig: Applying CVar settings from Section [/Script/Engine.NetworkSettings] File [E:/Uni Stuff/Group Project/KV6002-Rogue-Like/RogueLike/Saved/Config/Windows/Engine.ini]
[2020.03.19-11.23.11:290][  0]LogConfig: Applying CVar settings from Section [/Script/UnrealEd.CookerSettings] File [E:/Uni Stuff/Group Project/KV6002-Rogue-Like/RogueLike/Saved/Config/Windows/Engine.ini]
[2020.03.19-11.23.11:295][  0]LogConfig: Applying CVar settings from Section [ViewDistanceQuality@3] File [E:/Uni Stuff/Group Project/KV6002-Rogue-Like/RogueLike/Saved/Config/Windows/Scalability.ini]
[2020.03.19-11.23.11:295][  0]LogConfig: Setting CVar [[r.SkeletalMeshLODBias:0]]
[2020.03.19-11.23.11:295][  0]LogConfig: Setting CVar [[r.ViewDistanceScale:1.0]]
[2020.03.19-11.23.11:295][  0]LogConfig: Applying CVar settings from Section [AntiAliasingQuality@3] File [E:/Uni Stuff/Group Project/KV6002-Rogue-Like/RogueLike/Saved/Config/Windows/Scalability.ini]
[2020.03.19-11.23.11:295][  0]LogConfig: Setting CVar [[r.PostProcessAAQuality:4]]
[2020.03.19-11.23.11:295][  0]LogConfig: Applying CVar settings from Section [ShadowQuality@3] File [E:/Uni Stuff/Group Project/KV6002-Rogue-Like/RogueLike/Saved/Config/Windows/Scalability.ini]
[2020.03.19-11.23.11:295][  0]LogConfig: Setting CVar [[r.LightFunctionQuality:1]]
[2020.03.19-11.23.11:295][  0]LogConfig: Setting CVar [[r.ShadowQuality:5]]
[2020.03.19-11.23.11:295][  0]LogConfig: Setting CVar [[r.Shadow.CSM.MaxCascades:10]]
[2020.03.19-11.23.11:295][  0]LogConfig: Setting CVar [[r.Shadow.MaxResolution:2048]]
[2020.03.19-11.23.11:295][  0]LogConfig: Setting CVar [[r.Shadow.MaxCSMResolution:2048]]
[2020.03.19-11.23.11:295][  0]LogConfig: Setting CVar [[r.Shadow.RadiusThreshold:0.01]]
[2020.03.19-11.23.11:295][  0]LogConfig: Setting CVar [[r.Shadow.DistanceScale:1.0]]
[2020.03.19-11.23.11:295][  0]LogConfig: Setting CVar [[r.Shadow.CSM.TransitionScale:1.0]]
[2020.03.19-11.23.11:295][  0]LogConfig: Setting CVar [[r.Shadow.PreShadowResolutionFactor:1.0]]
[2020.03.19-11.23.11:295][  0]LogConfig: Setting CVar [[r.DistanceFieldShadowing:1]]
[2020.03.19-11.23.11:295][  0]LogConfig: Setting CVar [[r.DistanceFieldAO:1]]
[2020.03.19-11.23.11:295][  0]LogConfig: Setting CVar [[r.AOQuality:2]]
[2020.03.19-11.23.11:295][  0]LogConfig: Setting CVar [[r.VolumetricFog:1]]
[2020.03.19-11.23.11:295][  0]LogConfig: Setting CVar [[r.VolumetricFog.GridPixelSize:8]]
[2020.03.19-11.23.11:295][  0]LogConfig: Setting CVar [[r.VolumetricFog.GridSizeZ:128]]
[2020.03.19-11.23.11:295][  0]LogConfig: Setting CVar [[r.VolumetricFog.HistoryMissSupersampleCount:4]]
[2020.03.19-11.23.11:295][  0]LogConfig: Setting CVar [[r.LightMaxDrawDistanceScale:1]]
[2020.03.19-11.23.11:295][  0]LogConfig: Setting CVar [[r.CapsuleShadows:1]]
[2020.03.19-11.23.11:295][  0]LogConfig: Applying CVar settings from Section [PostProcessQuality@3] File [E:/Uni Stuff/Group Project/KV6002-Rogue-Like/RogueLike/Saved/Config/Windows/Scalability.ini]
[2020.03.19-11.23.11:295][  0]LogConfig: Setting CVar [[r.MotionBlurQuality:4]]
[2020.03.19-11.23.11:295][  0]LogConfig: Setting CVar [[r.AmbientOcclusionMipLevelFactor:0.4]]
[2020.03.19-11.23.11:295][  0]LogConfig: Setting CVar [[r.AmbientOcclusionMaxQuality:100]]
[2020.03.19-11.23.11:295][  0]LogConfig: Setting CVar [[r.AmbientOcclusionLevels:-1]]
[2020.03.19-11.23.11:295][  0]LogConfig: Setting CVar [[r.AmbientOcclusionRadiusScale:1.0]]
[2020.03.19-11.23.11:295][  0]LogConfig: Setting CVar [[r.DepthOfFieldQuality:2]]
[2020.03.19-11.23.11:295][  0]LogConfig: Setting CVar [[r.RenderTargetPoolMin:400]]
[2020.03.19-11.23.11:295][  0]LogConfig: Setting CVar [[r.LensFlareQuality:2]]
[2020.03.19-11.23.11:296][  0]LogConfig: Setting CVar [[r.SceneColorFringeQuality:1]]
[2020.03.19-11.23.11:296][  0]LogConfig: Setting CVar [[r.EyeAdaptationQuality:2]]
[2020.03.19-11.23.11:296][  0]LogConfig: Setting CVar [[r.BloomQuality:5]]
[2020.03.19-11.23.11:296][  0]LogConfig: Setting CVar [[r.FastBlurThreshold:100]]
[2020.03.19-11.23.11:296][  0]LogConfig: Setting CVar [[r.Upscale.Quality:3]]
[2020.03.19-11.23.11:296][  0]LogConfig: Setting CVar [[r.Tonemapper.GrainQuantization:1]]
[2020.03.19-11.23.11:296][  0]LogConfig: Setting CVar [[r.LightShaftQuality:1]]
[2020.03.19-11.23.11:296][  0]LogConfig: Setting CVar [[r.Filter.SizeScale:1]]
[2020.03.19-11.23.11:296][  0]LogConfig: Setting CVar [[r.Tonemapper.Quality:5]]
[2020.03.19-11.23.11:296][  0]LogConfig: Setting CVar [[r.DOF.Gather.AccumulatorQuality:1        ; higher gathering accumulator quality]]
[2020.03.19-11.23.11:296][  0]LogConfig: Setting CVar [[r.DOF.Gather.PostfilterMethod:1          ; Median3x3 postfilering method]]
[2020.03.19-11.23.11:296][  0]LogConfig: Setting CVar [[r.DOF.Gather.EnableBokehSettings:0       ; no bokeh simulation when gathering]]
[2020.03.19-11.23.11:296][  0]LogConfig: Setting CVar [[r.DOF.Gather.RingCount:4                 ; medium number of samples when gathering]]
[2020.03.19-11.23.11:296][  0]LogConfig: Setting CVar [[r.DOF.Scatter.ForegroundCompositing:1    ; additive foreground scattering]]
[2020.03.19-11.23.11:296][  0]LogConfig: Setting CVar [[r.DOF.Scatter.BackgroundCompositing:2    ; additive background scattering]]
[2020.03.19-11.23.11:296][  0]LogConfig: Setting CVar [[r.DOF.Scatter.EnableBokehSettings:1      ; bokeh simulation when scattering]]
[2020.03.19-11.23.11:296][  0]LogConfig: Setting CVar [[r.DOF.Scatter.MaxSpriteRatio:0.1         ; only a maximum of 10% of scattered bokeh]]
[2020.03.19-11.23.11:296][  0]LogConfig: Setting CVar [[r.DOF.Recombine.Quality:1                ; cheap slight out of focus]]
[2020.03.19-11.23.11:296][  0]LogConfig: Setting CVar [[r.DOF.Recombine.EnableBokehSettings:0    ; no bokeh simulation on slight out of focus]]
[2020.03.19-11.23.11:296][  0]LogConfig: Setting CVar [[r.DOF.TemporalAAQuality:1                ; more stable temporal accumulation]]
[2020.03.19-11.23.11:296][  0]LogConfig: Setting CVar [[r.DOF.Kernel.MaxForegroundRadius:0.025]]
[2020.03.19-11.23.11:296][  0]LogConfig: Setting CVar [[r.DOF.Kernel.MaxBackgroundRadius:0.025]]
[2020.03.19-11.23.11:296][  0]LogConfig: Applying CVar settings from Section [TextureQuality@3] File [E:/Uni Stuff/Group Project/KV6002-Rogue-Like/RogueLike/Saved/Config/Windows/Scalability.ini]
[2020.03.19-11.23.11:296][  0]LogConfig: Setting CVar [[r.Streaming.MipBias:0]]
[2020.03.19-11.23.11:296][  0]LogConfig: Setting CVar [[r.Streaming.AmortizeCPUToGPUCopy:0]]
[2020.03.19-11.23.11:296][  0]LogConfig: Setting CVar [[r.Streaming.MaxNumTexturesToStreamPerFrame:0]]
[2020.03.19-11.23.11:296][  0]LogConfig: Setting CVar [[r.Streaming.Boost:1]]
[2020.03.19-11.23.11:296][  0]LogConfig: Setting CVar [[r.MaxAnisotropy:8]]
[2020.03.19-11.23.11:296][  0]LogConfig: Setting CVar [[r.Streaming.LimitPoolSizeToVRAM:0]]
[2020.03.19-11.23.11:296][  0]LogConfig: Setting CVar [[r.Streaming.PoolSize:1000]]
[2020.03.19-11.23.11:296][  0]LogConfig: Setting CVar [[r.Streaming.MaxEffectiveScreenSize:0]]
[2020.03.19-11.23.11:296][  0]LogConfig: Applying CVar settings from Section [EffectsQuality@3] File [E:/Uni Stuff/Group Project/KV6002-Rogue-Like/RogueLike/Saved/Config/Windows/Scalability.ini]
[2020.03.19-11.23.11:296][  0]LogConfig: Setting CVar [[r.TranslucencyLightingVolumeDim:64]]
[2020.03.19-11.23.11:296][  0]LogConfig: Setting CVar [[r.RefractionQuality:2]]
[2020.03.19-11.23.11:296][  0]LogConfig: Setting CVar [[r.SSR.Quality:3]]
[2020.03.19-11.23.11:296][  0]LogConfig: Setting CVar [[r.SceneColorFormat:4]]
[2020.03.19-11.23.11:296][  0]LogConfig: Setting CVar [[r.DetailMode:2]]
[2020.03.19-11.23.11:296][  0]LogConfig: Setting CVar [[r.TranslucencyVolumeBlur:1]]
[2020.03.19-11.23.11:296][  0]LogConfig: Setting CVar [[r.MaterialQualityLevel:1 ; High quality]]
[2020.03.19-11.23.11:296][  0]LogConfig: Setting CVar [[r.SSS.Scale:1]]
[2020.03.19-11.23.11:296][  0]LogConfig: Setting CVar [[r.SSS.SampleSet:2]]
[2020.03.19-11.23.11:296][  0]LogConfig: Setting CVar [[r.SSS.Quality:1]]
[2020.03.19-11.23.11:296][  0]LogConfig: Setting CVar [[r.SSS.HalfRes:1]]
[2020.03.19-11.23.11:296][  0]LogConfig: Setting CVar [[r.EmitterSpawnRateScale:1.0]]
[2020.03.19-11.23.11:296][  0]LogConfig: Setting CVar [[r.ParticleLightQuality:2]]
[2020.03.19-11.23.11:296][  0]LogConfig: Applying CVar settings from Section [FoliageQuality@3] File [E:/Uni Stuff/Group Project/KV6002-Rogue-Like/RogueLike/Saved/Config/Windows/Scalability.ini]
[2020.03.19-11.23.11:296][  0]LogConfig: Setting CVar [[foliage.DensityScale:1.0]]
[2020.03.19-11.23.11:296][  0]LogConfig: Setting CVar [[grass.DensityScale:1.0]]
[2020.03.19-11.23.11:296][  0]LogInit: Selected Device Profile: [Windows]
[2020.03.19-11.23.11:296][  0]LogInit: Applying CVar settings loaded from the selected device profile: [Windows]
[2020.03.19-11.23.11:303][  0]LogHAL: Display: Platform has ~ 8 GB [8481812480 / 8589934592 / 8], which maps to Default [LargestMinGB=32, LargerMinGB=12, DefaultMinGB=8, SmallerMinGB=6, SmallestMinGB=0)
[2020.03.19-11.23.11:303][  0]LogInit: Going up to parent DeviceProfile []
[2020.03.19-11.23.11:303][  0]LogConfig: Applying CVar settings from Section [ViewDistanceQuality@3] File [E:/Uni Stuff/Group Project/KV6002-Rogue-Like/RogueLike/Saved/Config/Windows/Scalability.ini]
[2020.03.19-11.23.11:303][  0]LogConfig: Setting CVar [[r.SkeletalMeshLODBias:0]]
[2020.03.19-11.23.11:303][  0]LogConfig: Setting CVar [[r.ViewDistanceScale:1.0]]
[2020.03.19-11.23.11:303][  0]LogConfig: Applying CVar settings from Section [AntiAliasingQuality@3] File [E:/Uni Stuff/Group Project/KV6002-Rogue-Like/RogueLike/Saved/Config/Windows/Scalability.ini]
[2020.03.19-11.23.11:303][  0]LogConfig: Setting CVar [[r.PostProcessAAQuality:4]]
[2020.03.19-11.23.11:303][  0]LogConfig: Applying CVar settings from Section [ShadowQuality@3] File [E:/Uni Stuff/Group Project/KV6002-Rogue-Like/RogueLike/Saved/Config/Windows/Scalability.ini]
[2020.03.19-11.23.11:303][  0]LogConfig: Setting CVar [[r.LightFunctionQuality:1]]
[2020.03.19-11.23.11:303][  0]LogConfig: Setting CVar [[r.ShadowQuality:5]]
[2020.03.19-11.23.11:303][  0]LogConfig: Setting CVar [[r.Shadow.CSM.MaxCascades:10]]
[2020.03.19-11.23.11:303][  0]LogConfig: Setting CVar [[r.Shadow.MaxResolution:2048]]
[2020.03.19-11.23.11:303][  0]LogConfig: Setting CVar [[r.Shadow.MaxCSMResolution:2048]]
[2020.03.19-11.23.11:303][  0]LogConfig: Setting CVar [[r.Shadow.RadiusThreshold:0.01]]
[2020.03.19-11.23.11:303][  0]LogConfig: Setting CVar [[r.Shadow.DistanceScale:1.0]]
[2020.03.19-11.23.11:303][  0]LogConfig: Setting CVar [[r.Shadow.CSM.TransitionScale:1.0]]
[2020.03.19-11.23.11:303][  0]LogConfig: Setting CVar [[r.Shadow.PreShadowResolutionFactor:1.0]]
[2020.03.19-11.23.11:303][  0]LogConfig: Setting CVar [[r.DistanceFieldShadowing:1]]
[2020.03.19-11.23.11:303][  0]LogConfig: Setting CVar [[r.DistanceFieldAO:1]]
[2020.03.19-11.23.11:303][  0]LogConfig: Setting CVar [[r.AOQuality:2]]
[2020.03.19-11.23.11:303][  0]LogConfig: Setting CVar [[r.VolumetricFog:1]]
[2020.03.19-11.23.11:303][  0]LogConfig: Setting CVar [[r.VolumetricFog.GridPixelSize:8]]
[2020.03.19-11.23.11:303][  0]LogConfig: Setting CVar [[r.VolumetricFog.GridSizeZ:128]]
[2020.03.19-11.23.11:303][  0]LogConfig: Setting CVar [[r.VolumetricFog.HistoryMissSupersampleCount:4]]
[2020.03.19-11.23.11:303][  0]LogConfig: Setting CVar [[r.LightMaxDrawDistanceScale:1]]
[2020.03.19-11.23.11:303][  0]LogConfig: Setting CVar [[r.CapsuleShadows:1]]
[2020.03.19-11.23.11:303][  0]LogConfig: Applying CVar settings from Section [PostProcessQuality@3] File [E:/Uni Stuff/Group Project/KV6002-Rogue-Like/RogueLike/Saved/Config/Windows/Scalability.ini]
[2020.03.19-11.23.11:303][  0]LogConfig: Setting CVar [[r.MotionBlurQuality:4]]
[2020.03.19-11.23.11:303][  0]LogConfig: Setting CVar [[r.AmbientOcclusionMipLevelFactor:0.4]]
[2020.03.19-11.23.11:303][  0]LogConfig: Setting CVar [[r.AmbientOcclusionMaxQuality:100]]
[2020.03.19-11.23.11:303][  0]LogConfig: Setting CVar [[r.AmbientOcclusionLevels:-1]]
[2020.03.19-11.23.11:303][  0]LogConfig: Setting CVar [[r.AmbientOcclusionRadiusScale:1.0]]
[2020.03.19-11.23.11:303][  0]LogConfig: Setting CVar [[r.DepthOfFieldQuality:2]]
[2020.03.19-11.23.11:303][  0]LogConfig: Setting CVar [[r.RenderTargetPoolMin:400]]
[2020.03.19-11.23.11:303][  0]LogConfig: Setting CVar [[r.LensFlareQuality:2]]
[2020.03.19-11.23.11:303][  0]LogConfig: Setting CVar [[r.SceneColorFringeQuality:1]]
[2020.03.19-11.23.11:303][  0]LogConfig: Setting CVar [[r.EyeAdaptationQuality:2]]
[2020.03.19-11.23.11:303][  0]LogConfig: Setting CVar [[r.BloomQuality:5]]
[2020.03.19-11.23.11:303][  0]LogConfig: Setting CVar [[r.FastBlurThreshold:100]]
[2020.03.19-11.23.11:303][  0]LogConfig: Setting CVar [[r.Upscale.Quality:3]]
[2020.03.19-11.23.11:303][  0]LogConfig: Setting CVar [[r.Tonemapper.GrainQuantization:1]]
[2020.03.19-11.23.11:303][  0]LogConfig: Setting CVar [[r.LightShaftQuality:1]]
[2020.03.19-11.23.11:303][  0]LogConfig: Setting CVar [[r.Filter.SizeScale:1]]
[2020.03.19-11.23.11:303][  0]LogConfig: Setting CVar [[r.Tonemapper.Quality:5]]
[2020.03.19-11.23.11:303][  0]LogConfig: Setting CVar [[r.DOF.Gather.AccumulatorQuality:1        ; higher gathering accumulator quality]]
[2020.03.19-11.23.11:303][  0]LogConfig: Setting CVar [[r.DOF.Gather.PostfilterMethod:1          ; Median3x3 postfilering method]]
[2020.03.19-11.23.11:303][  0]LogConfig: Setting CVar [[r.DOF.Gather.EnableBokehSettings:0       ; no bokeh simulation when gathering]]
[2020.03.19-11.23.11:304][  0]LogConfig: Setting CVar [[r.DOF.Gather.RingCount:4                 ; medium number of samples when gathering]]
[2020.03.19-11.23.11:304][  0]LogConfig: Setting CVar [[r.DOF.Scatter.ForegroundCompositing:1    ; additive foreground scattering]]
[2020.03.19-11.23.11:304][  0]LogConfig: Setting CVar [[r.DOF.Scatter.BackgroundCompositing:2    ; additive background scattering]]
[2020.03.19-11.23.11:304][  0]LogConfig: Setting CVar [[r.DOF.Scatter.EnableBokehSettings:1      ; bokeh simulation when scattering]]
[2020.03.19-11.23.11:304][  0]LogConfig: Setting CVar [[r.DOF.Scatter.MaxSpriteRatio:0.1         ; only a maximum of 10% of scattered bokeh]]
[2020.03.19-11.23.11:304][  0]LogConfig: Setting CVar [[r.DOF.Recombine.Quality:1                ; cheap slight out of focus]]
[2020.03.19-11.23.11:304][  0]LogConfig: Setting CVar [[r.DOF.Recombine.EnableBokehSettings:0    ; no bokeh simulation on slight out of focus]]
[2020.03.19-11.23.11:304][  0]LogConfig: Setting CVar [[r.DOF.TemporalAAQuality:1                ; more stable temporal accumulation]]
[2020.03.19-11.23.11:304][  0]LogConfig: Setting CVar [[r.DOF.Kernel.MaxForegroundRadius:0.025]]
[2020.03.19-11.23.11:304][  0]LogConfig: Setting CVar [[r.DOF.Kernel.MaxBackgroundRadius:0.025]]
[2020.03.19-11.23.11:304][  0]LogConfig: Applying CVar settings from Section [TextureQuality@3] File [E:/Uni Stuff/Group Project/KV6002-Rogue-Like/RogueLike/Saved/Config/Windows/Scalability.ini]
[2020.03.19-11.23.11:304][  0]LogConfig: Setting CVar [[r.Streaming.MipBias:0]]
[2020.03.19-11.23.11:304][  0]LogConfig: Setting CVar [[r.Streaming.AmortizeCPUToGPUCopy:0]]
[2020.03.19-11.23.11:304][  0]LogConfig: Setting CVar [[r.Streaming.MaxNumTexturesToStreamPerFrame:0]]
[2020.03.19-11.23.11:304][  0]LogConfig: Setting CVar [[r.Streaming.Boost:1]]
[2020.03.19-11.23.11:304][  0]LogConfig: Setting CVar [[r.MaxAnisotropy:8]]
[2020.03.19-11.23.11:304][  0]LogConfig: Setting CVar [[r.Streaming.LimitPoolSizeToVRAM:0]]
[2020.03.19-11.23.11:304][  0]LogConfig: Setting CVar [[r.Streaming.PoolSize:1000]]
[2020.03.19-11.23.11:304][  0]LogConfig: Setting CVar [[r.Streaming.MaxEffectiveScreenSize:0]]
[2020.03.19-11.23.11:304][  0]LogConfig: Applying CVar settings from Section [EffectsQuality@3] File [E:/Uni Stuff/Group Project/KV6002-Rogue-Like/RogueLike/Saved/Config/Windows/Scalability.ini]
[2020.03.19-11.23.11:304][  0]LogConfig: Setting CVar [[r.TranslucencyLightingVolumeDim:64]]
[2020.03.19-11.23.11:304][  0]LogConfig: Setting CVar [[r.RefractionQuality:2]]
[2020.03.19-11.23.11:304][  0]LogConfig: Setting CVar [[r.SSR.Quality:3]]
[2020.03.19-11.23.11:304][  0]LogConfig: Setting CVar [[r.SceneColorFormat:4]]
[2020.03.19-11.23.11:304][  0]LogConfig: Setting CVar [[r.DetailMode:2]]
[2020.03.19-11.23.11:304][  0]LogConfig: Setting CVar [[r.TranslucencyVolumeBlur:1]]
[2020.03.19-11.23.11:304][  0]LogConfig: Setting CVar [[r.MaterialQualityLevel:1 ; High quality]]
[2020.03.19-11.23.11:304][  0]LogConfig: Setting CVar [[r.SSS.Scale:1]]
[2020.03.19-11.23.11:304][  0]LogConfig: Setting CVar [[r.SSS.SampleSet:2]]
[2020.03.19-11.23.11:304][  0]LogConfig: Setting CVar [[r.SSS.Quality:1]]
[2020.03.19-11.23.11:304][  0]LogConfig: Setting CVar [[r.SSS.HalfRes:1]]
[2020.03.19-11.23.11:304][  0]LogConfig: Setting CVar [[r.EmitterSpawnRateScale:1.0]]
[2020.03.19-11.23.11:304][  0]LogConfig: Setting CVar [[r.ParticleLightQuality:2]]
[2020.03.19-11.23.11:304][  0]LogConfig: Applying CVar settings from Section [FoliageQuality@3] File [E:/Uni Stuff/Group Project/KV6002-Rogue-Like/RogueLike/Saved/Config/Windows/Scalability.ini]
[2020.03.19-11.23.11:304][  0]LogConfig: Setting CVar [[foliage.DensityScale:1.0]]
[2020.03.19-11.23.11:304][  0]LogConfig: Setting CVar [[grass.DensityScale:1.0]]
[2020.03.19-11.23.11:304][  0]LogConfig: Applying CVar settings from Section [Startup] File [../../../Engine/Config/ConsoleVariables.ini]
[2020.03.19-11.23.11:305][  0]LogConfig: Setting CVar [[net.UseAdaptiveNetUpdateFrequency:0]]
[2020.03.19-11.23.11:305][  0]LogConfig: Setting CVar [[p.chaos.AllowCreatePhysxBodies:1]]
[2020.03.19-11.23.11:305][  0]LogConfig: Applying CVar settings from Section [ConsoleVariables] File [E:/Uni Stuff/Group Project/KV6002-Rogue-Like/RogueLike/Saved/Config/Windows/Engine.ini]
[2020.03.19-11.23.11:305][  0]LogInit: Computer: NATHAN-PC
[2020.03.19-11.23.11:305][  0]LogInit: User: Nathan
[2020.03.19-11.23.11:305][  0]LogInit: CPU Page size=4096, Cores=4
[2020.03.19-11.23.11:305][  0]LogInit: High frequency timer resolution =10.000000 MHz
[2020.03.19-11.23.11:305][  0]LogMemory: Memory total: Physical=7.9GB (8GB approx)
[2020.03.19-11.23.11:305][  0]LogMemory: Platform Memory Stats for Windows
[2020.03.19-11.23.11:305][  0]LogMemory: Process Physical Memory: 100.10 MB used, 100.11 MB peak
[2020.03.19-11.23.11:305][  0]LogMemory: Process Virtual Memory: 88.12 MB used, 88.12 MB peak
[2020.03.19-11.23.11:305][  0]LogMemory: Physical Memory: 5237.47 MB used,  2851.41 MB free, 8088.89 MB total
[2020.03.19-11.23.11:305][  0]LogMemory: Virtual Memory: 4643.59 MB used,  134213088.00 MB free, 134217728.00 MB total
[2020.03.19-11.23.11:311][  0]LogWindows: WindowsPlatformFeatures enabled
[2020.03.19-11.23.11:343][  0]LogInit: Using OS detected language (en-GB).
[2020.03.19-11.23.11:343][  0]LogInit: Using OS detected locale (en-GB).
[2020.03.19-11.23.11:344][  0]LogTextLocalizationManager: No specific localization for 'en-GB' exists, so the 'en' localization will be used.
[2020.03.19-11.23.11:565][  0]LogInit: Setting process to per monitor DPI aware
[2020.03.19-11.23.11:617][  0]LogSlate: New Slate User Created.  User Index 0, Is Virtual User: 0
[2020.03.19-11.23.11:617][  0]LogSlate: Slate User Registered.  User Index 0, Is Virtual User: 0
[2020.03.19-11.23.11:802][  0]LogHMD: Failed to initialize OpenVR with code 110
[2020.03.19-11.23.11:802][  0]LogD3D11RHI: D3D11 adapters:
[2020.03.19-11.23.11:843][  0]LogD3D11RHI:    0. 'AMD Radeon R9 200 Series' (Feature Level 11_0)
[2020.03.19-11.23.11:844][  0]LogD3D11RHI:       2028/0/4044 MB DedicatedVideo/DedicatedSystem/SharedSystem, Outputs:1, VendorId:0x1002
[2020.03.19-11.23.11:852][  0]LogD3D11RHI:    1. 'Intel(R) HD Graphics 4600' (Feature Level 11_0)
[2020.03.19-11.23.11:852][  0]LogD3D11RHI:       112/0/2048 MB DedicatedVideo/DedicatedSystem/SharedSystem, Outputs:0, VendorId:0x8086
[2020.03.19-11.23.11:854][  0]LogD3D11RHI:    2. 'Microsoft Basic Render Driver' (Feature Level 11_0)
[2020.03.19-11.23.11:854][  0]LogD3D11RHI:       0/0/4044 MB DedicatedVideo/DedicatedSystem/SharedSystem, Outputs:0, VendorId:0x1414
[2020.03.19-11.23.11:854][  0]LogD3D11RHI: Chosen D3D11 Adapter: 0
[2020.03.19-11.23.11:861][  0]LogD3D11RHI: Creating new Direct3DDevice
[2020.03.19-11.23.11:862][  0]LogD3D11RHI:     GPU DeviceId: 0x6810 (for the marketing name, search the web for "GPU Device Id")
[2020.03.19-11.23.11:862][  0]LogWindows: EnumDisplayDevices:
[2020.03.19-11.23.11:862][  0]LogWindows:    0. 'AMD Radeon R9 200 Series' (P:1 D:1)
[2020.03.19-11.23.11:863][  0]LogWindows:    1. 'AMD Radeon R9 200 Series' (P:0 D:0)
[2020.03.19-11.23.11:864][  0]LogWindows:    2. 'AMD Radeon R9 200 Series' (P:0 D:0)
[2020.03.19-11.23.11:864][  0]LogWindows:    3. 'AMD Radeon R9 200 Series' (P:0 D:0)
[2020.03.19-11.23.11:865][  0]LogWindows:    4. 'AMD Radeon R9 200 Series' (P:0 D:0)
[2020.03.19-11.23.11:866][  0]LogWindows:    5. 'AMD Radeon R9 200 Series' (P:0 D:0)
[2020.03.19-11.23.11:867][  0]LogWindows:    6. 'AMD Radeon R9 200 Series' (P:0 D:0)
[2020.03.19-11.23.11:867][  0]LogWindows:    7. 'AMD Radeon R9 200 Series' (P:0 D:0)
[2020.03.19-11.23.11:868][  0]LogWindows:    8. 'Intel(R) HD Graphics 4600' (P:0 D:0)
[2020.03.19-11.23.11:869][  0]LogWindows:    9. 'Intel(R) HD Graphics 4600' (P:0 D:0)
[2020.03.19-11.23.11:869][  0]LogWindows:    10. 'Intel(R) HD Graphics 4600' (P:0 D:0)
[2020.03.19-11.23.11:870][  0]LogWindows: DebugString: PrimaryIsNotTheChoosenAdapter PrimaryIsNotTheChoosenAdapter PrimaryIsNotTheChoosenAdapter FoundDriverCount:8 
[2020.03.19-11.23.11:870][  0]LogD3D11RHI:     Adapter Name: AMD Radeon R9 200 Series
[2020.03.19-11.23.11:870][  0]LogD3D11RHI:   Driver Version: Adrenalin 19.20 (internal:26.20.12028.2, unified:26.20.12028.2)
[2020.03.19-11.23.11:870][  0]LogD3D11RHI:      Driver Date: 8-16-2019
[2020.03.19-11.23.11:870][  0]LogRHI: Texture pool is 1419 MB (70% of 2028 MB)
[2020.03.19-11.23.12:036][  0]LogD3D11RHI: Async texture creation enabled
[2020.03.19-11.23.12:048][  0]LogD3D11RHI: GPU Timing Frequency: 27.000000 (Debug: 2 1)
[2020.03.19-11.23.12:578][  0]LogTemp: Display: Module 'AllDesktopTargetPlatform' loaded TargetPlatform 'AllDesktop'
[2020.03.19-11.23.12:589][  0]LogTemp: Display: Module 'MacClientTargetPlatform' loaded TargetPlatform 'MacClient'
[2020.03.19-11.23.12:600][  0]LogTemp: Display: Module 'MacNoEditorTargetPlatform' loaded TargetPlatform 'MacNoEditor'
[2020.03.19-11.23.12:611][  0]LogTemp: Display: Module 'MacServerTargetPlatform' loaded TargetPlatform 'MacServer'
[2020.03.19-11.23.12:623][  0]LogTemp: Display: Module 'MacTargetPlatform' loaded TargetPlatform 'Mac'
[2020.03.19-11.23.12:634][  0]LogTemp: Display: Module 'WindowsClientTargetPlatform' loaded TargetPlatform 'WindowsClient'
[2020.03.19-11.23.12:645][  0]LogTemp: Display: Module 'WindowsNoEditorTargetPlatform' loaded TargetPlatform 'WindowsNoEditor'
[2020.03.19-11.23.12:657][  0]LogTemp: Display: Module 'WindowsServerTargetPlatform' loaded TargetPlatform 'WindowsServer'
[2020.03.19-11.23.12:663][  0]LogTemp: Display: Module 'WindowsTargetPlatform' loaded TargetPlatform 'Windows'
[2020.03.19-11.23.12:699][  0]LogTemp: Display: Module 'AndroidTargetPlatform' loaded TargetPlatform 'Android'
[2020.03.19-11.23.12:699][  0]LogTemp: Display: Module 'AndroidTargetPlatform' loaded TargetPlatform 'Android_ASTC'
[2020.03.19-11.23.12:699][  0]LogTemp: Display: Module 'AndroidTargetPlatform' loaded TargetPlatform 'Android_ATC'
[2020.03.19-11.23.12:699][  0]LogTemp: Display: Module 'AndroidTargetPlatform' loaded TargetPlatform 'Android_DXT'
[2020.03.19-11.23.12:699][  0]LogTemp: Display: Module 'AndroidTargetPlatform' loaded TargetPlatform 'Android_ETC1'
[2020.03.19-11.23.12:699][  0]LogTemp: Display: Module 'AndroidTargetPlatform' loaded TargetPlatform 'Android_ETC1a'
[2020.03.19-11.23.12:699][  0]LogTemp: Display: Module 'AndroidTargetPlatform' loaded TargetPlatform 'Android_ETC2'
[2020.03.19-11.23.12:699][  0]LogTemp: Display: Module 'AndroidTargetPlatform' loaded TargetPlatform 'Android_PVRTC'
[2020.03.19-11.23.12:699][  0]LogTemp: Display: Module 'AndroidTargetPlatform' loaded TargetPlatform 'AndroidClient'
[2020.03.19-11.23.12:699][  0]LogTemp: Display: Module 'AndroidTargetPlatform' loaded TargetPlatform 'Android_ASTCClient'
[2020.03.19-11.23.12:699][  0]LogTemp: Display: Module 'AndroidTargetPlatform' loaded TargetPlatform 'Android_ATCClient'
[2020.03.19-11.23.12:699][  0]LogTemp: Display: Module 'AndroidTargetPlatform' loaded TargetPlatform 'Android_DXTClient'
[2020.03.19-11.23.12:699][  0]LogTemp: Display: Module 'AndroidTargetPlatform' loaded TargetPlatform 'Android_ETC1Client'
[2020.03.19-11.23.12:699][  0]LogTemp: Display: Module 'AndroidTargetPlatform' loaded TargetPlatform 'Android_ETC1aClient'
[2020.03.19-11.23.12:699][  0]LogTemp: Display: Module 'AndroidTargetPlatform' loaded TargetPlatform 'Android_ETC2Client'
[2020.03.19-11.23.12:699][  0]LogTemp: Display: Module 'AndroidTargetPlatform' loaded TargetPlatform 'Android_PVRTCClient'
[2020.03.19-11.23.12:699][  0]LogTemp: Display: Module 'AndroidTargetPlatform' loaded TargetPlatform 'Android_Multi'
[2020.03.19-11.23.12:699][  0]LogTemp: Display: Module 'AndroidTargetPlatform' loaded TargetPlatform 'Android_MultiClient'
[2020.03.19-11.23.12:701][  0]LogTemp: Display: Module 'HTML5TargetPlatform' loaded TargetPlatform 'HTML5'
[2020.03.19-11.23.12:722][  0]LogTemp: Display: Module 'IOSTargetPlatform' loaded TargetPlatform 'IOSClient'
[2020.03.19-11.23.12:722][  0]LogTemp: Display: Module 'IOSTargetPlatform' loaded TargetPlatform 'IOS'
[2020.03.19-11.23.12:737][  0]LogTemp: Display: Module 'TVOSTargetPlatform' loaded TargetPlatform 'TVOSClient'
[2020.03.19-11.23.12:737][  0]LogTemp: Display: Module 'TVOSTargetPlatform' loaded TargetPlatform 'TVOS'
[2020.03.19-11.23.12:746][  0]LogTemp: Display: Module 'LinuxClientTargetPlatform' loaded TargetPlatform 'LinuxClient'
[2020.03.19-11.23.12:753][  0]LogTemp: Display: Module 'LinuxNoEditorTargetPlatform' loaded TargetPlatform 'LinuxNoEditor'
[2020.03.19-11.23.12:761][  0]LogTemp: Display: Module 'LinuxServerTargetPlatform' loaded TargetPlatform 'LinuxServer'
[2020.03.19-11.23.12:770][  0]LogTemp: Display: Module 'LinuxTargetPlatform' loaded TargetPlatform 'Linux'
[2020.03.19-11.23.12:798][  0]LogTemp: Display: Module 'LuminTargetPlatform' loaded TargetPlatform 'Lumin'
[2020.03.19-11.23.12:798][  0]LogTemp: Display: Module 'LuminTargetPlatform' loaded TargetPlatform 'LuminClient'
[2020.03.19-11.23.12:798][  0]LogTargetPlatformManager: Display: Building Assets For Windows
[2020.03.19-11.23.12:812][  0]LogAudioDebug: Display: Lib vorbis DLL was dynamically loaded.
[2020.03.19-11.23.12:887][  0]LogShaderCompilers: Guid format shader working directory is -9 characters bigger than the processId version (../../../../../Uni Stuff/Group Project/KV6002-Rogue-Like/RogueLike/Intermediate/Shaders/WorkingDirectory/7720/).
[2020.03.19-11.23.12:887][  0]LogShaderCompilers: Cleaned the shader compiler working directory 'C:/Users/Nathan.Nathan-PC/AppData/Local/Temp/UnrealShaderWorkingDir/FD0685914C837334D86F8B889FB6EC12/'.
[2020.03.19-11.23.12:891][  0]LogXGEController: Cannot use XGE Controller as Incredibuild is not installed on this machine.
[2020.03.19-11.23.12:891][  0]LogShaderCompilers: Cannot use XGE Shader Compiler as Incredibuild is not installed on this machine.
[2020.03.19-11.23.12:891][  0]LogShaderCompilers: Display: Using Local Shader Compiler.
[2020.03.19-11.23.13:592][  0]LogDerivedDataCache: Display: Max Cache Size: 512 MB
[2020.03.19-11.23.13:645][  0]LogDerivedDataCache: Loaded boot cache 0.05s 74MB C:/Users/Nathan.Nathan-PC/AppData/Local/UnrealEngine/4.23/DerivedDataCache/Boot.ddc.
[2020.03.19-11.23.13:646][  0]LogDerivedDataCache: Display: Loaded Boot cache: C:/Users/Nathan.Nathan-PC/AppData/Local/UnrealEngine/4.23/DerivedDataCache/Boot.ddc
[2020.03.19-11.23.13:646][  0]LogDerivedDataCache: FDerivedDataBackendGraph:  Pak pak cache file ../../../../../Uni Stuff/Group Project/KV6002-Rogue-Like/RogueLike/DerivedDataCache/DDC.ddp not found, will not use a pak cache.
[2020.03.19-11.23.13:646][  0]LogDerivedDataCache: Unable to find inner node Pak for hierarchical cache Hierarchy.
[2020.03.19-11.23.13:646][  0]LogDerivedDataCache: FDerivedDataBackendGraph:  CompressedPak pak cache file ../../../../../Uni Stuff/Group Project/KV6002-Rogue-Like/RogueLike/DerivedDataCache/Compressed.ddp not found, will not use a pak cache.
[2020.03.19-11.23.13:646][  0]LogDerivedDataCache: Unable to find inner node CompressedPak for hierarchical cache Hierarchy.
[2020.03.19-11.23.13:660][  0]LogDerivedDataCache: Display: Pak cache opened for reading ../../../Engine/DerivedDataCache/Compressed.ddp.
[2020.03.19-11.23.13:660][  0]LogDerivedDataCache: FDerivedDataBackendGraph:  EnterprisePak pak cache file ../../../Enterprise/DerivedDataCache/Compressed.ddp not found, will not use a pak cache.
[2020.03.19-11.23.13:660][  0]LogDerivedDataCache: Unable to find inner node EnterprisePak for hierarchical cache Hierarchy.
[2020.03.19-11.23.13:662][  0]LogDerivedDataCache: Using Local data cache path C:/Users/Nathan.Nathan-PC/AppData/Local/UnrealEngine/Common/DerivedDataCache: Writable
[2020.03.19-11.23.13:662][  0]LogDerivedDataCache: Shared data cache path not found in *engine.ini, will not use an Shared cache.
[2020.03.19-11.23.13:662][  0]LogDerivedDataCache: Unable to find inner node Shared for hierarchical cache Hierarchy.
[2020.03.19-11.23.13:686][  0]LogMaterial: Verifying Global Shaders for PCD3D_SM5
[2020.03.19-11.23.13:688][  0]LogSlate: Using FreeType 2.6.0
[2020.03.19-11.23.13:689][  0]LogSlate: SlateFontServices - WITH_FREETYPE: 1, WITH_HARFBUZZ: 1
[2020.03.19-11.23.13:755][  0]LogAssetRegistry: FAssetRegistry took 0.0025 seconds to start up
[2020.03.19-11.23.14:034][  0]LogInit: Selected Device Profile: [Windows]
[2020.03.19-11.23.14:207][  0]LogMeshReduction: Using QuadricMeshReduction for automatic static mesh reduction
[2020.03.19-11.23.14:207][  0]LogMeshReduction: Using SimplygonMeshReduction for automatic skeletal mesh reduction
[2020.03.19-11.23.14:207][  0]LogMeshReduction: Using ProxyLODMeshReduction for automatic mesh merging
[2020.03.19-11.23.14:207][  0]LogMeshReduction: No distributed automatic mesh merging module available
[2020.03.19-11.23.14:207][  0]LogMeshMerging: No distributed automatic mesh merging module available
[2020.03.19-11.23.14:216][  0]LogNetVersion: RogueLike 1.0.0, NetCL: 8386587, EngineNetVer: 11, GameNetVer: 0 (Checksum: 2801938545)
[2020.03.19-11.23.15:527][  0]LogPackageLocalizationCache: Processed 12 localized package path(s) for 1 prioritized culture(s) in 0.908383 seconds
[2020.03.19-11.23.15:542][  0]LogUObjectArray: 43444 objects as part of root set at end of initial load.
[2020.03.19-11.23.15:542][  0]LogUObjectAllocator: 7548648 out of 0 bytes used by permanent object pool.
[2020.03.19-11.23.15:542][  0]LogUObjectArray: CloseDisregardForGC: 0/0 objects in disregard for GC pool
[2020.03.19-11.23.16:636][  0]LogTcpMessaging: Initializing TcpMessaging bridge
[2020.03.19-11.23.16:640][  0]LogUdpMessaging: Initializing bridge on interface 0.0.0.0:0 to multicast group 230.0.0.1:6666.
[2020.03.19-11.23.16:734][  0]SourceControl: Source control is disabled
[2020.03.19-11.23.16:734][  0]SourceControl: Source control is disabled
[2020.03.19-11.23.16:737][  0]SourceControl: Source control is disabled
[2020.03.19-11.23.16:740][  0]SourceControl: Source control is disabled
[2020.03.19-11.23.16:949][  0]LogAndroidPermission: UAndroidPermissionCallbackProxy::GetInstance
[2020.03.19-11.23.17:310][  0]LogOcInput: OculusInput pre-init called
[2020.03.19-11.23.17:317][  0]LogWindows: Failed to load 'OVRPlugin.dll' (GetLastError=126)
[2020.03.19-11.23.17:317][  0]LogWindows: File 'OVRPlugin.dll' does not exist
[2020.03.19-11.23.17:401][  0]LogEngine: Initializing Engine...
[2020.03.19-11.23.17:402][  0]LogHMD: Failed to initialize OpenVR with code 110
[2020.03.19-11.23.17:403][  0]LogStats: UGameplayTagsManager::InitializeManager -  0.000 s
[2020.03.19-11.23.17:654][  0]LogInit: Initializing FReadOnlyCVARCache
[2020.03.19-11.23.17:676][  0]LogAIModule: Creating AISystem for world Untitled
[2020.03.19-11.23.17:729][  0]LogInit: XAudio2 using 'Headphones (Arctis 5 Game)' : 2 channels at 48 kHz using 16 bits per sample (channel mask 0x3)
[2020.03.19-11.23.17:751][  0]LogInit: FAudioDevice initialized.
[2020.03.19-11.23.17:751][  0]LogNetVersion: Set ProjectVersion to 1.0.0.0. Version Checksum will be recalculated on next use.
[2020.03.19-11.23.17:943][  0]LogDerivedDataCache: Saved boot cache 0.19s 74MB C:/Users/Nathan.Nathan-PC/AppData/Local/UnrealEngine/4.23/DerivedDataCache/Boot.ddc.
[2020.03.19-11.23.17:947][  0]LogInit: Texture streaming: Enabled
[2020.03.19-11.23.17:979][  0]LogEngineSessionManager: EngineSessionManager initialized
[2020.03.19-11.23.17:979][  0]LogEditorSessionSummary: Verbose: Initializing EditorSessionSummaryWriter for editor session tracking
[2020.03.19-11.23.17:985][  0]LogEditorSessionSummary: EditorSessionSummaryWriter initialized
[2020.03.19-11.23.18:921][  0]LogInit: Transaction tracking system initialized
[2020.03.19-11.23.18:990][  0]BlueprintLog: New page: Editor Load
[2020.03.19-11.23.19:148][  0]LocalizationService: Localization service is disabled
[2020.03.19-11.23.19:408][  0]LogCook: Display: Max memory allowance for cook 16384mb min free memory 0mb
[2020.03.19-11.23.19:408][  0]LogCook: Display: Mobile HDR setting 1
[2020.03.19-11.23.19:626][  0]LogFileCache: Scanning file cache for directory 'E:/Uni Stuff/Group Project/KV6002-Rogue-Like/RogueLike/Content/' took 0.01s
[2020.03.19-11.23.19:626][  0]SourceControl: Source control is disabled
[2020.03.19-11.23.19:626][  0]Cmd: MAP LOAD FILE="../../../../../Uni Stuff/Group Project/KV6002-Rogue-Like/RogueLike/Content/TopDownBP/Maps/TopDownExampleMap.umap" TEMPLATE=0 SHOWPROGRESS=1 FEATURELEVEL=3
[2020.03.19-11.23.19:707][  0]LightingResults: New page: Lighting Build
[2020.03.19-11.23.19:712][  0]LogWorld: UWorld::CleanupWorld for Untitled, bSessionEnded=true, bCleanupResources=true
[2020.03.19-11.23.19:712][  0]MapCheck: New page: Map Check
[2020.03.19-11.23.19:712][  0]LightingResults: New page: Lighting Build
[2020.03.19-11.23.19:738][  0]LogUObjectHash: Compacting FUObjectHashTables data took   2.17ms
[2020.03.19-11.23.20:859][  0]LogLinker: Warning: While loading '../../../../../Uni Stuff/Group Project/KV6002-Rogue-Like/RogueLike/Content/Assets/Models/Armor/SM_BreastPlate.uasset' failed to load '/Game/Models/Armor/Materials/M_BreastPlate': Can't find file.
[2020.03.19-11.23.20:859][  0]LogLinker: Warning: While loading '../../../../../Uni Stuff/Group Project/KV6002-Rogue-Like/RogueLike/Content/Assets/Models/Armor/SM_BreastPlate.uasset' failed to load '/Game/Models/Armor/Materials/M_BreastPlate': Can't find file.
[2020.03.19-11.23.20:859][  0]LogLinker: Warning: While loading '../../../../../Uni Stuff/Group Project/KV6002-Rogue-Like/RogueLike/Content/Assets/Models/Armor/SM_BreastPlate.uasset' failed to load '/Game/Models/Armor/Materials/M_BreastPlate': Can't find file.
[2020.03.19-11.23.20:859][  0]LogLinker: Warning: While loading '../../../../../Uni Stuff/Group Project/KV6002-Rogue-Like/RogueLike/Content/Assets/Models/Armor/SM_BreastPlate.uasset' failed to load '/Game/Models/Armor/Materials/M_BreastPlate': Can't find file.
[2020.03.19-11.23.20:949][  0]LogLinker: Warning: While loading '../../../../../Uni Stuff/Group Project/KV6002-Rogue-Like/RogueLike/Content/Assets/Models/Weapons/SM_Longsword.uasset' failed to load '/Game/Models/Weapons/Materials/M_Hilt': Can't find file.
[2020.03.19-11.23.20:949][  0]LogLinker: Warning: While loading '../../../../../Uni Stuff/Group Project/KV6002-Rogue-Like/RogueLike/Content/Assets/Models/Weapons/SM_Longsword.uasset' failed to load '/Game/Models/Weapons/Materials/M_Hilt': Can't find file.
[2020.03.19-11.23.20:949][  0]LogLinker: Warning: While loading '../../../../../Uni Stuff/Group Project/KV6002-Rogue-Like/RogueLike/Content/Assets/Models/Weapons/SM_Longsword.uasset' failed to load '/Game/Models/Weapons/Materials/M_SwordHiltGuard': Can't find file.
[2020.03.19-11.23.20:949][  0]LogLinker: Warning: While loading '../../../../../Uni Stuff/Group Project/KV6002-Rogue-Like/RogueLike/Content/Assets/Models/Weapons/SM_Longsword.uasset' failed to load '/Game/Models/Weapons/Materials/M_SwordHiltGuard': Can't find file.
[2020.03.19-11.23.20:949][  0]LogLinker: Warning: While loading '../../../../../Uni Stuff/Group Project/KV6002-Rogue-Like/RogueLike/Content/Assets/Models/Weapons/SM_Longsword.uasset' failed to load '/Game/Models/Weapons/Materials/M_SwordMetal': Can't find file.
[2020.03.19-11.23.20:949][  0]LogLinker: Warning: While loading '../../../../../Uni Stuff/Group Project/KV6002-Rogue-Like/RogueLike/Content/Assets/Models/Weapons/SM_Longsword.uasset' failed to load '/Game/Models/Weapons/Materials/M_SwordMetal': Can't find file.
[2020.03.19-11.23.20:950][  0]LogLinker: Warning: While loading '../../../../../Uni Stuff/Group Project/KV6002-Rogue-Like/RogueLike/Content/Assets/Models/Weapons/SM_Longsword.uasset' failed to load '/Game/Models/Weapons/Materials/M_Hilt': Can't find file.
[2020.03.19-11.23.20:950][  0]LogLinker: Warning: While loading '../../../../../Uni Stuff/Group Project/KV6002-Rogue-Like/RogueLike/Content/Assets/Models/Weapons/SM_Longsword.uasset' failed to load '/Game/Models/Weapons/Materials/M_Hilt': Can't find file.
[2020.03.19-11.23.20:950][  0]LogLinker: Warning: While loading '../../../../../Uni Stuff/Group Project/KV6002-Rogue-Like/RogueLike/Content/Assets/Models/Weapons/SM_Longsword.uasset' failed to load '/Game/Models/Weapons/Materials/M_SwordHiltGuard': Can't find file.
[2020.03.19-11.23.20:950][  0]LogLinker: Warning: While loading '../../../../../Uni Stuff/Group Project/KV6002-Rogue-Like/RogueLike/Content/Assets/Models/Weapons/SM_Longsword.uasset' failed to load '/Game/Models/Weapons/Materials/M_SwordHiltGuard': Can't find file.
[2020.03.19-11.23.20:950][  0]LogLinker: Warning: While loading '../../../../../Uni Stuff/Group Project/KV6002-Rogue-Like/RogueLike/Content/Assets/Models/Weapons/SM_Longsword.uasset' failed to load '/Game/Models/Weapons/Materials/M_SwordMetal': Can't find file.
[2020.03.19-11.23.20:950][  0]LogLinker: Warning: While loading '../../../../../Uni Stuff/Group Project/KV6002-Rogue-Like/RogueLike/Content/Assets/Models/Weapons/SM_Longsword.uasset' failed to load '/Game/Models/Weapons/Materials/M_SwordMetal': Can't find file.
[2020.03.19-11.23.21:058][  0]LogLinker: Warning: While loading '../../../../../Uni Stuff/Group Project/KV6002-Rogue-Like/RogueLike/Content/Assets/Models/Armor/SM_BreastPlate.uasset' failed to load '/Game/Models/Armor/Materials/M_BreastPlate': Can't find file.
[2020.03.19-11.23.21:058][  0]LoadErrors: Failed to load /Game/Models/Armor/Materials/M_BreastPlate.M_BreastPlate Referenced by SM_BreastPlate
[2020.03.19-11.23.21:058][  0]LogLinker: Warning: While loading '../../../../../Uni Stuff/Group Project/KV6002-Rogue-Like/RogueLike/Content/Assets/Models/Armor/SM_BreastPlate.uasset' failed to load '/Game/Models/Armor/Materials/M_BreastPlate': Can't find file.
[2020.03.19-11.23.21:058][  0]LoadErrors: Failed to load /Game/Models/Armor/Materials/M_BreastPlate.M_BreastPlate Referenced by SM_BreastPlate
[2020.03.19-11.23.21:212][  0]LogLinker: Warning: While loading '../../../../../Uni Stuff/Group Project/KV6002-Rogue-Like/RogueLike/Content/Assets/Models/Weapons/SM_Longsword.uasset' failed to load '/Game/Models/Weapons/Materials/M_SwordHiltGuard': Can't find file.
[2020.03.19-11.23.21:212][  0]LoadErrors: Failed to load /Game/Models/Weapons/Materials/M_SwordHiltGuard.M_SwordHiltGuard Referenced by SM_Longsword
[2020.03.19-11.23.21:213][  0]LogLinker: Warning: While loading '../../../../../Uni Stuff/Group Project/KV6002-Rogue-Like/RogueLike/Content/Assets/Models/Weapons/SM_Longsword.uasset' failed to load '/Game/Models/Weapons/Materials/M_SwordHiltGuard': Can't find file.
[2020.03.19-11.23.21:213][  0]LoadErrors: Failed to load /Game/Models/Weapons/Materials/M_SwordHiltGuard.M_SwordHiltGuard Referenced by SM_Longsword
[2020.03.19-11.23.21:213][  0]LogLinker: Warning: While loading '../../../../../Uni Stuff/Group Project/KV6002-Rogue-Like/RogueLike/Content/Assets/Models/Weapons/SM_Longsword.uasset' failed to load '/Game/Models/Weapons/Materials/M_SwordMetal': Can't find file.
[2020.03.19-11.23.21:213][  0]LoadErrors: Failed to load /Game/Models/Weapons/Materials/M_SwordMetal.M_SwordMetal Referenced by SM_Longsword
[2020.03.19-11.23.21:213][  0]LogLinker: Warning: While loading '../../../../../Uni Stuff/Group Project/KV6002-Rogue-Like/RogueLike/Content/Assets/Models/Weapons/SM_Longsword.uasset' failed to load '/Game/Models/Weapons/Materials/M_SwordMetal': Can't find file.
[2020.03.19-11.23.21:213][  0]LoadErrors: Failed to load /Game/Models/Weapons/Materials/M_SwordMetal.M_SwordMetal Referenced by SM_Longsword
[2020.03.19-11.23.21:213][  0]LogLinker: Warning: While loading '../../../../../Uni Stuff/Group Project/KV6002-Rogue-Like/RogueLike/Content/Assets/Models/Weapons/SM_Longsword.uasset' failed to load '/Game/Models/Weapons/Materials/M_Hilt': Can't find file.
[2020.03.19-11.23.21:213][  0]LoadErrors: Failed to load /Game/Models/Weapons/Materials/M_Hilt.M_Hilt Referenced by SM_Longsword
[2020.03.19-11.23.21:213][  0]LogLinker: Warning: While loading '../../../../../Uni Stuff/Group Project/KV6002-Rogue-Like/RogueLike/Content/Assets/Models/Weapons/SM_Longsword.uasset' failed to load '/Game/Models/Weapons/Materials/M_Hilt': Can't find file.
[2020.03.19-11.23.21:213][  0]LoadErrors: Failed to load /Game/Models/Weapons/Materials/M_Hilt.M_Hilt Referenced by SM_Longsword
[2020.03.19-11.23.22:291][  0]LogTexture: Display: Building textures: 22 (BGRA8, 524X505)
[2020.03.19-11.23.22:291][  0]LogTexture: Display: Building textures: 28 (BGRA8, 524X499)
[2020.03.19-11.23.22:291][  0]LogStaticMesh: Building static mesh SM_Longsword...
[2020.03.19-11.23.22:357][  0]LogStaticMesh: Built static mesh [0.07s] /Game/Assets/Models/Weapons/SM_Longsword.SM_Longsword
[2020.03.19-11.23.22:388][  0]LogStaticMesh: Building static mesh SM_BreastPlate...
[2020.03.19-11.23.22:397][  0]LogStaticMesh: Built static mesh [0.01s] /Game/Assets/Models/Armor/SM_BreastPlate.SM_BreastPlate
[2020.03.19-11.23.22:762][  0]LogMaterial: Display: Missing cached shader map for material M_InteractHighlight, compiling. 
[2020.03.19-11.23.22:784][  0]LogMaterial: Display: Missing cached shader map for material M_SwordMetal, compiling. 
[2020.03.19-11.23.22:832][  0]LogShaderCompilers: Display: Worker (1/3): shaders left to compile 8
[2020.03.19-11.23.22:832][  0]LogShaderCompilers: Display: Worker (2/3): shaders left to compile 5
[2020.03.19-11.23.22:832][  0]LogShaderCompilers: Display: Worker (3/3): shaders left to compile 2
[2020.03.19-11.23.22:832][  0]LogMaterial: Display: Missing cached shader map for material M_SwordHiltGuard, compiling. 
[2020.03.19-11.23.22:850][  0]LogMaterial: Display: Missing cached shader map for material M_Hilt, compiling. 
[2020.03.19-11.23.23:172][  0]LogMaterial: Display: Missing cached shader map for material M_BreastPlate, compiling. 
[2020.03.19-11.23.23:461][  0]LogAIModule: Creating AISystem for world TopDownExampleMap
[2020.03.19-11.23.23:471][  0]LogEditorServer: Finished looking for orphan Actors (0.000 secs)
[2020.03.19-11.23.23:539][  0]LogUObjectHash: Compacting FUObjectHashTables data took   3.09ms
[2020.03.19-11.23.23:540][  0]Cmd: MAP CHECKDEP NOCLEARLOG
[2020.03.19-11.23.23:540][  0]MapCheck: Map check complete: 0 Error(s), 0 Warning(s), took 0.1ms to complete.
[2020.03.19-11.23.23:540][  0]LogFileHelpers: Loading map 'TopDownExampleMap' took 3.914
[2020.03.19-11.23.23:826][  0]LogSlate: Updating window title bar state: overlay mode, drag disabled, window buttons hidden, title bar hidden
[2020.03.19-11.23.23:833][  0]LogSlate: Updating window title bar state: overlay mode, drag disabled, window buttons hidden, title bar hidden
[2020.03.19-11.23.23:841][  0]LogSlate: Updating window title bar state: overlay mode, drag disabled, window buttons hidden, title bar hidden
[2020.03.19-11.23.23:848][  0]LogSlate: Updating window title bar state: overlay mode, drag disabled, window buttons hidden, title bar hidden
[2020.03.19-11.23.23:910][  0]LogCollectionManager: Loaded 0 collections in 0.003213 seconds
[2020.03.19-11.23.23:942][  0]LogFileCache: Scanning file cache for directory 'E:/Uni Stuff/Group Project/KV6002-Rogue-Like/RogueLike/Saved/Collections/' took 0.00s
[2020.03.19-11.23.23:942][  0]LogFileCache: Scanning file cache for directory 'E:/Uni Stuff/Group Project/KV6002-Rogue-Like/RogueLike/Content/Developers/Nathan/Collections/' took 0.00s
[2020.03.19-11.23.23:942][  0]LogFileCache: Scanning file cache for directory 'E:/Uni Stuff/Group Project/KV6002-Rogue-Like/RogueLike/Content/Collections/' took 0.00s
[2020.03.19-11.23.23:942][  0]LogCollectionManager: Rebuilt the GUID cache for 0 collections in 0.000002 seconds
[2020.03.19-11.23.23:951][  0]LogContentBrowser: Native class hierarchy populated in 0.0086 seconds. Added 2863 classes and 680 folders.
[2020.03.19-11.23.23:960][  0]LogContentBrowser: Native class hierarchy updated for 'WidgetCarousel' in 0.0002 seconds. Added 0 classes and 0 folders.
[2020.03.19-11.23.25:015][  0]LogContentBrowser: Native class hierarchy updated for 'AddContentDialog' in 0.0002 seconds. Added 0 classes and 0 folders.
[2020.03.19-11.23.25:659][  0]LogContentBrowser: Native class hierarchy updated for 'SceneOutliner' in 0.0003 seconds. Added 1 classes and 2 folders.
[2020.03.19-11.23.25:676][  0]LogSlate: Took 0.000156 seconds to synchronously load lazily loaded font '../../../Engine/Content/Slate/Fonts/Roboto-Regular.ttf' (155K)
[2020.03.19-11.23.25:677][  0]LogSlate: Took 0.000149 seconds to synchronously load lazily loaded font '../../../Engine/Content/Slate/Fonts/Roboto-Bold.ttf' (160K)
[2020.03.19-11.23.25:706][  0]LogSlate: Took 0.024816 seconds to synchronously load lazily loaded font '../../../Engine/Content/Editor/Slate/Fonts/FontAwesome.ttf' (139K)
[2020.03.19-11.23.25:913][  0]LogRenderer: Reallocating scene render targets to support 1208x572 Format 10 NumSamples 1 (Frame:1).
[2020.03.19-11.23.26:316][  0]LogSlate: FSceneViewport::OnFocusLost() reason 5
[2020.03.19-11.23.26:390][  0]LogSlate: Window 'Tutorials' being destroyed
[2020.03.19-11.23.26:402][  0]LogContentBrowser: Native class hierarchy updated for 'HierarchicalLODOutliner' in 0.0002 seconds. Added 0 classes and 0 folders.
[2020.03.19-11.23.26:402][  0]LogLoad: (Engine Initialization) Total time: 16.96 seconds
[2020.03.19-11.23.26:402][  0]LogLoad: (Engine Initialization) Total Blueprint compile time: 0.00 seconds
[2020.03.19-11.23.26:462][  0]LogContentStreaming: Texture pool size now 1000 MB
[2020.03.19-11.23.26:465][  0]LogSlate: FSceneViewport::OnFocusLost() reason 5
[2020.03.19-11.23.26:605][  0]LogSlate: Took 0.040682 seconds to synchronously load lazily loaded font '../../../Engine/Content/Slate/Fonts/Roboto-Light.ttf' (167K)
[2020.03.19-11.23.26:644][  1]LogAssetRegistry: Asset discovery search completed in 12.8901 seconds
[2020.03.19-11.23.26:647][  1]LogCollectionManager: Rebuilt the object cache for 0 collections in 0.000004 seconds (found 0 objects)
[2020.03.19-11.23.26:647][  1]LogCollectionManager: Fixed up redirectors for 0 collections in 0.000056 seconds (updated 0 objects)
[2020.03.19-11.23.29:254][243]LogShaderCompilers: Display: Worker (3/3): shaders left to compile 88
[2020.03.19-11.23.30:561][356]LogShaderCompilers: Display: Worker (1/3): shaders left to compile 78
[2020.03.19-11.23.30:740][369]LogShaderCompilers: Display: Worker (2/3): shaders left to compile 68
[2020.03.19-11.23.36:310][780]LogShaderCompilers: Display: Worker (3/3): shaders left to compile 58
[2020.03.19-11.23.36:628][808]LogShaderCompilers: Display: Worker (2/3): shaders left to compile 48
[2020.03.19-11.23.44:328][521]LogShaderCompilers: Display: Worker (1/3): shaders left to compile 38
[2020.03.19-11.23.46:854][759]LogShaderCompilers: Display: Worker (2/3): shaders left to compile 28
[2020.03.19-11.23.48:738][937]LogSlate: Window 'Message Log' being destroyed
[2020.03.19-11.23.48:744][937]LogSlate: Window 'Message Log' being destroyed
[2020.03.19-11.23.51:401][183]LogShaderCompilers: Display: Worker (3/3): shaders left to compile 18
[2020.03.19-11.23.53:666][396]LogSlate: FSceneViewport::OnFocusLost() reason 0
[2020.03.19-11.23.53:737][404]LogTemp: Repeating last play command: Selected Viewport
[2020.03.19-11.23.53:755][404]LogBlueprintUserMessages: Early PlayInEditor Detection: Level '/Game/TopDownBP/Maps/TopDownExampleMap.TopDownExampleMap:PersistentLevel' has LevelScriptBlueprint '/Game/TopDownBP/Maps/TopDownExampleMap.TopDownExampleMap:PersistentLevel.TopDownExampleMap' with GeneratedClass '/Game/TopDownBP/Maps/TopDownExampleMap.TopDownExampleMap_C' with ClassGeneratedBy '/Game/TopDownBP/Maps/TopDownExampleMap.TopDownExampleMap:PersistentLevel.TopDownExampleMap'
[2020.03.19-11.23.53:755][404]LogPlayLevel: PlayLevel: No blueprints needed recompiling
[2020.03.19-11.23.53:755][404]PIE: New page: PIE session: TopDownExampleMap (19 Mar 2020 11:23:53)
[2020.03.19-11.23.53:756][404]LogOnline: OSS: Creating online subsystem instance for: NULL
[2020.03.19-11.23.53:757][404]LogPlayLevel: Creating play world package: /Game/TopDownBP/Maps/UEDPIE_0_TopDownExampleMap
[2020.03.19-11.23.53:777][404]LogPlayLevel: PIE: StaticDuplicateObject took: (0.020083s)
[2020.03.19-11.23.53:779][404]LogAIModule: Creating AISystem for world TopDownExampleMap
[2020.03.19-11.23.53:779][404]LogPlayLevel: PIE: World Init took: (0.001672s)
[2020.03.19-11.23.53:779][404]LogPlayLevel: PIE: Created PIE world by copying editor world from /Game/TopDownBP/Maps/TopDownExampleMap.TopDownExampleMap to /Game/TopDownBP/Maps/UEDPIE_0_TopDownExampleMap.TopDownExampleMap (0.022042s)
[2020.03.19-11.23.53:802][404]LogUObjectHash: Compacting FUObjectHashTables data took   1.66ms
[2020.03.19-11.23.53:831][404]LogInit: XAudio2 using 'Headphones (Arctis 5 Game)' : 2 channels at 48 kHz using 16 bits per sample (channel mask 0x3)
[2020.03.19-11.23.53:846][404]LogInit: FAudioDevice initialized.
[2020.03.19-11.23.53:854][404]LogLoad: Game class is 'TopDownGameMode_C'
[2020.03.19-11.23.53:857][404]LogWorld: Bringing World /Game/TopDownBP/Maps/UEDPIE_0_TopDownExampleMap.TopDownExampleMap up for play (max tick rate 0) at 2020.03.19-11.23.53
[2020.03.19-11.23.53:857][404]LogWorld: Bringing up level for play took: 0.002423
[2020.03.19-11.23.53:858][404]LogOnline: OSS: Creating online subsystem instance for: :Context_1
[2020.03.19-11.23.53:868][404]LogContentBrowser: Native class hierarchy updated for 'MovieSceneCapture' in 0.0003 seconds. Added 20 classes and 0 folders.
[2020.03.19-11.23.53:871][404]PIE: Play in editor start time for /Game/TopDownBP/Maps/UEDPIE_0_TopDownExampleMap -0.844
[2020.03.19-11.23.53:871][404]LogBlueprintUserMessages: Late PlayInEditor Detection: Level '/Game/TopDownBP/Maps/TopDownExampleMap.TopDownExampleMap:PersistentLevel' has LevelScriptBlueprint '/Game/TopDownBP/Maps/TopDownExampleMap.TopDownExampleMap:PersistentLevel.TopDownExampleMap' with GeneratedClass '/Game/TopDownBP/Maps/TopDownExampleMap.TopDownExampleMap_C' with ClassGeneratedBy '/Game/TopDownBP/Maps/TopDownExampleMap.TopDownExampleMap:PersistentLevel.TopDownExampleMap'
[2020.03.19-11.23.56:204][612]LogShaderCompilers: Display: Worker (1/3): shaders left to compile 11
[2020.03.19-11.23.56:955][681]LogShaderCompilers: Display: Worker (2/3): shaders left to compile 7
[2020.03.19-11.23.58:268][808]LogShaderCompilers: Display: Worker (3/3): shaders left to compile 4
[2020.03.19-11.23.58:622][838]LogPlayerController: Error: InputMode:UIOnly - Attempting to focus Non-Focusable widget SObjectWidget [Widget.cpp(723)]!
[2020.03.19-11.24.00:498][  7]LogShaderCompilers: Display: Worker (2/3): shaders left to compile 2
[2020.03.19-11.24.00:555][ 13]LogSlate: FSceneViewport::OnFocusLost() reason 0
[2020.03.19-11.24.00:628][ 20]LogShaderCompilers: Display: Worker (3/3): shaders left to compile 1
[2020.03.19-11.24.00:638][ 20]LogSlate: Updating window title bar state: overlay mode, drag disabled, window buttons hidden, title bar hidden
[2020.03.19-11.24.02:417][200]LogBlueprintUserMessages: Early EndPlayMap Detection: Level '/Game/TopDownBP/Maps/TopDownExampleMap.TopDownExampleMap:PersistentLevel' has LevelScriptBlueprint '/Game/TopDownBP/Maps/TopDownExampleMap.TopDownExampleMap:PersistentLevel.TopDownExampleMap' with GeneratedClass '/Game/TopDownBP/Maps/TopDownExampleMap.TopDownExampleMap_C' with ClassGeneratedBy '/Game/TopDownBP/Maps/TopDownExampleMap.TopDownExampleMap:PersistentLevel.TopDownExampleMap'
[2020.03.19-11.24.02:417][200]LogSlate: Updating window title bar state: overlay mode, drag disabled, window buttons hidden, title bar hidden
[2020.03.19-11.24.02:417][200]LogWorld: BeginTearingDown for /Game/TopDownBP/Maps/UEDPIE_0_TopDownExampleMap
[2020.03.19-11.24.02:417][200]LogWorld: UWorld::CleanupWorld for TopDownExampleMap, bSessionEnded=true, bCleanupResources=true
[2020.03.19-11.24.02:430][200]LogPlayLevel: Display: Shutting down PIE online subsystems
[2020.03.19-11.24.02:430][200]LogBlueprintUserMessages: Late EndPlayMap Detection: Level '/Game/TopDownBP/Maps/TopDownExampleMap.TopDownExampleMap:PersistentLevel' has LevelScriptBlueprint '/Game/TopDownBP/Maps/TopDownExampleMap.TopDownExampleMap:PersistentLevel.TopDownExampleMap' with GeneratedClass '/Game/TopDownBP/Maps/TopDownExampleMap.TopDownExampleMap_C' with ClassGeneratedBy '/Game/TopDownBP/Maps/TopDownExampleMap.TopDownExampleMap:PersistentLevel.TopDownExampleMap'
[2020.03.19-11.24.02:460][200]LogSlate: Updating window title bar state: overlay mode, drag disabled, window buttons hidden, title bar hidden
[2020.03.19-11.24.02:462][200]LogUObjectHash: Compacting FUObjectHashTables data took   1.63ms
[2020.03.19-11.24.02:520][204]LogPlayLevel: Display: Destroying online subsystem :Context_1
[2020.03.19-11.24.24:161][297]LogSlate: FSceneViewport::OnFocusLost() reason 0
[2020.03.19-11.24.24:417][297]LogSlate: Took 0.000198 seconds to synchronously load lazily loaded font '../../../Engine/Content/Slate/Fonts/Roboto-Light.ttf' (167K)
[2020.03.19-11.24.24:428][297]LogAssetEditorManager: Opening Asset editor for Blueprint /Game/TopDownBP/test.test
[2020.03.19-11.24.24:705][297]LogContentBrowser: Native class hierarchy updated for 'BlueprintGraph' in 0.0005 seconds. Added 121 classes and 0 folders.
[2020.03.19-11.24.26:337][297]LogSlate: Took 0.042503 seconds to synchronously load lazily loaded font '../../../Engine/Content/Slate/Fonts/Roboto-BoldCondensed.ttf' (158K)
[2020.03.19-11.24.26:441][298]LogSlate: Took 0.018550 seconds to synchronously load lazily loaded font '../../../Engine/Content/Slate/Fonts/Roboto-Italic.ttf' (157K)
[2020.03.19-11.26.13:432][895]Cmd: OBJ SAVEPACKAGE PACKAGE="/Game/TopDownBP/test" FILE="../../../../../Uni Stuff/Group Project/KV6002-Rogue-Like/RogueLike/Content/TopDownBP/test.uasset" SILENT=true
[2020.03.19-11.26.13:484][895]LogSavePackage: Moving '../../../../../Uni Stuff/Group Project/KV6002-Rogue-Like/RogueLike/Saved/test6D9778114D9BB479A0501480130EB55A.tmp' to '../../../../../Uni Stuff/Group Project/KV6002-Rogue-Like/RogueLike/Content/TopDownBP/test.uasset'
[2020.03.19-11.26.15:329][ 66]LogSlate: Window 'test' being destroyed
[2020.03.19-11.26.15:343][ 66]LogSlate: Window 'test' being destroyed
[2020.03.19-11.26.15:361][ 66]LogWorld: UWorld::CleanupWorld for World_0, bSessionEnded=true, bCleanupResources=true
